[0.000,0] NosuchDebugInit: Level=0 Cursor=0 Param=0 API=0
[0.000,0] NosuchDebugInit: Level=0 Cursor=0 Param=0 API=0
[0.000,0] Using configfile=C:\Users\tjt\Github\palette\data_omnisphere\config\ffgl.json
[0.000,0] Loading config=C:\Users\tjt\Github\palette\data_omnisphere\config\ffgl.json
[0.000,0] LoadPaletteConfig start
[0.001,0] NosuchDebugLevel = 0
[0.000,0] NosuchDebugInit: Level=0 Cursor=0 Param=0 API=0
[0.000,0] NosuchDebugInit: Level=0 Cursor=0 Param=0 API=0
[0.000,0] Using configfile=C:\Users\tjt\Github\palette\data_omnisphere\config\ffgl.json
[0.000,0] Loading config=C:\Users\tjt\Github\palette\data_omnisphere\config\ffgl.json
[0.000,0] LoadPaletteConfig start
[0.000,0] NosuchDebugLevel = 0
[1.105,0] NosuchDebugInit: Level=0 Cursor=1 Param=1 API=1
[1.106,0] Using configfile=C:\Users\tjt\Github\palette\data_omnisphere\config\ffgl.json
[1.106,0] Loading config=C:\Users\tjt\Github\palette\data_omnisphere\config\ffgl.json
[1.106,0] LoadPaletteConfig start
[1.106,0] NosuchDebugLevel = 0
[1.108,0] Palette.InitGL: x,y=0,0 w,h=1920,1080
[1.109,0] PaletteHost::SetOscPort: PaletteDaemon is listening on port=3334
[1.111,0] NosuchDebugInit: Level=0 Cursor=1 Param=1 API=1
[1.111,0] Using configfile=C:\Users\tjt\Github\palette\data_omnisphere\config\ffgl.json
[1.111,0] Loading config=C:\Users\tjt\Github\palette\data_omnisphere\config\ffgl.json
[1.112,0] LoadPaletteConfig start
[1.112,0] NosuchDebugLevel = 0
[1.112,0] Palette.InitGL: x,y=0,0 w,h=1920,1080
[1.112,0] PaletteHost::SetOscPort: PaletteDaemon is listening on port=3335
[1.114,0] NosuchDebugInit: Level=0 Cursor=1 Param=1 API=1
[1.114,0] Using configfile=C:\Users\tjt\Github\palette\data_omnisphere\config\ffgl.json
[1.114,0] Loading config=C:\Users\tjt\Github\palette\data_omnisphere\config\ffgl.json
[1.115,0] LoadPaletteConfig start
[1.115,0] NosuchDebugLevel = 0
[1.115,0] Palette.InitGL: x,y=0,0 w,h=1920,1080
[1.115,0] PaletteHost::SetOscPort: PaletteDaemon is listening on port=3336
[1.116,0] NosuchDebugInit: Level=0 Cursor=1 Param=1 API=1
[1.116,0] Using configfile=C:\Users\tjt\Github\palette\data_omnisphere\config\ffgl.json
[1.117,0] Loading config=C:\Users\tjt\Github\palette\data_omnisphere\config\ffgl.json
[1.117,0] LoadPaletteConfig start
[1.117,0] NosuchDebugLevel = 0
[1.117,0] Palette.InitGL: x,y=0,0 w,h=1920,1080
[1.117,0] PaletteHost::SetOscPort: PaletteDaemon is listening on port=3337
