{"uptime":"0.000000","msg":"InitLog ==============================","date":"2024-06-04-19-05-23","logname":"palette","click":0,"loglevel":"info"}
{"uptime":"0.001000","msg":"Palette InitLog","args":["start"],"click":0,"loglevel":"info"}
{"uptime":"0.182265","msg":"palette: starting monitor","MonitorExe":"palette_monitor.exe","click":0,"loglevel":"info"}
{"uptime":"0.000000","msg":"InitLog ==============================","date":"2024-06-04-19-05-30","logname":"palette","click":0,"loglevel":"info"}
{"uptime":"0.000996","msg":"Palette InitLog","args":["status"],"click":0,"loglevel":"info"}
{"uptime":"0.000000","msg":"InitLog ==============================","date":"2024-06-04-19-05-34","logname":"palette","click":0,"loglevel":"info"}
{"uptime":"0.001001","msg":"Palette InitLog","args":["start","bidule"],"click":0,"loglevel":"info"}
{"uptime":"0.000000","msg":"InitLog ==============================","date":"2024-06-04-19-05-38","logname":"palette","click":0,"loglevel":"info"}
{"uptime":"0.000999","msg":"Palette InitLog","args":["start","bidule"],"click":0,"loglevel":"info"}
{"uptime":"0.000000","msg":"InitLog ==============================","date":"2024-06-04-19-05-45","logname":"palette","click":0,"loglevel":"info"}
{"uptime":"0.001001","msg":"Palette InitLog","args":["status"],"click":0,"loglevel":"info"}
{"uptime":"0.000000","msg":"InitLog ==============================","date":"2024-06-04-19-06-00","logname":"palette","click":0,"loglevel":"info"}
{"uptime":"0.001501","msg":"Palette InitLog","args":["status"],"click":0,"loglevel":"info"}
{"uptime":"0.000000","msg":"InitLog ==============================","date":"2024-06-04-19-06-15","logname":"palette","click":0,"loglevel":"info"}
{"uptime":"0.001003","msg":"Palette InitLog","args":["status"],"click":0,"loglevel":"info"}
{"uptime":"0.000000","msg":"InitLog ==============================","date":"2024-06-04-19-06-30","logname":"palette","click":0,"loglevel":"info"}
{"uptime":"0.001000","msg":"Palette InitLog","args":["status"],"click":0,"loglevel":"info"}
{"uptime":"0.000000","msg":"InitLog ==============================","date":"2024-06-04-19-06-45","logname":"palette","click":0,"loglevel":"info"}
{"uptime":"0.001000","msg":"Palette InitLog","args":["status"],"click":0,"loglevel":"info"}
{"uptime":"0.000000","msg":"InitLog ==============================","date":"2024-06-04-19-07-00","logname":"palette","click":0,"loglevel":"info"}
{"uptime":"0.000999","msg":"Palette InitLog","args":["status"],"click":0,"loglevel":"info"}
{"uptime":"0.000000","msg":"InitLog ==============================","date":"2024-06-04-19-07-07","logname":"palette","click":0,"loglevel":"info"}
{"uptime":"0.000998","msg":"Palette InitLog","args":["test"],"click":0,"loglevel":"info"}
{"uptime":"0.000000","msg":"InitLog ==============================","date":"2024-06-04-19-07-15","logname":"palette","click":0,"loglevel":"info"}
{"uptime":"0.001000","msg":"Palette InitLog","args":["status"],"click":0,"loglevel":"info"}
{"uptime":"0.000000","msg":"InitLog ==============================","date":"2024-06-04-19-07-30","logname":"palette","click":0,"loglevel":"info"}
{"uptime":"0.001001","msg":"Palette InitLog","args":["status"],"click":0,"loglevel":"info"}
{"uptime":"0.000000","msg":"InitLog ==============================","date":"2024-06-04-19-07-45","logname":"palette","click":0,"loglevel":"info"}
{"uptime":"0.001000","msg":"Palette InitLog","args":["status"],"click":0,"loglevel":"info"}
{"uptime":"0.000000","msg":"InitLog ==============================","date":"2024-06-04-19-08-00","logname":"palette","click":0,"loglevel":"info"}
{"uptime":"0.001000","msg":"Palette InitLog","args":["status"],"click":0,"loglevel":"info"}
{"uptime":"0.000000","msg":"InitLog ==============================","date":"2024-06-04-19-08-15","logname":"palette","click":0,"loglevel":"info"}
{"uptime":"0.001000","msg":"Palette InitLog","args":["status"],"click":0,"loglevel":"info"}
{"uptime":"0.000000","msg":"InitLog ==============================","date":"2024-06-04-19-08-30","logname":"palette","click":0,"loglevel":"info"}
{"uptime":"0.001000","msg":"Palette InitLog","args":["status"],"click":0,"loglevel":"info"}
{"uptime":"0.000000","msg":"InitLog ==============================","date":"2024-06-04-19-08-45","logname":"palette","click":0,"loglevel":"info"}
{"uptime":"0.000999","msg":"Palette InitLog","args":["status"],"click":0,"loglevel":"info"}
{"uptime":"0.000000","msg":"InitLog ==============================","date":"2024-06-04-19-09-00","logname":"palette","click":0,"loglevel":"info"}
{"uptime":"0.001000","msg":"Palette InitLog","args":["status"],"click":0,"loglevel":"info"}
{"uptime":"0.000000","msg":"InitLog ==============================","date":"2024-06-04-19-09-15","logname":"palette","click":0,"loglevel":"info"}
{"uptime":"0.001000","msg":"Palette InitLog","args":["status"],"click":0,"loglevel":"info"}
{"uptime":"0.000000","msg":"InitLog ==============================","date":"2024-06-04-19-09-30","logname":"palette","click":0,"loglevel":"info"}
{"uptime":"0.001501","msg":"Palette InitLog","args":["status"],"click":0,"loglevel":"info"}
{"uptime":"0.000000","msg":"InitLog ==============================","date":"2024-06-04-19-09-45","logname":"palette","click":0,"loglevel":"info"}
{"uptime":"0.001500","msg":"Palette InitLog","args":["status"],"click":0,"loglevel":"info"}
{"uptime":"0.000000","msg":"InitLog ==============================","date":"2024-06-04-19-10-00","logname":"palette","click":0,"loglevel":"info"}
{"uptime":"0.001500","msg":"Palette InitLog","args":["status"],"click":0,"loglevel":"info"}
