{"uptime":"0.000000","msg":"InitLog ==============================","date":"2024-12-25-19-34-35","logname":"engine","click":0,"loglevel":"info"}
{"uptime":"0.002914","msg":"LogError","err":"open C:\\Users\\nosuc\\Github\\palette\\data_default\\saved\\global\\_Current.json: The system cannot find the file specified.","click":0,"loglevel":"error"}
{"uptime":"0.003591","msg":"LogError","err":"open C:\\Users\\nosuc\\Github\\palette\\data_default\\saved\\global\\_Current.json: The system cannot find the file specified.","click":0,"loglevel":"error"}
{"uptime":"0.003591","msg":"LogError","err":"open C:\\Users\\nosuc\\Github\\palette\\data_default\\saved\\global\\_Current.json: The system cannot find the file specified.","click":0,"loglevel":"error"}
{"uptime":"0.405126","msg":"KillExecutable","executable":"obs64.exe","exe":"obs64.exe","click":0,"loglevel":"info"}
{"uptime":"0.533194","msg":"KillExecutable","executable":"palette_chat.exe","exe":"palette_chat.exe","click":0,"loglevel":"info"}
{"uptime":"2.710588","msg":"PaletteDataPath","path":"C:\\Users\\nosuc\\Github\\palette\\data_default","click":0,"loglevel":"info"}
{"uptime":"2.710588","msg":"Looping is being forced off","click":0,"loglevel":"info"}
{"uptime":"2.711692","msg":"Engine.Start","click":0,"loglevel":"info"}
{"uptime":"2.711692","msg":"Initialized MIDI","numoutports":3,"click":0,"loglevel":"info"}
{"uptime":"2.711692","msg":"InitSynths called","click":0,"loglevel":"info"}
{"uptime":"2.719221","msg":"Synths loaded","len":193,"click":0,"loglevel":"info"}
{"uptime":"2.815069","msg":"LogError","err":"open C:\\Users\\nosuc\\Github\\palette\\data_default\\saved\\quad\\_Current.json: The system cannot find the file specified.","click":0,"loglevel":"error"}
{"uptime":"2.815069","msg":"LogError","err":"open C:\\Users\\nosuc\\Github\\palette\\data_default\\saved\\quad\\_Current.json: The system cannot find the file specified.","click":0,"loglevel":"error"}
{"uptime":"2.815069","msg":"LogError","err":"open C:\\Users\\nosuc\\Github\\palette\\data_default\\saved\\quad\\_Current.json: The system cannot find the file specified.","click":0,"loglevel":"error"}
{"uptime":"2.815653","msg":"Scheduler begins","click":0,"loglevel":"info"}
{"uptime":"2.816585","msg":"No MIDI input port has been selected","click":0,"loglevel":"warn"}
{"uptime":"2.827676","msg":"No Morphs were found","click":543,"loglevel":"info"}
{"uptime":"8.834080","msg":"ExecutableOutput","exe":"gui","output":"iconbitmap for palette.ico failed\r\n","click":1696,"loglevel":"info"}
{"uptime":"0.000000","msg":"InitLog ==============================","date":"2024-12-25-19-51-07","logname":"engine","click":0,"loglevel":"info"}
{"uptime":"60.261301","msg":"KillExecutable","executable":"obs64.exe","exe":"obs64.exe","click":0,"loglevel":"info"}
{"uptime":"60.386350","msg":"KillExecutable","executable":"palette_chat.exe","exe":"palette_chat.exe","click":0,"loglevel":"info"}
{"uptime":"60.950573","msg":"PaletteDataPath","path":"C:\\Users\\nosuc\\Github\\palette\\data_default","click":0,"loglevel":"info"}
{"uptime":"60.950573","msg":"Looping is being forced off","click":0,"loglevel":"info"}
{"uptime":"60.951573","msg":"Engine.Start","click":0,"loglevel":"info"}
{"uptime":"60.951573","msg":"Initialized MIDI","numoutports":3,"click":0,"loglevel":"info"}
{"uptime":"60.951573","msg":"InitSynths called","click":0,"loglevel":"info"}
{"uptime":"60.953571","msg":"Synths loaded","len":193,"click":0,"loglevel":"info"}
{"uptime":"60.955570","msg":"Quad.Load","category":"quad","filename":"_Current","click":0,"loglevel":"info"}
{"uptime":"61.060388","msg":"Scheduler begins","click":0,"loglevel":"info"}
{"uptime":"61.062891","msg":"No MIDI input port has been selected","click":0,"loglevel":"warn"}
{"uptime":"61.063896","msg":"No Morphs were found","click":0,"loglevel":"info"}
{"uptime":"64.059760","msg":"CheckAutorestartProcesses: Restarting","process":"bidule","click":12299,"loglevel":"info"}
{"uptime":"65.526836","msg":"ExecutableOutput","exe":"gui","output":"iconbitmap for palette.ico failed\r\n","click":12581,"loglevel":"info"}
{"uptime":"99.570918","msg":"setAttractMode","onoff":true,"click":19118,"loglevel":"info"}
{"uptime":"99.592293","msg":"Quad.Load","category":"quad","filename":"{Quick Scat_Circles","click":19118,"loglevel":"info"}
{"uptime":"122.216183","msg":"KillExecutable","executable":"palette_gui.exe","exe":"palette_gui.exe","click":23465,"loglevel":"info"}
{"uptime":"129.606019","msg":"Quad.Load","category":"quad","filename":"All_Moire","click":24878,"loglevel":"info"}
{"uptime":"159.600290","msg":"Quad.Load","category":"quad","filename":"Blue Purple_Cartoon Clouds","click":30638,"loglevel":"info"}
{"uptime":"189.603107","msg":"Quad.Load","category":"quad","filename":"{Blue Purple_Cartoon Clouds","click":36399,"loglevel":"info"}
{"uptime":"0.000000","msg":"InitLog ==============================","date":"2024-12-25-19-54-35","logname":"engine","click":0,"loglevel":"info"}
{"uptime":"0.001835","msg":"mmtt executable not found, looking for","fullpath":"C:\\Program Files\\Palette\\bin\\mmtt_none\\mmtt_none.exe","click":0,"loglevel":"warn"}
{"uptime":"0.030525","msg":"KillExecutable","executable":"palette_gui.exe","exe":"palette_gui.exe","click":0,"loglevel":"info"}
{"uptime":"0.169366","msg":"KillExecutable","executable":"obs64.exe","exe":"obs64.exe","click":0,"loglevel":"info"}
{"uptime":"0.348320","msg":"KillExecutable","executable":"palette_chat.exe","exe":"palette_chat.exe","click":0,"loglevel":"info"}
{"uptime":"1.232086","msg":"PaletteDataPath","path":"C:\\Users\\nosuc\\Github\\palette\\data_default","click":0,"loglevel":"info"}
{"uptime":"1.232086","msg":"Looping is being forced off","click":0,"loglevel":"info"}
{"uptime":"1.233096","msg":"Engine.Start","click":0,"loglevel":"info"}
{"uptime":"1.233096","msg":"Initialized MIDI","numoutports":3,"click":0,"loglevel":"info"}
{"uptime":"1.233096","msg":"InitSynths called","click":0,"loglevel":"info"}
{"uptime":"1.234201","msg":"Synths loaded","len":193,"click":0,"loglevel":"info"}
{"uptime":"1.238227","msg":"Quad.Load","category":"quad","filename":"_Current","click":0,"loglevel":"info"}
{"uptime":"1.391016","msg":"Scheduler begins","click":0,"loglevel":"info"}
{"uptime":"1.391016","msg":"No MIDI input port has been selected","click":0,"loglevel":"warn"}
{"uptime":"1.392022","msg":"LogError","err":"listen tcp 127.0.0.1:3330: bind: Only one usage of each socket address (protocol/network address/port) is normally permitted.","click":0,"loglevel":"error"}
{"uptime":"1.392022","msg":"LogError","err":"listen udp 127.0.0.1:3333: bind: Only one usage of each socket address (protocol/network address/port) is normally permitted.","click":0,"loglevel":"error"}
{"uptime":"1.395148","msg":"No Morphs were found","click":268,"loglevel":"info"}
{"uptime":"4.213738","msg":"CheckAutorestartProcesses: Restarting","process":"bidule","click":809,"loglevel":"info"}
{"uptime":"219.611221","msg":"Quad.Load","category":"quad","filename":"{Infinite_Layers","click":42159,"loglevel":"info"}
{"uptime":"234.103423","msg":"ExecutableOutput","exe":"gui","output":"iconbitmap for palette.ico failed\r\n","click":44948,"loglevel":"info"}
{"uptime":"239.979680","msg":"ExecutableOutput","exe":"gui","output":"Screen pressed, stopping attract mode\r\n","click":46076,"loglevel":"info"}
{"uptime":"240.126656","msg":"setAttractMode","onoff":false,"click":46104,"loglevel":"info"}
{"uptime":"40.071317","msg":"setAttractMode","onoff":true,"click":7694,"loglevel":"info"}
{"uptime":"40.091330","msg":"Quad.Load","category":"quad","filename":"{Quick Scat_Circles","click":7694,"loglevel":"info"}
{"uptime":"251.825573","msg":"KillExecutable","executable":"palette_gui.exe","exe":"palette_gui.exe","click":48351,"loglevel":"info"}
{"uptime":"280.429812","msg":"setAttractMode","onoff":true,"click":53843,"loglevel":"info"}
{"uptime":"280.459868","msg":"Quad.Load","category":"quad","filename":"Psycho_Lines","click":53843,"loglevel":"info"}
{"uptime":"0.000000","msg":"InitLog ==============================","date":"2024-12-25-19-56-02","logname":"engine","click":0,"loglevel":"info"}
{"uptime":"0.001639","msg":"LogError","err":"open C:\\Users\\nosuc\\Github\\palette\\data_default\\saved\\global\\_Current.json: The system cannot find the file specified.","click":0,"loglevel":"error"}
{"uptime":"0.002232","msg":"LogError","err":"open C:\\Users\\nosuc\\Github\\palette\\data_default\\saved\\global\\_Current.json: The system cannot find the file specified.","click":0,"loglevel":"error"}
{"uptime":"0.002232","msg":"LogError","err":"open C:\\Users\\nosuc\\Github\\palette\\data_default\\saved\\global\\_Current.json: The system cannot find the file specified.","click":0,"loglevel":"error"}
{"uptime":"0.002782","msg":"mmtt executable not found, looking for","fullpath":"C:\\Program Files\\Palette\\bin\\mmtt_none\\mmtt_none.exe","click":0,"loglevel":"warn"}
{"uptime":"1.258979","msg":"KillExecutable","executable":"palette_chat.exe","exe":"palette_chat.exe","click":0,"loglevel":"info"}
{"uptime":"1.460867","msg":"KillExecutable","executable":"obs64.exe","exe":"obs64.exe","click":0,"loglevel":"info"}
{"uptime":"1.673637","msg":"PaletteDataPath","path":"C:\\Users\\nosuc\\Github\\palette\\data_default","click":0,"loglevel":"info"}
{"uptime":"1.673637","msg":"Looping is being forced off","click":0,"loglevel":"info"}
{"uptime":"1.674223","msg":"Engine.Start","click":0,"loglevel":"info"}
{"uptime":"1.674223","msg":"Initialized MIDI","numoutports":3,"click":0,"loglevel":"info"}
{"uptime":"1.674223","msg":"InitSynths called","click":0,"loglevel":"info"}
{"uptime":"1.674841","msg":"Synths loaded","len":193,"click":0,"loglevel":"info"}
{"uptime":"1.676702","msg":"Quad.Load","category":"quad","filename":"_Current","click":0,"loglevel":"info"}
{"uptime":"1.789191","msg":"No MIDI input port has been selected","click":0,"loglevel":"warn"}
{"uptime":"1.789191","msg":"Scheduler begins","click":0,"loglevel":"info"}
{"uptime":"1.789191","msg":"LogError","err":"listen tcp 127.0.0.1:3330: bind: Only one usage of each socket address (protocol/network address/port) is normally permitted.","click":0,"loglevel":"error"}
{"uptime":"1.790695","msg":"LogError","err":"listen udp 127.0.0.1:3333: bind: Only one usage of each socket address (protocol/network address/port) is normally permitted.","click":0,"loglevel":"error"}
{"uptime":"1.791699","msg":"No Morphs were found","click":344,"loglevel":"info"}
{"uptime":"5.925904","msg":"ExecutableOutput","exe":"gui","output":"iconbitmap for palette.ico failed\r\n","click":1138,"loglevel":"info"}
{"uptime":"303.732489","msg":"CheckAutorestartProcesses: Stopping","process":"gui","click":58317,"loglevel":"info"}
{"uptime":"303.732489","msg":"KillExecutable","executable":"palette_gui.exe","exe":"palette_gui.exe","click":58317,"loglevel":"info"}
{"uptime":"310.452375","msg":"Quad.Load","category":"quad","filename":"Endless_Twirls","click":59604,"loglevel":"info"}
{"uptime":"337.074892","msg":"ExecutableOutput","exe":"gui","output":"iconbitmap for palette.ico failed\r\n","click":64718,"loglevel":"info"}
{"uptime":"340.460454","msg":"Quad.Load","category":"quad","filename":"{World Wide_Webs","click":65365,"loglevel":"info"}
{"uptime":"351.458389","msg":"KillExecutable","executable":"palette_gui.exe","exe":"palette_gui.exe","click":67480,"loglevel":"info"}
{"uptime":"64.215316","msg":"CheckAutorestartProcesses: Restarting","process":"gui","click":12329,"loglevel":"info"}
{"uptime":"363.495416","msg":"CheckAutorestartProcesses: Stopping","process":"gui","click":69791,"loglevel":"info"}
{"uptime":"363.495416","msg":"KillExecutable","executable":"palette_gui.exe","exe":"palette_gui.exe","click":69791,"loglevel":"info"}
{"uptime":"370.469821","msg":"Quad.Load","category":"quad","filename":"Smokey_Trails","click":71126,"loglevel":"info"}
{"uptime":"400.471666","msg":"Quad.Load","category":"quad","filename":"Kaleidoscopes_Forever","click":76886,"loglevel":"info"}
{"uptime":"124.605124","msg":"CheckAutorestartProcesses: Restarting","process":"gui","click":23924,"loglevel":"info"}
{"uptime":"423.517055","msg":"CheckAutorestartProcesses: Stopping","process":"gui","click":81315,"loglevel":"info"}
{"uptime":"423.517055","msg":"KillExecutable","executable":"palette_gui.exe","exe":"palette_gui.exe","click":81315,"loglevel":"info"}
{"uptime":"430.469166","msg":"Quad.Load","category":"quad","filename":"{Perky_Clouds","click":82647,"loglevel":"info"}
{"uptime":"460.475844","msg":"Quad.Load","category":"quad","filename":"{Fluorescent_Borealis","click":88408,"loglevel":"info"}
{"uptime":"184.157610","msg":"CheckAutorestartProcesses: Restarting","process":"gui","click":35358,"loglevel":"info"}
{"uptime":"186.724331","msg":"ExecutableOutput","exe":"gui","output":"palette_api: Connection exception!\r\n","click":35851,"loglevel":"info"}
{"uptime":"186.724331","msg":"ExecutableOutput","exe":"gui","output":"palette_api: failed connection, api=global.get is being retried\r\n","click":35851,"loglevel":"info"}
{"uptime":"188.729896","msg":"ExecutableOutput","exe":"gui","output":"palette_api: Connection exception!\r\n","click":36236,"loglevel":"info"}
{"uptime":"188.729896","msg":"ExecutableOutput","exe":"gui","output":"palette_api: failed connection, api=global.get is being retried\r\n","click":36236,"loglevel":"info"}
{"uptime":"0.000000","msg":"InitLog ==============================","date":"2024-12-25-20-03-09","logname":"engine","click":0,"loglevel":"info"}
{"uptime":"0.004133","msg":"LogError","err":"open C:\\Users\\nosuc\\Github\\palette\\data_default\\saved\\global\\_Current.json: The system cannot find the file specified.","click":0,"loglevel":"error"}
{"uptime":"0.006977","msg":"LogError","err":"open C:\\Users\\nosuc\\Github\\palette\\data_default\\saved\\global\\_Current.json: The system cannot find the file specified.","click":0,"loglevel":"error"}
{"uptime":"0.006977","msg":"LogError","err":"open C:\\Users\\nosuc\\Github\\palette\\data_default\\saved\\global\\_Current.json: The system cannot find the file specified.","click":0,"loglevel":"error"}
{"uptime":"0.620899","msg":"KillExecutable","executable":"palette_chat.exe","exe":"palette_chat.exe","click":0,"loglevel":"info"}
{"uptime":"5.418718","msg":"KillExecutable","executable":"obs64.exe","exe":"obs64.exe","click":0,"loglevel":"info"}
{"uptime":"6.163686","msg":"PaletteDataPath","path":"C:\\Users\\nosuc\\Github\\palette\\data_default","click":0,"loglevel":"info"}
{"uptime":"6.163686","msg":"Looping is being forced off","click":0,"loglevel":"info"}
{"uptime":"6.166071","msg":"Engine.Start","click":0,"loglevel":"info"}
{"uptime":"6.166071","msg":"Initialized MIDI","numoutports":17,"click":0,"loglevel":"info"}
{"uptime":"6.166071","msg":"InitSynths called","click":0,"loglevel":"info"}
{"uptime":"6.284429","msg":"Synths loaded","len":193,"click":0,"loglevel":"info"}
{"uptime":"6.372839","msg":"Quad.Load","category":"quad","filename":"_Current","click":0,"loglevel":"info"}
{"uptime":"6.473032","msg":"Scheduler begins","click":0,"loglevel":"info"}
{"uptime":"6.473032","msg":"No MIDI input port has been selected","click":0,"loglevel":"warn"}
{"uptime":"6.485237","msg":"No Morphs were found","click":1245,"loglevel":"info"}
{"uptime":"11.601539","msg":"ExecutableOutput","exe":"gui","output":"iconbitmap for palette.ico failed\r\n","click":2227,"loglevel":"info"}
{"uptime":"64.470261","msg":"ExecutableOutput","exe":"gui","output":"startHelpMode\r\n","click":12378,"loglevel":"info"}
{"uptime":"66.707962","msg":"ExecutableOutput","exe":"gui","output":"cycleGuiLevel, GuiLevel is now  1\r\n","click":12808,"loglevel":"info"}
{"uptime":"0.000000","msg":"InitLog ==============================","date":"2024-12-25-20-04-49","logname":"engine","click":0,"loglevel":"info"}
{"uptime":"0.383784","msg":"KillExecutable","executable":"palette_chat.exe","exe":"palette_chat.exe","click":0,"loglevel":"info"}
{"uptime":"0.798224","msg":"KillExecutable","executable":"obs64.exe","exe":"obs64.exe","click":0,"loglevel":"info"}
{"uptime":"1.236869","msg":"PaletteDataPath","path":"C:\\Users\\nosuc\\Github\\palette\\data_default","click":0,"loglevel":"info"}
{"uptime":"1.236869","msg":"Looping is being forced off","click":0,"loglevel":"info"}
{"uptime":"1.237869","msg":"Engine.Start","click":0,"loglevel":"info"}
{"uptime":"1.237869","msg":"Initialized MIDI","numoutports":17,"click":0,"loglevel":"info"}
{"uptime":"1.237869","msg":"InitSynths called","click":0,"loglevel":"info"}
{"uptime":"1.238869","msg":"Synths loaded","len":193,"click":0,"loglevel":"info"}
{"uptime":"1.239868","msg":"Quad.Load","category":"quad","filename":"_Current","click":0,"loglevel":"info"}
{"uptime":"1.337112","msg":"Scheduler begins","click":0,"loglevel":"info"}
{"uptime":"1.337716","msg":"No MIDI input port has been selected","click":0,"loglevel":"warn"}
{"uptime":"1.339056","msg":"No Morphs were found","click":0,"loglevel":"info"}
{"uptime":"6.316528","msg":"ExecutableOutput","exe":"gui","output":"iconbitmap for palette.ico failed\r\n","click":1213,"loglevel":"info"}
{"uptime":"14.435284","msg":"ExecutableOutput","exe":"resolume","output":"\tFFT: 0\r\n","click":2772,"loglevel":"info"}
{"uptime":"0.000000","msg":"InitLog ==============================","date":"2024-12-25-20-07-44","logname":"engine","click":0,"loglevel":"info"}
{"uptime":"6.394661","msg":"KillExecutable","executable":"palette_chat.exe","exe":"palette_chat.exe","click":0,"loglevel":"info"}
{"uptime":"6.569855","msg":"KillExecutable","executable":"obs64.exe","exe":"obs64.exe","click":0,"loglevel":"info"}
{"uptime":"10.387294","msg":"PaletteDataPath","path":"C:\\Users\\nosuc\\Github\\palette\\data_default","click":0,"loglevel":"info"}
{"uptime":"10.387294","msg":"Looping is being forced off","click":0,"loglevel":"info"}
{"uptime":"10.388720","msg":"Engine.Start","click":0,"loglevel":"info"}
{"uptime":"10.388720","msg":"Initialized MIDI","numoutports":17,"click":0,"loglevel":"info"}
{"uptime":"10.388720","msg":"InitSynths called","click":0,"loglevel":"info"}
{"uptime":"10.389829","msg":"Synths loaded","len":193,"click":0,"loglevel":"info"}
{"uptime":"10.391834","msg":"Quad.Load","category":"quad","filename":"_Current","click":0,"loglevel":"info"}
{"uptime":"10.495497","msg":"No MIDI input port has been selected","click":0,"loglevel":"warn"}
{"uptime":"10.496040","msg":"Scheduler begins","click":0,"loglevel":"info"}
{"uptime":"10.497500","msg":"No Morphs were found","click":0,"loglevel":"info"}
{"uptime":"15.909619","msg":"ExecutableOutput","exe":"gui","output":"iconbitmap for palette.ico failed\r\n","click":3055,"loglevel":"info"}
{"uptime":"31.983465","msg":"ExecutableOutput","exe":"gui","output":"startHelpMode\r\n","click":6141,"loglevel":"info"}
{"uptime":"34.981963","msg":"ExecutableOutput","exe":"gui","output":"cycleGuiLevel, GuiLevel is now  1\r\n","click":6716,"loglevel":"info"}
{"uptime":"46.550412","msg":"setAttractMode","onoff":true,"click":8938,"loglevel":"info"}
{"uptime":"46.595287","msg":"Quad.Load","category":"quad","filename":"{Quick Scat_Circles","click":8938,"loglevel":"info"}
{"uptime":"49.873578","msg":"ExecutableOutput","exe":"gui","output":"Screen pressed, stopping attract mode\r\n","click":9576,"loglevel":"info"}
{"uptime":"49.994331","msg":"setAttractMode","onoff":false,"click":9599,"loglevel":"info"}
{"uptime":"105.693931","msg":"ExecutableOutput","exe":"gui","output":"on_closing called!\r\n","click":20293,"loglevel":"info"}
{"uptime":"105.693931","msg":"ExecutableOutput","exe":"gui","output":"killApp called!\r\n","click":20293,"loglevel":"info"}
{"uptime":"108.656307","msg":"ExecutableOutput","exe":"gui","output":"killApp after destroy!\r\n","click":20862,"loglevel":"info"}
{"uptime":"108.662368","msg":"ExecutableOutput","exe":"gui","output":"mainLoop is returning\r\n","click":20863,"loglevel":"info"}
{"uptime":"0.000000","msg":"InitLog ==============================","date":"2024-12-25-20-09-40","logname":"engine","click":0,"loglevel":"info"}
{"uptime":"0.055090","msg":"KillExecutable","executable":"obs64.exe","exe":"obs64.exe","click":0,"loglevel":"info"}
{"uptime":"0.881220","msg":"KillExecutable","executable":"palette_chat.exe","exe":"palette_chat.exe","click":0,"loglevel":"info"}
{"uptime":"1.400099","msg":"PaletteDataPath","path":"C:\\Users\\nosuc\\Github\\palette\\data_default","click":0,"loglevel":"info"}
{"uptime":"1.400099","msg":"Looping is being forced off","click":0,"loglevel":"info"}
{"uptime":"1.401101","msg":"Engine.Start","click":0,"loglevel":"info"}
{"uptime":"1.401101","msg":"Initialized MIDI","numoutports":17,"click":0,"loglevel":"info"}
{"uptime":"1.401101","msg":"InitSynths called","click":0,"loglevel":"info"}
{"uptime":"1.401101","msg":"Synths loaded","len":193,"click":0,"loglevel":"info"}
{"uptime":"1.402103","msg":"Quad.Load","category":"quad","filename":"_Current","click":0,"loglevel":"info"}
{"uptime":"1.502886","msg":"Scheduler begins","click":0,"loglevel":"info"}
{"uptime":"1.502886","msg":"No MIDI input port has been selected","click":0,"loglevel":"warn"}
{"uptime":"1.502886","msg":"LogError","err":"listen tcp 127.0.0.1:3330: bind: Only one usage of each socket address (protocol/network address/port) is normally permitted.","click":0,"loglevel":"error"}
{"uptime":"1.502886","msg":"LogError","err":"listen udp 127.0.0.1:3333: bind: Only one usage of each socket address (protocol/network address/port) is normally permitted.","click":0,"loglevel":"error"}
{"uptime":"1.504525","msg":"No Morphs were found","click":0,"loglevel":"info"}
{"uptime":"5.301573","msg":"ExecutableOutput","exe":"gui","output":"iconbitmap for palette.ico failed\r\n","click":1018,"loglevel":"info"}
{"uptime":"11.438040","msg":"ExecutableOutput","exe":"gui","output":"startHelpMode\r\n","click":2196,"loglevel":"info"}
{"uptime":"14.297129","msg":"ExecutableOutput","exe":"gui","output":"cycleGuiLevel, GuiLevel is now  1\r\n","click":2745,"loglevel":"info"}
{"uptime":"0.000000","msg":"InitLog ==============================","date":"2024-12-25-20-11-00","logname":"engine","click":0,"loglevel":"info"}
{"uptime":"0.711545","msg":"KillExecutable","executable":"palette_chat.exe","exe":"palette_chat.exe","click":0,"loglevel":"info"}
{"uptime":"0.925681","msg":"KillExecutable","executable":"obs64.exe","exe":"obs64.exe","click":0,"loglevel":"info"}
{"uptime":"1.550444","msg":"PaletteDataPath","path":"C:\\Users\\nosuc\\Github\\palette\\data_default","click":0,"loglevel":"info"}
{"uptime":"1.550444","msg":"Looping is being forced off","click":0,"loglevel":"info"}
{"uptime":"1.552120","msg":"Engine.Start","click":0,"loglevel":"info"}
{"uptime":"1.552120","msg":"Initialized MIDI","numoutports":17,"click":0,"loglevel":"info"}
{"uptime":"1.552120","msg":"InitSynths called","click":0,"loglevel":"info"}
{"uptime":"1.552782","msg":"Synths loaded","len":193,"click":0,"loglevel":"info"}
{"uptime":"1.554452","msg":"Quad.Load","category":"quad","filename":"_Current","click":0,"loglevel":"info"}
{"uptime":"1.673445","msg":"Scheduler begins","click":0,"loglevel":"info"}
{"uptime":"1.673445","msg":"LogError","err":"listen udp 127.0.0.1:3333: bind: Only one usage of each socket address (protocol/network address/port) is normally permitted.","click":0,"loglevel":"error"}
{"uptime":"1.673445","msg":"LogError","err":"listen tcp 127.0.0.1:3330: bind: Only one usage of each socket address (protocol/network address/port) is normally permitted.","click":0,"loglevel":"error"}
{"uptime":"1.673974","msg":"No MIDI input port has been selected","click":0,"loglevel":"warn"}
{"uptime":"1.675232","msg":"No Morphs were found","click":0,"loglevel":"info"}
{"uptime":"5.124870","msg":"ExecutableOutput","exe":"gui","output":"iconbitmap for palette.ico failed\r\n","click":984,"loglevel":"info"}
{"uptime":"49.763848","msg":"ExecutableOutput","exe":"gui","output":"startHelpMode\r\n","click":9554,"loglevel":"info"}
{"uptime":"51.570725","msg":"ExecutableOutput","exe":"gui","output":"cycleGuiLevel, GuiLevel is now  1\r\n","click":9902,"loglevel":"info"}
{"uptime":"0.000000","msg":"InitLog ==============================","date":"2024-12-25-20-23-11","logname":"engine","click":0,"loglevel":"info"}
{"uptime":"0.004502","msg":"mmtt executable not found, looking for","fullpath":"C:\\Program Files\\Palette\\bin\\mmtt_none\\mmtt_none.exe","click":0,"loglevel":"warn"}
{"uptime":"1.609624","msg":"KillExecutable","executable":"obs64.exe","exe":"obs64.exe","click":0,"loglevel":"info"}
{"uptime":"1.740920","msg":"KillExecutable","executable":"palette_chat.exe","exe":"palette_chat.exe","click":0,"loglevel":"info"}
{"uptime":"1.913281","msg":"PaletteDataPath","path":"C:\\Users\\nosuc\\Github\\palette\\data_default","click":0,"loglevel":"info"}
{"uptime":"1.913281","msg":"Looping is being forced off","click":0,"loglevel":"info"}
{"uptime":"1.913962","msg":"Engine.Start","click":0,"loglevel":"info"}
{"uptime":"1.913962","msg":"Initialized MIDI","numoutports":17,"click":0,"loglevel":"info"}
{"uptime":"1.913962","msg":"InitSynths called","click":0,"loglevel":"info"}
{"uptime":"1.914557","msg":"Synths loaded","len":193,"click":0,"loglevel":"info"}
{"uptime":"1.918469","msg":"Quad.Load","category":"quad","filename":"_Current","click":0,"loglevel":"info"}
{"uptime":"2.039749","msg":"No MIDI input port has been selected","click":0,"loglevel":"warn"}
{"uptime":"2.039749","msg":"Scheduler begins","click":0,"loglevel":"info"}
{"uptime":"2.041403","msg":"No Morphs were found","click":0,"loglevel":"info"}
{"uptime":"6.685697","msg":"ExecutableOutput","exe":"gui","output":"iconbitmap for palette.ico failed\r\n","click":1283,"loglevel":"info"}
{"uptime":"40.083030","msg":"setAttractMode","onoff":true,"click":7696,"loglevel":"info"}
{"uptime":"40.100560","msg":"Quad.Load","category":"quad","filename":"{Quick Scat_Circles","click":7696,"loglevel":"info"}
{"uptime":"70.106948","msg":"Quad.Load","category":"quad","filename":"All_Moire","click":13457,"loglevel":"info"}
{"uptime":"100.110138","msg":"Quad.Load","category":"quad","filename":"Blue Purple_Cartoon Clouds","click":19217,"loglevel":"info"}
{"uptime":"130.113980","msg":"Quad.Load","category":"quad","filename":"{Blue Purple_Cartoon Clouds","click":24978,"loglevel":"info"}
{"uptime":"160.113067","msg":"Quad.Load","category":"quad","filename":"{Infinite_Layers","click":30739,"loglevel":"info"}
{"uptime":"190.114983","msg":"Quad.Load","category":"quad","filename":"Psycho_Lines","click":36499,"loglevel":"info"}
{"uptime":"220.113101","msg":"Quad.Load","category":"quad","filename":"Endless_Twirls","click":42259,"loglevel":"info"}
{"uptime":"250.113361","msg":"Quad.Load","category":"quad","filename":"{World Wide_Webs","click":48019,"loglevel":"info"}
{"uptime":"280.118196","msg":"Quad.Load","category":"quad","filename":"Smokey_Trails","click":53780,"loglevel":"info"}
{"uptime":"310.123942","msg":"Quad.Load","category":"quad","filename":"Kaleidoscopes_Forever","click":59540,"loglevel":"info"}
{"uptime":"340.116576","msg":"Quad.Load","category":"quad","filename":"{Perky_Clouds","click":65300,"loglevel":"info"}
{"uptime":"370.127620","msg":"Quad.Load","category":"quad","filename":"{Fluorescent_Borealis","click":71061,"loglevel":"info"}
{"uptime":"400.126132","msg":"Quad.Load","category":"quad","filename":"{Green_Variety","click":76822,"loglevel":"info"}
{"uptime":"430.132248","msg":"Quad.Load","category":"quad","filename":"Layered_Elevations","click":82583,"loglevel":"info"}
{"uptime":"460.134726","msg":"Quad.Load","category":"quad","filename":"{(!) Unstable_Ability","click":88344,"loglevel":"info"}
{"uptime":"490.137906","msg":"Quad.Load","category":"quad","filename":"{Just_Wright","click":94104,"loglevel":"info"}
{"uptime":"520.140181","msg":"Quad.Load","category":"quad","filename":"Blue Purple_Cartoon Clouds","click":99865,"loglevel":"info"}
{"uptime":"550.146045","msg":"Quad.Load","category":"quad","filename":"{Quick Scat_Circles","click":105626,"loglevel":"info"}
{"uptime":"580.148186","msg":"Quad.Load","category":"quad","filename":"{Playful_Plucks","click":111386,"loglevel":"info"}
{"uptime":"610.150280","msg":"Quad.Load","category":"quad","filename":"{Diagonal_Fantasy","click":117147,"loglevel":"info"}
{"uptime":"640.155582","msg":"Quad.Load","category":"quad","filename":"{(!) Simple_Things","click":122908,"loglevel":"info"}
{"uptime":"670.165992","msg":"Quad.Load","category":"quad","filename":"Spiral Moire_Universe","click":128669,"loglevel":"info"}
{"uptime":"700.165748","msg":"Quad.Load","category":"quad","filename":"Diagonal_Fantasy","click":134430,"loglevel":"info"}
{"uptime":"730.170983","msg":"Quad.Load","category":"quad","filename":"Filagree_Dance","click":140190,"loglevel":"info"}
{"uptime":"760.174508","msg":"Quad.Load","category":"quad","filename":"{Endless_Twirls","click":145951,"loglevel":"info"}
{"uptime":"790.181158","msg":"Quad.Load","category":"quad","filename":"Smokey_Trails","click":151712,"loglevel":"info"}
{"uptime":"820.185423","msg":"Quad.Load","category":"quad","filename":"{Dancing Fields_Of Space","click":157472,"loglevel":"info"}
{"uptime":"850.183281","msg":"Quad.Load","category":"quad","filename":"{(!) Simple_Things","click":163233,"loglevel":"info"}
{"uptime":"880.184154","msg":"Quad.Load","category":"quad","filename":"Rectilinear_Tracers","click":168993,"loglevel":"info"}
{"uptime":"910.195337","msg":"Quad.Load","category":"quad","filename":"{Diagonal_Fantasy","click":174754,"loglevel":"info"}
{"uptime":"940.202110","msg":"Quad.Load","category":"quad","filename":"Ghostly_Shapes","click":180515,"loglevel":"info"}
{"uptime":"970.196023","msg":"Quad.Load","category":"quad","filename":"{(!) I Can See_Thru Time","click":186275,"loglevel":"info"}
{"uptime":"1000.199714","msg":"Quad.Load","category":"quad","filename":"{Just_Wright","click":192036,"loglevel":"info"}
{"uptime":"1030.209003","msg":"Quad.Load","category":"quad","filename":"{(!) East West_North South","click":197796,"loglevel":"info"}
{"uptime":"0.000000","msg":"InitLog ==============================","date":"2024-12-25-20-41-12","logname":"engine","click":0,"loglevel":"info"}
{"uptime":"0.062648","msg":"KillExecutable","executable":"palette_chat.exe","exe":"palette_chat.exe","click":0,"loglevel":"info"}
{"uptime":"1.395629","msg":"KillExecutable","executable":"obs64.exe","exe":"obs64.exe","click":0,"loglevel":"info"}
{"uptime":"1.513596","msg":"PaletteDataPath","path":"C:\\Users\\nosuc\\Github\\palette\\data_default","click":0,"loglevel":"info"}
{"uptime":"1.513596","msg":"Looping is being forced off","click":0,"loglevel":"info"}
{"uptime":"1.514873","msg":"Engine.Start","click":0,"loglevel":"info"}
{"uptime":"1.514873","msg":"Initialized MIDI","numoutports":17,"click":0,"loglevel":"info"}
{"uptime":"1.514873","msg":"InitSynths called","click":0,"loglevel":"info"}
{"uptime":"1.515954","msg":"Synths loaded","len":193,"click":0,"loglevel":"info"}
{"uptime":"1.518271","msg":"Quad.Load","category":"quad","filename":"_Current","click":0,"loglevel":"info"}
{"uptime":"1.633622","msg":"Scheduler begins","click":0,"loglevel":"info"}
{"uptime":"1.633622","msg":"No MIDI input port has been selected","click":0,"loglevel":"warn"}
{"uptime":"1.634738","msg":"No Morphs were found","click":0,"loglevel":"info"}
{"uptime":"6.647559","msg":"ExecutableOutput","exe":"gui","output":"iconbitmap for palette.ico failed\r\n","click":1276,"loglevel":"info"}
{"uptime":"26.761174","msg":"ExecutableOutput","exe":"gui","output":"startHelpMode\r\n","click":5138,"loglevel":"info"}
{"uptime":"28.940421","msg":"ExecutableOutput","exe":"gui","output":"cycleGuiLevel, GuiLevel is now  1\r\n","click":5557,"loglevel":"info"}
{"uptime":"40.070456","msg":"setAttractMode","onoff":true,"click":7694,"loglevel":"info"}
{"uptime":"40.087205","msg":"Quad.Load","category":"quad","filename":"{Quick Scat_Circles","click":7694,"loglevel":"info"}
{"uptime":"42.074639","msg":"ExecutableOutput","exe":"gui","output":"Screen pressed, stopping attract mode\r\n","click":8078,"loglevel":"info"}
{"uptime":"42.200914","msg":"setAttractMode","onoff":false,"click":8102,"loglevel":"info"}
{"uptime":"0.000000","msg":"InitLog ==============================","date":"2024-12-25-20-42-28","logname":"engine","click":0,"loglevel":"info"}
{"uptime":"0.005245","msg":"mmtt executable not found, looking for","fullpath":"C:\\Program Files\\Palette\\bin\\mmtt_none\\mmtt_none.exe","click":0,"loglevel":"warn"}
{"uptime":"0.053417","msg":"KillExecutable","executable":"obs64.exe","exe":"obs64.exe","click":0,"loglevel":"info"}
{"uptime":"0.961873","msg":"KillExecutable","executable":"palette_chat.exe","exe":"palette_chat.exe","click":0,"loglevel":"info"}
{"uptime":"1.648040","msg":"PaletteDataPath","path":"C:\\Users\\nosuc\\Github\\palette\\data_default","click":0,"loglevel":"info"}
{"uptime":"1.648040","msg":"Looping is being forced off","click":0,"loglevel":"info"}
{"uptime":"1.648572","msg":"Engine.Start","click":0,"loglevel":"info"}
{"uptime":"1.648572","msg":"Initialized MIDI","numoutports":17,"click":0,"loglevel":"info"}
{"uptime":"1.648572","msg":"InitSynths called","click":0,"loglevel":"info"}
{"uptime":"1.649638","msg":"Synths loaded","len":193,"click":0,"loglevel":"info"}
{"uptime":"1.650736","msg":"Quad.Load","category":"quad","filename":"_Current","click":0,"loglevel":"info"}
{"uptime":"1.760393","msg":"Scheduler begins","click":0,"loglevel":"info"}
{"uptime":"1.761399","msg":"No MIDI input port has been selected","click":0,"loglevel":"warn"}
{"uptime":"1.762400","msg":"No Morphs were found","click":0,"loglevel":"info"}
{"uptime":"1.761399","msg":"LogError","err":"listen udp 127.0.0.1:3333: bind: Only one usage of each socket address (protocol/network address/port) is normally permitted.","click":0,"loglevel":"error"}
{"uptime":"1.761399","msg":"LogError","err":"listen tcp 127.0.0.1:3330: bind: Only one usage of each socket address (protocol/network address/port) is normally permitted.","click":0,"loglevel":"error"}
{"uptime":"5.096210","msg":"CheckAutorestartProcesses: Restarting","process":"bidule","click":978,"loglevel":"info"}
{"uptime":"5.777579","msg":"ExecutableOutput","exe":"gui","output":"iconbitmap for palette.ico failed\r\n","click":1109,"loglevel":"info"}
{"uptime":"40.062623","msg":"setAttractMode","onoff":true,"click":7692,"loglevel":"info"}
{"uptime":"40.087027","msg":"Quad.Load","category":"quad","filename":"{Quick Scat_Circles","click":7692,"loglevel":"info"}
{"uptime":"122.209245","msg":"setAttractMode","onoff":true,"click":23464,"loglevel":"info"}
{"uptime":"122.239006","msg":"Quad.Load","category":"quad","filename":"All_Moire","click":23464,"loglevel":"info"}
{"uptime":"124.303007","msg":"CheckAutorestartProcesses: Restarting","process":"bidule","click":23866,"loglevel":"info"}
{"uptime":"70.081491","msg":"Quad.Load","category":"quad","filename":"All_Moire","click":13453,"loglevel":"info"}
{"uptime":"152.227328","msg":"Quad.Load","category":"quad","filename":"Blue Purple_Cartoon Clouds","click":29225,"loglevel":"info"}
{"uptime":"79.925192","msg":"ExecutableOutput","exe":"gui","output":"palette_api: Connection exception!\r\n","click":15345,"loglevel":"info"}
{"uptime":"79.925192","msg":"ExecutableOutput","exe":"gui","output":"palette_api: failed connection, api=global.status is being retried\r\n","click":15345,"loglevel":"info"}
{"uptime":"0.000000","msg":"InitLog ==============================","date":"2024-12-25-20-48-34","logname":"engine","click":0,"loglevel":"info"}
{"uptime":"0.004172","msg":"mmtt executable not found, looking for","fullpath":"C:\\Program Files\\Palette\\bin\\mmtt_none\\mmtt_none.exe","click":0,"loglevel":"warn"}
{"uptime":"0.046630","msg":"KillExecutable","executable":"obs64.exe","exe":"obs64.exe","click":0,"loglevel":"info"}
{"uptime":"0.872363","msg":"KillExecutable","executable":"palette_chat.exe","exe":"palette_chat.exe","click":0,"loglevel":"info"}
{"uptime":"1.770768","msg":"PaletteDataPath","path":"C:\\Users\\nosuc\\Github\\palette\\data_default","click":0,"loglevel":"info"}
{"uptime":"1.770768","msg":"Looping is being forced off","click":0,"loglevel":"info"}
{"uptime":"1.772396","msg":"Engine.Start","click":0,"loglevel":"info"}
{"uptime":"1.772396","msg":"Initialized MIDI","numoutports":17,"click":0,"loglevel":"info"}
{"uptime":"1.772396","msg":"InitSynths called","click":0,"loglevel":"info"}
{"uptime":"1.772396","msg":"Synths loaded","len":193,"click":0,"loglevel":"info"}
{"uptime":"1.774170","msg":"Quad.Load","category":"quad","filename":"_Current","click":0,"loglevel":"info"}
{"uptime":"1.892964","msg":"No MIDI input port has been selected","click":0,"loglevel":"warn"}
{"uptime":"1.892964","msg":"Scheduler begins","click":0,"loglevel":"info"}
{"uptime":"1.894035","msg":"No Morphs were found","click":0,"loglevel":"info"}
{"uptime":"4.849848","msg":"CheckAutorestartProcesses: Restarting","process":"bidule","click":931,"loglevel":"info"}
{"uptime":"7.915408","msg":"ExecutableOutput","exe":"gui","output":"iconbitmap for palette.ico failed\r\n","click":1520,"loglevel":"info"}
{"uptime":"40.052189","msg":"setAttractMode","onoff":true,"click":7690,"loglevel":"info"}
{"uptime":"40.070677","msg":"Quad.Load","category":"quad","filename":"{Quick Scat_Circles","click":7690,"loglevel":"info"}
{"uptime":"70.076853","msg":"Quad.Load","category":"quad","filename":"All_Moire","click":13451,"loglevel":"info"}
{"uptime":"100.075463","msg":"Quad.Load","category":"quad","filename":"Blue Purple_Cartoon Clouds","click":19211,"loglevel":"info"}
{"uptime":"130.073920","msg":"Quad.Load","category":"quad","filename":"{Blue Purple_Cartoon Clouds","click":24971,"loglevel":"info"}
{"uptime":"160.078595","msg":"Quad.Load","category":"quad","filename":"{Infinite_Layers","click":30732,"loglevel":"info"}
{"uptime":"190.087076","msg":"Quad.Load","category":"quad","filename":"Psycho_Lines","click":36492,"loglevel":"info"}
{"uptime":"220.081194","msg":"Quad.Load","category":"quad","filename":"Endless_Twirls","click":42252,"loglevel":"info"}
{"uptime":"243.920084","msg":"err in StartExecutable","click":46832,"loglevel":"info"}
{"uptime":"243.920084","msg":"IsRunningExecutable of tasklist.exe","err":"exit status 0xc0000142","click":46833,"loglevel":"warn"}
{"uptime":"243.932343","msg":"err in StartExecutable","click":46834,"loglevel":"info"}
{"uptime":"243.932343","msg":"IsRunningExecutable of tasklist.exe","err":"exit status 0xc0000142","click":46834,"loglevel":"warn"}
{"uptime":"243.944321","msg":"err in StartExecutable","click":46837,"loglevel":"info"}
{"uptime":"243.944321","msg":"IsRunningExecutable of tasklist.exe","err":"exit status 0xc0000142","click":46837,"loglevel":"warn"}
{"uptime":"243.956532","msg":"err in StartExecutable","click":46840,"loglevel":"info"}
{"uptime":"243.956532","msg":"IsRunningExecutable of tasklist.exe","err":"exit status 0xc0000142","click":46840,"loglevel":"warn"}
{"uptime":"243.969325","msg":"err in StartExecutable","click":46842,"loglevel":"info"}
{"uptime":"243.969325","msg":"IsRunningExecutable of tasklist.exe","err":"exit status 0xc0000142","click":46842,"loglevel":"warn"}
{"uptime":"250.085230","msg":"Quad.Load","category":"quad","filename":"{World Wide_Webs","click":48012,"loglevel":"info"}
{"uptime":"280.084093","msg":"Quad.Load","category":"quad","filename":"Smokey_Trails","click":53773,"loglevel":"info"}
{"uptime":"310.092998","msg":"Quad.Load","category":"quad","filename":"Kaleidoscopes_Forever","click":59534,"loglevel":"info"}
{"uptime":"340.095383","msg":"Quad.Load","category":"quad","filename":"{Perky_Clouds","click":65295,"loglevel":"info"}
{"uptime":"370.101176","msg":"Quad.Load","category":"quad","filename":"{Fluorescent_Borealis","click":71055,"loglevel":"info"}
{"uptime":"400.097066","msg":"Quad.Load","category":"quad","filename":"{Green_Variety","click":76816,"loglevel":"info"}
{"uptime":"423.927838","msg":"err in StartExecutable","click":81394,"loglevel":"info"}
{"uptime":"423.927838","msg":"IsRunningExecutable of tasklist.exe","err":"exit status 0xc0000142","click":81394,"loglevel":"warn"}
{"uptime":"423.944326","msg":"err in StartExecutable","click":81397,"loglevel":"info"}
{"uptime":"423.944326","msg":"IsRunningExecutable of tasklist.exe","err":"exit status 0xc0000142","click":81397,"loglevel":"warn"}
{"uptime":"423.959312","msg":"err in StartExecutable","click":81400,"loglevel":"info"}
{"uptime":"423.959312","msg":"IsRunningExecutable of tasklist.exe","err":"exit status 0xc0000142","click":81400,"loglevel":"warn"}
{"uptime":"423.971037","msg":"err in StartExecutable","click":81402,"loglevel":"info"}
{"uptime":"423.971037","msg":"IsRunningExecutable of tasklist.exe","err":"exit status 0xc0000142","click":81402,"loglevel":"warn"}
{"uptime":"423.982927","msg":"err in StartExecutable","click":81404,"loglevel":"info"}
{"uptime":"423.982927","msg":"IsRunningExecutable of tasklist.exe","err":"exit status 0xc0000142","click":81404,"loglevel":"warn"}
{"uptime":"430.106747","msg":"Quad.Load","category":"quad","filename":"Layered_Elevations","click":82576,"loglevel":"info"}
{"uptime":"460.101848","msg":"Quad.Load","category":"quad","filename":"{(!) Unstable_Ability","click":88337,"loglevel":"info"}
{"uptime":"0.000000","msg":"InitLog ==============================","date":"2024-12-25-21-17-53","logname":"engine","click":0,"loglevel":"info"}
{"uptime":"0.001636","msg":"LogError","err":"open C:\\Users\\nosuc\\Github\\palette\\data_default\\saved\\global\\_Boot.json: The system cannot find the file specified.","click":0,"loglevel":"error"}
{"uptime":"0.001636","msg":"LogError","err":"open C:\\Users\\nosuc\\Github\\palette\\data_default\\saved\\global\\_Boot.json: The system cannot find the file specified.","click":0,"loglevel":"error"}
{"uptime":"0.001636","msg":"LogError","err":"open C:\\Users\\nosuc\\Github\\palette\\data_default\\saved\\global\\_Boot.json: The system cannot find the file specified.","click":0,"loglevel":"error"}
{"uptime":"0.002170","msg":"LogError","err":"open C:\\Users\\nosuc\\Github\\palette\\data_default\\saved\\global\\_Boot.json: The system cannot find the file specified.","click":0,"loglevel":"error"}
{"uptime":"0.004384","msg":"mmtt executable not found, looking for","fullpath":"C:\\Program Files\\Palette\\bin\\mmtt_none\\mmtt_none.exe","click":0,"loglevel":"warn"}
{"uptime":"1.142800","msg":"KillExecutable","executable":"palette_chat.exe","exe":"palette_chat.exe","click":0,"loglevel":"info"}
{"uptime":"1.294595","msg":"KillExecutable","executable":"obs64.exe","exe":"obs64.exe","click":0,"loglevel":"info"}
{"uptime":"1.824138","msg":"PaletteDataPath","path":"C:\\Users\\nosuc\\Github\\palette\\data_default","click":0,"loglevel":"info"}
{"uptime":"1.825239","msg":"Looping is being forced off","click":0,"loglevel":"info"}
{"uptime":"1.825239","msg":"Engine.Start","click":0,"loglevel":"info"}
{"uptime":"1.825239","msg":"Initialized MIDI","numoutports":17,"click":0,"loglevel":"info"}
{"uptime":"1.825239","msg":"InitSynths called","click":0,"loglevel":"info"}
{"uptime":"1.826247","msg":"Synths loaded","len":193,"click":0,"loglevel":"info"}
{"uptime":"1.827249","msg":"Quad.Load","category":"quad","filename":"_Current","click":0,"loglevel":"info"}
{"uptime":"1.962769","msg":"Scheduler begins","click":0,"loglevel":"info"}
{"uptime":"1.962769","msg":"No MIDI input port has been selected","click":0,"loglevel":"warn"}
{"uptime":"1.967192","msg":"No Morphs were found","click":377,"loglevel":"info"}
{"uptime":"4.899547","msg":"CheckAutorestartProcesses: Restarting","process":"bidule","click":941,"loglevel":"info"}
{"uptime":"7.682893","msg":"ExecutableOutput","exe":"gui","output":"iconbitmap for palette.ico failed\r\n","click":1475,"loglevel":"info"}
{"uptime":"63.982009","msg":"err in StartExecutable","click":12284,"loglevel":"info"}
{"uptime":"63.982009","msg":"IsRunningExecutable of tasklist.exe","err":"exit status 0xc0000142","click":12284,"loglevel":"warn"}
{"uptime":"63.994388","msg":"err in StartExecutable","click":12287,"loglevel":"info"}
{"uptime":"63.994388","msg":"IsRunningExecutable of tasklist.exe","err":"exit status 0xc0000142","click":12287,"loglevel":"warn"}
{"uptime":"64.006865","msg":"err in StartExecutable","click":12289,"loglevel":"info"}
{"uptime":"64.006865","msg":"IsRunningExecutable of tasklist.exe","err":"exit status 0xc0000142","click":12289,"loglevel":"warn"}
{"uptime":"64.018501","msg":"err in StartExecutable","click":12291,"loglevel":"info"}
{"uptime":"64.018501","msg":"IsRunningExecutable of tasklist.exe","err":"exit status 0xc0000142","click":12291,"loglevel":"warn"}
{"uptime":"64.032052","msg":"err in StartExecutable","click":12294,"loglevel":"info"}
{"uptime":"64.032052","msg":"IsRunningExecutable of tasklist.exe","err":"exit status 0xc0000142","click":12294,"loglevel":"warn"}
{"uptime":"0.000000","msg":"InitLog ==============================","date":"2024-12-25-21-20-20","logname":"engine","click":0,"loglevel":"info"}
{"uptime":"0.000000","msg":"InitLog ==============================","date":"2024-12-25-21-21-32","logname":"engine","click":0,"loglevel":"info"}
{"uptime":"0.000000","msg":"InitLog ==============================","date":"2024-12-25-21-22-35","logname":"engine","click":0,"loglevel":"info"}
{"uptime":"0.000000","msg":"InitLog ==============================","date":"2024-12-25-21-23-58","logname":"engine","click":0,"loglevel":"info"}
{"uptime":"9.823529","msg":"KillExecutable","executable":"obs64.exe","exe":"obs64.exe","click":0,"loglevel":"info"}
{"uptime":"10.339331","msg":"KillExecutable","executable":"palette_chat.exe","exe":"palette_chat.exe","click":0,"loglevel":"info"}
{"uptime":"11.294728","msg":"PaletteDataPath","path":"C:\\Users\\nosuc\\Github\\palette\\data_default","click":0,"loglevel":"info"}
{"uptime":"11.294728","msg":"Looping is being forced off","click":0,"loglevel":"info"}
{"uptime":"11.295731","msg":"Engine.Start","click":0,"loglevel":"info"}
{"uptime":"11.295731","msg":"Initialized MIDI","numoutports":17,"click":0,"loglevel":"info"}
{"uptime":"11.295731","msg":"InitSynths called","click":0,"loglevel":"info"}
{"uptime":"11.297726","msg":"Synths loaded","len":193,"click":0,"loglevel":"info"}
{"uptime":"11.299726","msg":"Quad.Load","category":"quad","filename":"_Current","click":0,"loglevel":"info"}
{"uptime":"11.422644","msg":"Scheduler begins","click":0,"loglevel":"info"}
{"uptime":"11.422644","msg":"No MIDI input port has been selected","click":0,"loglevel":"warn"}
{"uptime":"11.424653","msg":"No Morphs were found","click":2194,"loglevel":"info"}
{"uptime":"14.339195","msg":"CheckAutorestartProcesses: Restarting","process":"bidule","click":2753,"loglevel":"info"}
{"uptime":"16.524238","msg":"ExecutableOutput","exe":"gui","output":"iconbitmap for palette.ico failed\r\n","click":3173,"loglevel":"info"}
{"uptime":"19.491600","msg":"ExecutableOutput","exe":"gui","output":"Loading category quad filename Infinite_Layers\r\n","click":3740,"loglevel":"info"}
{"uptime":"19.497611","msg":"Quad.Load","category":"quad","filename":"Infinite_Layers","click":3744,"loglevel":"info"}
{"uptime":"49.852972","msg":"setAttractMode","onoff":true,"click":9572,"loglevel":"info"}
{"uptime":"49.878618","msg":"Quad.Load","category":"quad","filename":"{Quick Scat_Circles","click":9572,"loglevel":"info"}
{"uptime":"73.842848","msg":"CheckAutorestartProcesses: Restarting","process":"gui","click":14178,"loglevel":"info"}
{"uptime":"74.607239","msg":"CheckAutorestartProcesses: Restarting","process":"bidule","click":14325,"loglevel":"info"}
{"uptime":"75.656651","msg":"CheckAutorestartProcesses: Restarting","process":"resolume","click":14526,"loglevel":"info"}
{"uptime":"78.993362","msg":"ExecutableOutput","exe":"gui","output":"iconbitmap for palette.ico failed\r\n","click":15167,"loglevel":"info"}
{"uptime":"79.876540","msg":"Quad.Load","category":"quad","filename":"All_Moire","click":15333,"loglevel":"info"}
{"uptime":"0.000000","msg":"InitLog ==============================","date":"2024-12-25-21-25-55","logname":"engine","click":0,"loglevel":"info"}
{"uptime":"0.081373","msg":"KillExecutable","executable":"palette_chat.exe","exe":"palette_chat.exe","click":0,"loglevel":"info"}
{"uptime":"0.656763","msg":"KillExecutable","executable":"obs64.exe","exe":"obs64.exe","click":0,"loglevel":"info"}
{"uptime":"1.585928","msg":"PaletteDataPath","path":"C:\\Users\\nosuc\\Github\\palette\\data_default","click":0,"loglevel":"info"}
{"uptime":"1.585928","msg":"Looping is being forced off","click":0,"loglevel":"info"}
{"uptime":"1.585928","msg":"Engine.Start","click":0,"loglevel":"info"}
{"uptime":"1.585928","msg":"Initialized MIDI","numoutports":17,"click":0,"loglevel":"info"}
{"uptime":"1.585928","msg":"InitSynths called","click":0,"loglevel":"info"}
{"uptime":"1.587928","msg":"Synths loaded","len":193,"click":0,"loglevel":"info"}
{"uptime":"1.589929","msg":"Quad.Load","category":"quad","filename":"_Current","click":0,"loglevel":"info"}
{"uptime":"1.706066","msg":"No MIDI input port has been selected","click":0,"loglevel":"warn"}
{"uptime":"1.706066","msg":"Scheduler begins","click":0,"loglevel":"info"}
{"uptime":"1.708065","msg":"No Morphs were found","click":0,"loglevel":"info"}
{"uptime":"7.153555","msg":"ExecutableOutput","exe":"gui","output":"iconbitmap for palette.ico failed\r\n","click":1373,"loglevel":"info"}
{"uptime":"40.091678","msg":"setAttractMode","onoff":true,"click":7698,"loglevel":"info"}
{"uptime":"40.112428","msg":"Quad.Load","category":"quad","filename":"{Quick Scat_Circles","click":7698,"loglevel":"info"}
{"uptime":"70.114584","msg":"Quad.Load","category":"quad","filename":"All_Moire","click":13458,"loglevel":"info"}
{"uptime":"100.109306","msg":"Quad.Load","category":"quad","filename":"Blue Purple_Cartoon Clouds","click":19218,"loglevel":"info"}
{"uptime":"0.000000","msg":"InitLog ==============================","date":"2024-12-25-21-30-07","logname":"engine","click":0,"loglevel":"info"}
{"uptime":"1.429434","msg":"KillExecutable","executable":"obs64.exe","exe":"obs64.exe","click":0,"loglevel":"info"}
{"uptime":"1.594811","msg":"KillExecutable","executable":"palette_chat.exe","exe":"palette_chat.exe","click":0,"loglevel":"info"}
{"uptime":"1.764125","msg":"PaletteDataPath","path":"C:\\Users\\nosuc\\Github\\palette\\data_default","click":0,"loglevel":"info"}
{"uptime":"1.764125","msg":"Looping is being forced off","click":0,"loglevel":"info"}
{"uptime":"1.765244","msg":"Engine.Start","click":0,"loglevel":"info"}
{"uptime":"1.765792","msg":"Initialized MIDI","numoutports":17,"click":0,"loglevel":"info"}
{"uptime":"1.765792","msg":"InitSynths called","click":0,"loglevel":"info"}
{"uptime":"1.767525","msg":"Synths loaded","len":193,"click":0,"loglevel":"info"}
{"uptime":"1.771591","msg":"Quad.Load","category":"quad","filename":"_Current","click":0,"loglevel":"info"}
{"uptime":"1.890381","msg":"Scheduler begins","click":0,"loglevel":"info"}
{"uptime":"1.890381","msg":"No MIDI input port has been selected","click":0,"loglevel":"warn"}
{"uptime":"1.891935","msg":"No Morphs were found","click":0,"loglevel":"info"}
{"uptime":"4.910842","msg":"CheckAutorestartProcesses: Restarting","process":"bidule","click":943,"loglevel":"info"}
{"uptime":"7.405388","msg":"ExecutableOutput","exe":"gui","output":"iconbitmap for palette.ico failed\r\n","click":1422,"loglevel":"info"}
{"uptime":"40.123953","msg":"setAttractMode","onoff":true,"click":7704,"loglevel":"info"}
{"uptime":"40.151259","msg":"Quad.Load","category":"quad","filename":"{Quick Scat_Circles","click":7704,"loglevel":"info"}
{"uptime":"70.158427","msg":"Quad.Load","category":"quad","filename":"All_Moire","click":13465,"loglevel":"info"}
{"uptime":"100.165477","msg":"Quad.Load","category":"quad","filename":"Blue Purple_Cartoon Clouds","click":19226,"loglevel":"info"}
{"uptime":"130.161326","msg":"Quad.Load","category":"quad","filename":"{Blue Purple_Cartoon Clouds","click":24986,"loglevel":"info"}
{"uptime":"160.162002","msg":"Quad.Load","category":"quad","filename":"{Infinite_Layers","click":30747,"loglevel":"info"}
{"uptime":"0.000000","msg":"InitLog ==============================","date":"2024-12-25-21-36-48","logname":"engine","click":0,"loglevel":"info"}
{"uptime":"0.002937","msg":"mmtt executable not found, looking for","fullpath":"C:\\Program Files\\Palette\\bin\\mmtt_none\\mmtt_none.exe","click":0,"loglevel":"warn"}
{"uptime":"1.078696","msg":"KillExecutable","executable":"palette_chat.exe","exe":"palette_chat.exe","click":0,"loglevel":"info"}
{"uptime":"1.227267","msg":"KillExecutable","executable":"obs64.exe","exe":"obs64.exe","click":0,"loglevel":"info"}
{"uptime":"1.664706","msg":"PaletteDataPath","path":"C:\\Users\\nosuc\\Github\\palette\\data_default","click":0,"loglevel":"info"}
{"uptime":"1.665706","msg":"Looping is being forced off","click":0,"loglevel":"info"}
{"uptime":"1.665706","msg":"Engine.Start","click":0,"loglevel":"info"}
{"uptime":"1.665706","msg":"Initialized MIDI","numoutports":17,"click":0,"loglevel":"info"}
{"uptime":"1.665706","msg":"InitSynths called","click":0,"loglevel":"info"}
{"uptime":"1.666710","msg":"Synths loaded","len":193,"click":0,"loglevel":"info"}
{"uptime":"1.667705","msg":"Quad.Load","category":"quad","filename":"_Current","click":0,"loglevel":"info"}
{"uptime":"1.769919","msg":"Scheduler begins","click":0,"loglevel":"info"}
{"uptime":"1.769919","msg":"No MIDI input port has been selected","click":0,"loglevel":"warn"}
{"uptime":"1.770923","msg":"No Morphs were found","click":0,"loglevel":"info"}
{"uptime":"7.118875","msg":"ExecutableOutput","exe":"gui","output":"iconbitmap for palette.ico failed\r\n","click":1367,"loglevel":"info"}
{"uptime":"34.850367","msg":"Quad.ExecuteApi test start","ntimes":40,"interval":0.300000011,"click":6690,"loglevel":"info"}
{"uptime":"46.876707","msg":"Quad.ExecuteApi test end","ntimes":40,"interval":0.300000011,"click":9000,"loglevel":"info"}
{"uptime":"90.133341","msg":"setAttractMode","onoff":true,"click":17306,"loglevel":"info"}
{"uptime":"90.157586","msg":"Quad.Load","category":"quad","filename":"{Dancing Fields_Of Space","click":17306,"loglevel":"info"}
{"uptime":"120.148672","msg":"Quad.Load","category":"quad","filename":"{Only_Orange","click":23066,"loglevel":"info"}
{"uptime":"150.151105","msg":"Quad.Load","category":"quad","filename":"All_Moire","click":28826,"loglevel":"info"}
{"uptime":"171.467523","msg":"ExecutableOutput","exe":"gui","output":"Screen pressed, stopping attract mode\r\n","click":32922,"loglevel":"info"}
{"uptime":"171.612053","msg":"setAttractMode","onoff":false,"click":32950,"loglevel":"info"}
{"uptime":"201.733461","msg":"Quad.ExecuteApi test start","ntimes":40,"interval":0.300000011,"click":38733,"loglevel":"info"}
{"uptime":"208.026976","msg":"ExecutableOutput","exe":"gui","output":"Loading category quad filename Neural Net_Electricity\r\n","click":39941,"loglevel":"info"}
{"uptime":"208.028552","msg":"Quad.Load","category":"quad","filename":"Neural Net_Electricity","click":39941,"loglevel":"info"}
{"uptime":"213.757270","msg":"Quad.ExecuteApi test end","ntimes":40,"interval":0.300000011,"click":41041,"loglevel":"info"}
{"uptime":"256.664787","msg":"setAttractMode","onoff":true,"click":49280,"loglevel":"info"}
{"uptime":"256.690961","msg":"Quad.Load","category":"quad","filename":"{Runway_Vertical","click":49280,"loglevel":"info"}
{"uptime":"275.125205","msg":"Quad.ExecuteApi test start","ntimes":40,"interval":0.300000011,"click":52824,"loglevel":"info"}
{"uptime":"275.125712","msg":"setAttractMode","onoff":false,"click":52824,"loglevel":"info"}
{"uptime":"287.154994","msg":"Quad.ExecuteApi test end","ntimes":40,"interval":0.300000011,"click":55134,"loglevel":"info"}
{"uptime":"293.338518","msg":"Quad.ExecuteApi test start","ntimes":40,"interval":0.300000011,"click":56321,"loglevel":"info"}
{"uptime":"297.604099","msg":"ExecutableOutput","exe":"gui","output":"Loading category quad filename Diagonal_Fantasy\r\n","click":57140,"loglevel":"info"}
{"uptime":"297.606302","msg":"Quad.Load","category":"quad","filename":"Diagonal_Fantasy","click":57140,"loglevel":"info"}
{"uptime":"299.958102","msg":"ExecutableOutput","exe":"gui","output":"Loading category quad filename Alternate_Dimensions\r\n","click":57592,"loglevel":"info"}
{"uptime":"299.960115","msg":"Quad.Load","category":"quad","filename":"Alternate_Dimensions","click":57592,"loglevel":"info"}
{"uptime":"302.806002","msg":"ExecutableOutput","exe":"gui","output":"Loading category quad filename Diagonal_Fantasy\r\n","click":58139,"loglevel":"info"}
{"uptime":"302.808543","msg":"Quad.Load","category":"quad","filename":"Diagonal_Fantasy","click":58139,"loglevel":"info"}
{"uptime":"304.193314","msg":"ExecutableOutput","exe":"gui","output":"Loading category quad filename Alternate_Dimensions\r\n","click":58405,"loglevel":"info"}
{"uptime":"304.195220","msg":"Quad.Load","category":"quad","filename":"Alternate_Dimensions","click":58405,"loglevel":"info"}
{"uptime":"305.093014","msg":"ExecutableOutput","exe":"gui","output":"Loading category quad filename All Out_Kaleid\r\n","click":58578,"loglevel":"info"}
{"uptime":"305.095157","msg":"Quad.Load","category":"quad","filename":"All Out_Kaleid","click":58578,"loglevel":"info"}
{"uptime":"305.361610","msg":"Quad.ExecuteApi test end","ntimes":40,"interval":0.300000011,"click":58629,"loglevel":"info"}
{"uptime":"328.638168","msg":"StartRunning: already running","process":"resolume","click":63099,"loglevel":"info"}
{"uptime":"330.470721","msg":"Quad.ExecuteApi test start","ntimes":40,"interval":0.300000011,"click":63450,"loglevel":"info"}
{"uptime":"342.504197","msg":"Quad.ExecuteApi test end","ntimes":40,"interval":0.300000011,"click":65761,"loglevel":"info"}
{"uptime":"345.420510","msg":"Quad.ExecuteApi test start","ntimes":40,"interval":0.300000011,"click":66321,"loglevel":"info"}
{"uptime":"357.448840","msg":"Quad.ExecuteApi test end","ntimes":40,"interval":0.300000011,"click":68630,"loglevel":"info"}
{"uptime":"400.862999","msg":"setAttractMode","onoff":true,"click":76966,"loglevel":"info"}
{"uptime":"400.876170","msg":"Quad.Load","category":"quad","filename":"Layered_Elevations","click":76966,"loglevel":"info"}
{"uptime":"424.960940","msg":"CheckAutorestartProcesses: Restarting","process":"resolume","click":81593,"loglevel":"info"}
{"uptime":"430.884172","msg":"Quad.Load","category":"quad","filename":"Jigsaw_Puzzles","click":82727,"loglevel":"info"}
