[0.001,0] NosuchDebugInit: Level=0 Cursor=0 Param=0 API=0
[0.001,0] NosuchDebugInit: Level=0 Cursor=0 Param=0 API=0
[0.002,0] Using configfile=C:\Users\nosuc\Github\palette\data_default\config\ffgl.json
[0.014,0] Loading config=C:\Users\nosuc\Github\palette\data_default\config\ffgl.json
[0.014,0] LoadPaletteConfig start
[0.016,0] NosuchDebugLevel = 0
[0.000,0] NosuchDebugInit: Level=0 Cursor=0 Param=0 API=0
[0.002,0] NosuchDebugInit: Level=0 Cursor=0 Param=0 API=0
[0.002,0] Using configfile=C:\Users\nosuc\Github\palette\data_default\config\ffgl.json
[0.002,0] Loading config=C:\Users\nosuc\Github\palette\data_default\config\ffgl.json
[0.002,0] LoadPaletteConfig start
[0.002,0] NosuchDebugLevel = 0
[0.000,0] NosuchDebugInit: Level=0 Cursor=0 Param=0 API=0
[0.001,0] NosuchDebugInit: Level=0 Cursor=0 Param=0 API=0
[0.002,0] Using configfile=C:\Users\nosuc\Github\palette\data_default\config\ffgl.json
[0.002,0] Loading config=C:\Users\nosuc\Github\palette\data_default\config\ffgl.json
[0.002,0] LoadPaletteConfig start
[0.002,0] NosuchDebugLevel = 0
[0.001,0] NosuchDebugInit: Level=0 Cursor=0 Param=0 API=0
[0.001,0] NosuchDebugInit: Level=0 Cursor=0 Param=0 API=0
[0.001,0] Using configfile=C:\Users\nosuc\Github\palette\data_default\config\ffgl.json
[0.001,0] Loading config=C:\Users\nosuc\Github\palette\data_default\config\ffgl.json
[0.001,0] LoadPaletteConfig start
[0.001,0] NosuchDebugLevel = 0
[0.001,0] NosuchDebugInit: Level=0 Cursor=0 Param=0 API=0
[0.001,0] NosuchDebugInit: Level=0 Cursor=0 Param=0 API=0
[0.001,0] Using configfile=C:\Users\nosuc\Github\palette\data_default\config\ffgl.json
[0.008,0] Loading config=C:\Users\nosuc\Github\palette\data_default\config\ffgl.json
[0.008,0] LoadPaletteConfig start
[0.009,0] NosuchDebugLevel = 0
[0.000,0] NosuchDebugInit: Level=0 Cursor=0 Param=0 API=0
[0.001,0] NosuchDebugInit: Level=0 Cursor=0 Param=0 API=0
[0.001,0] Using configfile=C:\Users\nosuc\Github\palette\data_default\config\ffgl.json
[0.001,0] Loading config=C:\Users\nosuc\Github\palette\data_default\config\ffgl.json
[0.001,0] LoadPaletteConfig start
[0.001,0] NosuchDebugLevel = 0
[0.000,0] NosuchDebugInit: Level=0 Cursor=0 Param=0 API=0
[0.001,0] NosuchDebugInit: Level=0 Cursor=0 Param=0 API=0
[0.001,0] Using configfile=C:\Users\nosuc\Github\palette\data_default\config\ffgl.json
[0.001,0] Loading config=C:\Users\nosuc\Github\palette\data_default\config\ffgl.json
[0.001,0] LoadPaletteConfig start
[0.001,0] NosuchDebugLevel = 0
[0.000,0] NosuchDebugInit: Level=0 Cursor=0 Param=0 API=0
[0.000,0] NosuchDebugInit: Level=0 Cursor=0 Param=0 API=0
[0.000,0] Using configfile=C:\Users\nosuc\Github\palette\data_default\config\ffgl.json
[0.001,0] Loading config=C:\Users\nosuc\Github\palette\data_default\config\ffgl.json
[0.001,0] LoadPaletteConfig start
[0.001,0] NosuchDebugLevel = 0
[0.000,0] NosuchDebugInit: Level=0 Cursor=0 Param=0 API=0
[0.000,0] NosuchDebugInit: Level=0 Cursor=0 Param=0 API=0
[0.000,0] Using configfile=C:\Users\nosuc\Github\palette\data_default\config\ffgl.json
[0.000,0] Loading config=C:\Users\nosuc\Github\palette\data_default\config\ffgl.json
[0.002,0] LoadPaletteConfig start
[0.002,0] NosuchDebugLevel = 0
[0.000,0] NosuchDebugInit: Level=0 Cursor=0 Param=0 API=0
[0.000,0] NosuchDebugInit: Level=0 Cursor=0 Param=0 API=0
[0.000,0] Using configfile=C:\Users\nosuc\Github\palette\data_default\config\ffgl.json
[0.001,0] Loading config=C:\Users\nosuc\Github\palette\data_default\config\ffgl.json
[0.001,0] LoadPaletteConfig start
[0.001,0] NosuchDebugLevel = 0
[0.000,0] NosuchDebugInit: Level=0 Cursor=0 Param=0 API=0
[0.001,0] NosuchDebugInit: Level=0 Cursor=0 Param=0 API=0
[0.001,0] Using configfile=C:\Users\nosuc\Github\palette\data_default\config\ffgl.json
[0.001,0] Loading config=C:\Users\nosuc\Github\palette\data_default\config\ffgl.json
[0.001,0] LoadPaletteConfig start
[0.001,0] NosuchDebugLevel = 0
[0.000,0] NosuchDebugInit: Level=0 Cursor=0 Param=0 API=0
[0.001,0] NosuchDebugInit: Level=0 Cursor=0 Param=0 API=0
[0.001,0] Using configfile=C:\Users\nosuc\Github\palette\data_default\config\ffgl.json
[0.001,0] Loading config=C:\Users\nosuc\Github\palette\data_default\config\ffgl.json
[0.001,0] LoadPaletteConfig start
[0.001,0] NosuchDebugLevel = 0
[0.000,0] NosuchDebugInit: Level=0 Cursor=0 Param=0 API=0
[0.002,0] NosuchDebugInit: Level=0 Cursor=0 Param=0 API=0
[0.002,0] Using configfile=C:\Users\nosuc\Github\palette\data_default\config\ffgl.json
[0.002,0] Loading config=C:\Users\nosuc\Github\palette\data_default\config\ffgl.json
[0.002,0] LoadPaletteConfig start
[0.002,0] NosuchDebugLevel = 0
[0.000,0] NosuchDebugInit: Level=0 Cursor=0 Param=0 API=0
[0.000,0] NosuchDebugInit: Level=0 Cursor=0 Param=0 API=0
[0.001,0] Using configfile=C:\Users\nosuc\Github\palette\data_default\config\ffgl.json
[0.001,0] Loading config=C:\Users\nosuc\Github\palette\data_default\config\ffgl.json
[0.001,0] LoadPaletteConfig start
[0.001,0] NosuchDebugLevel = 0
[0.000,0] NosuchDebugInit: Level=0 Cursor=0 Param=0 API=0
[0.000,0] NosuchDebugInit: Level=0 Cursor=0 Param=0 API=0
[0.001,0] Using configfile=C:\Users\nosuc\Github\palette\data_default\config\ffgl.json
[0.001,0] Loading config=C:\Users\nosuc\Github\palette\data_default\config\ffgl.json
[0.001,0] LoadPaletteConfig start
[0.002,0] NosuchDebugLevel = 0
[0.000,0] NosuchDebugInit: Level=0 Cursor=0 Param=0 API=0
[0.000,0] NosuchDebugInit: Level=0 Cursor=0 Param=0 API=0
[0.002,0] Using configfile=C:\Users\nosuc\Github\palette\data_default\config\ffgl.json
[0.002,0] Loading config=C:\Users\nosuc\Github\palette\data_default\config\ffgl.json
[0.002,0] LoadPaletteConfig start
[0.002,0] NosuchDebugLevel = 0
[0.000,0] NosuchDebugInit: Level=0 Cursor=0 Param=0 API=0
[0.001,0] NosuchDebugInit: Level=0 Cursor=0 Param=0 API=0
[0.001,0] Using configfile=C:\Users\nosuc\Github\palette\data_default\config\ffgl.json
[0.002,0] Loading config=C:\Users\nosuc\Github\palette\data_default\config\ffgl.json
[0.003,0] LoadPaletteConfig start
[0.003,0] NosuchDebugLevel = 0
[0.492,0] NosuchDebugInit: Level=0 Cursor=1 Param=1 API=1
[0.492,0] Using configfile=C:\Users\nosuc\Github\palette\data_default\config\ffgl.json
[0.493,0] Loading config=C:\Users\nosuc\Github\palette\data_default\config\ffgl.json
[0.493,0] LoadPaletteConfig start
[0.493,0] NosuchDebugLevel = 0
[0.495,0] Palette.InitGL: x,y=0,0 w,h=1920,1080
[0.592,0] PaletteHost::SetOscPort: PaletteDaemon is listening on port=3334
[2.447,0] NosuchDebugInit: Level=0 Cursor=1 Param=1 API=1
[2.447,0] Using configfile=C:\Users\nosuc\Github\palette\data_default\config\ffgl.json
[2.448,0] Loading config=C:\Users\nosuc\Github\palette\data_default\config\ffgl.json
[2.448,0] LoadPaletteConfig start
[2.448,0] NosuchDebugLevel = 0
[2.448,0] Palette.InitGL: x,y=0,0 w,h=1920,1080
[2.448,0] PaletteHost::SetOscPort: PaletteDaemon is listening on port=3335
[2.451,0] NosuchDebugInit: Level=0 Cursor=1 Param=1 API=1
[2.452,0] Using configfile=C:\Users\nosuc\Github\palette\data_default\config\ffgl.json
[2.452,0] Loading config=C:\Users\nosuc\Github\palette\data_default\config\ffgl.json
[2.452,0] LoadPaletteConfig start
[2.453,0] NosuchDebugLevel = 0
[2.453,0] Palette.InitGL: x,y=0,0 w,h=1920,1080
[2.453,0] PaletteHost::SetOscPort: PaletteDaemon is listening on port=3336
[2.454,0] NosuchDebugInit: Level=0 Cursor=1 Param=1 API=1
[2.454,0] Using configfile=C:\Users\nosuc\Github\palette\data_default\config\ffgl.json
[2.454,0] Loading config=C:\Users\nosuc\Github\palette\data_default\config\ffgl.json
[2.455,0] LoadPaletteConfig start
[2.455,0] NosuchDebugLevel = 0
[2.455,0] Palette.InitGL: x,y=0,0 w,h=1920,1080
[2.455,0] PaletteHost::SetOscPort: PaletteDaemon is listening on port=3337
[78.716,0] Layer.clearCursor: deleting cid=217
[95.659,0] Layer.clearCursor: deleting cid=229
