{"uptime":"0.000000","msg":"InitLog ==============================","date":"2024-12-25-19-54-33","logname":"monitor","click":0,"loglevel":"info"}
{"uptime":"0.000000","msg":"monitor is checking the engine.","click":0,"loglevel":"info"}
{"uptime":"0.045327","msg":"LogError","port":"Logidy UMI3","err":"can't find MIDI input port Logidy UMI3","click":0,"loglevel":"error"}
{"uptime":"0.130682","msg":"LogError","err":"joystickMonitor: disabled, unable to find joystick with 8 buttons","click":0,"loglevel":"error"}
{"uptime":"0.366203","msg":"checkEngine: engine is not running, killing everything, monitor should restart engine.","click":0,"loglevel":"info"}
{"uptime":"0.366203","msg":"KillAll","click":0,"loglevel":"info"}
{"uptime":"0.366203","msg":"KillExecutable","executable":"mmtt_kinect.exe","exe":"mmtt_kinect.exe","click":0,"loglevel":"info"}
{"uptime":"0.504332","msg":"KillExecutable","executable":"bidule.exe","exe":"bidule.exe","click":0,"loglevel":"info"}
{"uptime":"0.656591","msg":"KillExecutable","executable":"avenue.exe","exe":"avenue.exe","click":0,"loglevel":"info"}
{"uptime":"0.798438","msg":"KillExecutable","executable":"palette_gui.exe","exe":"palette_gui.exe","click":0,"loglevel":"info"}
{"uptime":"0.938370","msg":"KillExecutable","executable":"palette_engine.exe","exe":"palette_engine.exe","click":0,"loglevel":"info"}
{"uptime":"1.082324","msg":"KillExecutable","executable":"obs64.exe","exe":"obs64.exe","click":0,"loglevel":"info"}
{"uptime":"1.233441","msg":"KillExecutable","executable":"palette_chat.exe","exe":"palette_chat.exe","click":0,"loglevel":"info"}
{"uptime":"1.381628","msg":"checkEngine: restarting engine","click":0,"loglevel":"info"}
{"uptime":"0.000000","msg":"InitLog ==============================","date":"2024-12-25-19-56-01","logname":"monitor","click":0,"loglevel":"info"}
{"uptime":"0.000000","msg":"monitor is checking the engine.","click":0,"loglevel":"info"}
{"uptime":"0.021307","msg":"LogError","err":"joystickMonitor: disabled, unable to find joystick with 8 buttons","click":0,"loglevel":"error"}
{"uptime":"0.052280","msg":"LogError","port":"Logidy UMI3","err":"can't find MIDI input port Logidy UMI3","click":0,"loglevel":"error"}
{"uptime":"0.391617","msg":"checkEngine: engine is not running, killing everything, monitor should restart engine.","click":0,"loglevel":"info"}
{"uptime":"0.391617","msg":"KillAll","click":0,"loglevel":"info"}
{"uptime":"0.391617","msg":"KillExecutable","executable":"mmtt_kinect.exe","exe":"mmtt_kinect.exe","click":0,"loglevel":"info"}
{"uptime":"0.529921","msg":"KillExecutable","executable":"bidule.exe","exe":"bidule.exe","click":0,"loglevel":"info"}
{"uptime":"0.675190","msg":"KillExecutable","executable":"avenue.exe","exe":"avenue.exe","click":0,"loglevel":"info"}
{"uptime":"0.833669","msg":"KillExecutable","executable":"palette_gui.exe","exe":"palette_gui.exe","click":0,"loglevel":"info"}
{"uptime":"0.990791","msg":"KillExecutable","executable":"palette_engine.exe","exe":"palette_engine.exe","click":0,"loglevel":"info"}
{"uptime":"1.149932","msg":"KillExecutable","executable":"obs64.exe","exe":"obs64.exe","click":0,"loglevel":"info"}
{"uptime":"1.308003","msg":"KillExecutable","executable":"palette_chat.exe","exe":"palette_chat.exe","click":0,"loglevel":"info"}
{"uptime":"1.459233","msg":"checkEngine: restarting engine","click":0,"loglevel":"info"}
{"uptime":"0.000000","msg":"InitLog ==============================","date":"2024-12-25-20-03-07","logname":"monitor","click":0,"loglevel":"info"}
{"uptime":"0.000000","msg":"monitor is checking the engine.","click":0,"loglevel":"info"}
{"uptime":"0.048566","msg":"LogError","port":"Logidy UMI3","err":"can't find MIDI input port Logidy UMI3","click":0,"loglevel":"error"}
{"uptime":"0.169169","msg":"LogError","err":"joystickMonitor: disabled, unable to find joystick with 8 buttons","click":0,"loglevel":"error"}
{"uptime":"0.510641","msg":"checkEngine: engine is not running, killing everything, monitor should restart engine.","click":0,"loglevel":"info"}
{"uptime":"0.510641","msg":"KillAll","click":0,"loglevel":"info"}
{"uptime":"0.510641","msg":"KillExecutable","executable":"mmtt_kinect.exe","exe":"mmtt_kinect.exe","click":0,"loglevel":"info"}
{"uptime":"0.790385","msg":"KillExecutable","executable":"bidule.exe","exe":"bidule.exe","click":0,"loglevel":"info"}
{"uptime":"0.934340","msg":"KillExecutable","executable":"avenue.exe","exe":"avenue.exe","click":0,"loglevel":"info"}
{"uptime":"1.076986","msg":"KillExecutable","executable":"palette_gui.exe","exe":"palette_gui.exe","click":0,"loglevel":"info"}
{"uptime":"1.235151","msg":"KillExecutable","executable":"palette_engine.exe","exe":"palette_engine.exe","click":0,"loglevel":"info"}
{"uptime":"1.390590","msg":"KillExecutable","executable":"obs64.exe","exe":"obs64.exe","click":0,"loglevel":"info"}
{"uptime":"1.548769","msg":"KillExecutable","executable":"palette_chat.exe","exe":"palette_chat.exe","click":0,"loglevel":"info"}
{"uptime":"1.707751","msg":"checkEngine: restarting engine","click":0,"loglevel":"info"}
{"uptime":"0.000000","msg":"InitLog ==============================","date":"2024-12-25-20-04-48","logname":"monitor","click":0,"loglevel":"info"}
{"uptime":"0.000000","msg":"monitor is checking the engine.","click":0,"loglevel":"info"}
{"uptime":"0.014734","msg":"LogError","err":"joystickMonitor: disabled, unable to find joystick with 8 buttons","click":0,"loglevel":"error"}
{"uptime":"0.055510","msg":"LogError","port":"Logidy UMI3","err":"can't find MIDI input port Logidy UMI3","click":0,"loglevel":"error"}
{"uptime":"0.286510","msg":"checkEngine: engine is not running, killing everything, monitor should restart engine.","click":0,"loglevel":"info"}
{"uptime":"0.286510","msg":"KillAll","click":0,"loglevel":"info"}
{"uptime":"0.286510","msg":"KillExecutable","executable":"mmtt_kinect.exe","exe":"mmtt_kinect.exe","click":0,"loglevel":"info"}
{"uptime":"0.389566","msg":"KillExecutable","executable":"bidule.exe","exe":"bidule.exe","click":0,"loglevel":"info"}
{"uptime":"0.495045","msg":"KillExecutable","executable":"avenue.exe","exe":"avenue.exe","click":0,"loglevel":"info"}
{"uptime":"0.615747","msg":"KillExecutable","executable":"palette_gui.exe","exe":"palette_gui.exe","click":0,"loglevel":"info"}
{"uptime":"0.742598","msg":"KillExecutable","executable":"palette_engine.exe","exe":"palette_engine.exe","click":0,"loglevel":"info"}
{"uptime":"0.869546","msg":"KillExecutable","executable":"obs64.exe","exe":"obs64.exe","click":0,"loglevel":"info"}
{"uptime":"0.989421","msg":"KillExecutable","executable":"palette_chat.exe","exe":"palette_chat.exe","click":0,"loglevel":"info"}
{"uptime":"1.109896","msg":"checkEngine: restarting engine","click":0,"loglevel":"info"}
{"uptime":"0.000000","msg":"InitLog ==============================","date":"2024-12-25-20-09-39","logname":"monitor","click":0,"loglevel":"info"}
{"uptime":"0.000000","msg":"monitor is checking the engine.","click":0,"loglevel":"info"}
{"uptime":"0.020386","msg":"LogError","err":"joystickMonitor: disabled, unable to find joystick with 8 buttons","click":0,"loglevel":"error"}
{"uptime":"0.043757","msg":"LogError","port":"Logidy UMI3","err":"can't find MIDI input port Logidy UMI3","click":0,"loglevel":"error"}
{"uptime":"0.338687","msg":"checkEngine: engine is not running, killing everything, monitor should restart engine.","click":0,"loglevel":"info"}
{"uptime":"0.338687","msg":"KillAll","click":0,"loglevel":"info"}
{"uptime":"0.338687","msg":"KillExecutable","executable":"mmtt_kinect.exe","exe":"mmtt_kinect.exe","click":0,"loglevel":"info"}
{"uptime":"0.459079","msg":"KillExecutable","executable":"bidule.exe","exe":"bidule.exe","click":0,"loglevel":"info"}
{"uptime":"0.578683","msg":"KillExecutable","executable":"avenue.exe","exe":"avenue.exe","click":0,"loglevel":"info"}
{"uptime":"0.716392","msg":"KillExecutable","executable":"palette_gui.exe","exe":"palette_gui.exe","click":0,"loglevel":"info"}
{"uptime":"0.850070","msg":"KillExecutable","executable":"palette_engine.exe","exe":"palette_engine.exe","click":0,"loglevel":"info"}
{"uptime":"0.988150","msg":"KillExecutable","executable":"obs64.exe","exe":"obs64.exe","click":0,"loglevel":"info"}
{"uptime":"1.126256","msg":"KillExecutable","executable":"palette_chat.exe","exe":"palette_chat.exe","click":0,"loglevel":"info"}
{"uptime":"1.261738","msg":"checkEngine: restarting engine","click":0,"loglevel":"info"}
{"uptime":"0.000000","msg":"InitLog ==============================","date":"2024-12-25-20-10-58","logname":"monitor","click":0,"loglevel":"info"}
{"uptime":"0.000549","msg":"monitor is checking the engine.","click":0,"loglevel":"info"}
{"uptime":"0.021179","msg":"LogError","err":"joystickMonitor: disabled, unable to find joystick with 8 buttons","click":0,"loglevel":"error"}
{"uptime":"0.047720","msg":"LogError","port":"Logidy UMI3","err":"can't find MIDI input port Logidy UMI3","click":0,"loglevel":"error"}
{"uptime":"0.349166","msg":"checkEngine: engine is not running, killing everything, monitor should restart engine.","click":0,"loglevel":"info"}
{"uptime":"0.349166","msg":"KillAll","click":0,"loglevel":"info"}
{"uptime":"0.349166","msg":"KillExecutable","executable":"mmtt_kinect.exe","exe":"mmtt_kinect.exe","click":0,"loglevel":"info"}
{"uptime":"0.468368","msg":"KillExecutable","executable":"bidule.exe","exe":"bidule.exe","click":0,"loglevel":"info"}
{"uptime":"0.588836","msg":"KillExecutable","executable":"avenue.exe","exe":"avenue.exe","click":0,"loglevel":"info"}
{"uptime":"0.714645","msg":"KillExecutable","executable":"palette_gui.exe","exe":"palette_gui.exe","click":0,"loglevel":"info"}
{"uptime":"0.848259","msg":"KillExecutable","executable":"palette_engine.exe","exe":"palette_engine.exe","click":0,"loglevel":"info"}
{"uptime":"0.966064","msg":"KillExecutable","executable":"obs64.exe","exe":"obs64.exe","click":0,"loglevel":"info"}
{"uptime":"1.104292","msg":"KillExecutable","executable":"palette_chat.exe","exe":"palette_chat.exe","click":0,"loglevel":"info"}
{"uptime":"1.230398","msg":"checkEngine: restarting engine","click":0,"loglevel":"info"}
{"uptime":"0.000000","msg":"InitLog ==============================","date":"2024-12-25-20-23-09","logname":"monitor","click":0,"loglevel":"info"}
{"uptime":"0.000000","msg":"monitor is checking the engine.","click":0,"loglevel":"info"}
{"uptime":"0.020973","msg":"LogError","err":"joystickMonitor: disabled, unable to find joystick with 8 buttons","click":0,"loglevel":"error"}
{"uptime":"0.050428","msg":"LogError","port":"Logidy UMI3","err":"can't find MIDI input port Logidy UMI3","click":0,"loglevel":"error"}
{"uptime":"0.348117","msg":"checkEngine: engine is not running, killing everything, monitor should restart engine.","click":0,"loglevel":"info"}
{"uptime":"0.348420","msg":"KillAll","click":0,"loglevel":"info"}
{"uptime":"0.348420","msg":"KillExecutable","executable":"mmtt_kinect.exe","exe":"mmtt_kinect.exe","click":0,"loglevel":"info"}
{"uptime":"0.484065","msg":"KillExecutable","executable":"bidule.exe","exe":"bidule.exe","click":0,"loglevel":"info"}
{"uptime":"0.621125","msg":"KillExecutable","executable":"avenue.exe","exe":"avenue.exe","click":0,"loglevel":"info"}
{"uptime":"0.768645","msg":"KillExecutable","executable":"palette_gui.exe","exe":"palette_gui.exe","click":0,"loglevel":"info"}
{"uptime":"0.914224","msg":"KillExecutable","executable":"palette_engine.exe","exe":"palette_engine.exe","click":0,"loglevel":"info"}
{"uptime":"1.057449","msg":"KillExecutable","executable":"obs64.exe","exe":"obs64.exe","click":0,"loglevel":"info"}
{"uptime":"1.201419","msg":"KillExecutable","executable":"palette_chat.exe","exe":"palette_chat.exe","click":0,"loglevel":"info"}
{"uptime":"1.343575","msg":"checkEngine: restarting engine","click":0,"loglevel":"info"}
{"uptime":"0.000000","msg":"InitLog ==============================","date":"2024-12-25-20-42-27","logname":"monitor","click":0,"loglevel":"info"}
{"uptime":"0.000000","msg":"monitor is checking the engine.","click":0,"loglevel":"info"}
{"uptime":"0.019172","msg":"LogError","err":"joystickMonitor: disabled, unable to find joystick with 8 buttons","click":0,"loglevel":"error"}
{"uptime":"0.044058","msg":"LogError","port":"Logidy UMI3","err":"can't find MIDI input port Logidy UMI3","click":0,"loglevel":"error"}
{"uptime":"0.376067","msg":"checkEngine: engine is not running, killing everything, monitor should restart engine.","click":0,"loglevel":"info"}
{"uptime":"0.376067","msg":"KillAll","click":0,"loglevel":"info"}
{"uptime":"0.376067","msg":"KillExecutable","executable":"mmtt_kinect.exe","exe":"mmtt_kinect.exe","click":0,"loglevel":"info"}
{"uptime":"0.510026","msg":"KillExecutable","executable":"bidule.exe","exe":"bidule.exe","click":0,"loglevel":"info"}
{"uptime":"0.640899","msg":"KillExecutable","executable":"avenue.exe","exe":"avenue.exe","click":0,"loglevel":"info"}
{"uptime":"0.792230","msg":"KillExecutable","executable":"palette_gui.exe","exe":"palette_gui.exe","click":0,"loglevel":"info"}
{"uptime":"0.943072","msg":"KillExecutable","executable":"palette_engine.exe","exe":"palette_engine.exe","click":0,"loglevel":"info"}
{"uptime":"1.096394","msg":"KillExecutable","executable":"obs64.exe","exe":"obs64.exe","click":0,"loglevel":"info"}
{"uptime":"1.262288","msg":"KillExecutable","executable":"palette_chat.exe","exe":"palette_chat.exe","click":0,"loglevel":"info"}
{"uptime":"1.412131","msg":"checkEngine: restarting engine","click":0,"loglevel":"info"}
{"uptime":"0.000000","msg":"InitLog ==============================","date":"2024-12-25-20-48-33","logname":"monitor","click":0,"loglevel":"info"}
{"uptime":"0.000000","msg":"monitor is checking the engine.","click":0,"loglevel":"info"}
{"uptime":"0.018108","msg":"LogError","err":"joystickMonitor: disabled, unable to find joystick with 8 buttons","click":0,"loglevel":"error"}
{"uptime":"0.053761","msg":"LogError","port":"Logidy UMI3","err":"can't find MIDI input port Logidy UMI3","click":0,"loglevel":"error"}
{"uptime":"0.341089","msg":"checkEngine: engine is not running, killing everything, monitor should restart engine.","click":0,"loglevel":"info"}
{"uptime":"0.341089","msg":"KillAll","click":0,"loglevel":"info"}
{"uptime":"0.341089","msg":"KillExecutable","executable":"mmtt_kinect.exe","exe":"mmtt_kinect.exe","click":0,"loglevel":"info"}
{"uptime":"0.475883","msg":"KillExecutable","executable":"bidule.exe","exe":"bidule.exe","click":0,"loglevel":"info"}
{"uptime":"0.608502","msg":"KillExecutable","executable":"avenue.exe","exe":"avenue.exe","click":0,"loglevel":"info"}
{"uptime":"0.773662","msg":"KillExecutable","executable":"palette_gui.exe","exe":"palette_gui.exe","click":0,"loglevel":"info"}
{"uptime":"0.919297","msg":"KillExecutable","executable":"palette_engine.exe","exe":"palette_engine.exe","click":0,"loglevel":"info"}
{"uptime":"1.082612","msg":"KillExecutable","executable":"obs64.exe","exe":"obs64.exe","click":0,"loglevel":"info"}
{"uptime":"1.230346","msg":"KillExecutable","executable":"palette_chat.exe","exe":"palette_chat.exe","click":0,"loglevel":"info"}
{"uptime":"1.379264","msg":"checkEngine: restarting engine","click":0,"loglevel":"info"}
{"uptime":"210.014238","msg":"err in StartExecutable","click":0,"loglevel":"info"}
{"uptime":"210.014238","msg":"IsRunningExecutable of tasklist.exe","err":"exit status 0xc0000142","click":0,"loglevel":"warn"}
{"uptime":"225.017580","msg":"err in StartExecutable","click":0,"loglevel":"info"}
{"uptime":"225.017580","msg":"IsRunningExecutable of tasklist.exe","err":"exit status 0xc0000142","click":0,"loglevel":"warn"}
{"uptime":"240.015547","msg":"err in StartExecutable","click":0,"loglevel":"info"}
{"uptime":"240.015547","msg":"IsRunningExecutable of tasklist.exe","err":"exit status 0xc0000142","click":0,"loglevel":"warn"}
{"uptime":"255.016046","msg":"err in StartExecutable","click":0,"loglevel":"info"}
{"uptime":"255.016046","msg":"IsRunningExecutable of tasklist.exe","err":"exit status 0xc0000142","click":0,"loglevel":"warn"}
{"uptime":"390.016001","msg":"err in StartExecutable","click":0,"loglevel":"info"}
{"uptime":"390.016001","msg":"IsRunningExecutable of tasklist.exe","err":"exit status 0xc0000142","click":0,"loglevel":"warn"}
{"uptime":"405.015228","msg":"err in StartExecutable","click":0,"loglevel":"info"}
{"uptime":"405.015228","msg":"IsRunningExecutable of tasklist.exe","err":"exit status 0xc0000142","click":0,"loglevel":"warn"}
{"uptime":"420.016957","msg":"err in StartExecutable","click":0,"loglevel":"info"}
{"uptime":"420.016957","msg":"IsRunningExecutable of tasklist.exe","err":"exit status 0xc0000142","click":0,"loglevel":"warn"}
{"uptime":"435.017611","msg":"err in StartExecutable","click":0,"loglevel":"info"}
{"uptime":"435.017611","msg":"IsRunningExecutable of tasklist.exe","err":"exit status 0xc0000142","click":0,"loglevel":"warn"}
{"uptime":"450.016081","msg":"err in StartExecutable","click":0,"loglevel":"info"}
{"uptime":"450.016081","msg":"IsRunningExecutable of tasklist.exe","err":"exit status 0xc0000142","click":0,"loglevel":"warn"}
{"uptime":"0.000000","msg":"InitLog ==============================","date":"2024-12-25-21-17-52","logname":"monitor","click":0,"loglevel":"info"}
{"uptime":"0.000000","msg":"monitor is checking the engine.","click":0,"loglevel":"info"}
{"uptime":"0.024320","msg":"LogError","err":"joystickMonitor: disabled, unable to find joystick with 8 buttons","click":0,"loglevel":"error"}
{"uptime":"0.049451","msg":"LogError","port":"Logidy UMI3","err":"can't find MIDI input port Logidy UMI3","click":0,"loglevel":"error"}
{"uptime":"0.389856","msg":"checkEngine: engine is not running, killing everything, monitor should restart engine.","click":0,"loglevel":"info"}
{"uptime":"0.389856","msg":"KillAll","click":0,"loglevel":"info"}
{"uptime":"0.389856","msg":"KillExecutable","executable":"mmtt_kinect.exe","exe":"mmtt_kinect.exe","click":0,"loglevel":"info"}
{"uptime":"0.536022","msg":"KillExecutable","executable":"bidule.exe","exe":"bidule.exe","click":0,"loglevel":"info"}
{"uptime":"0.698936","msg":"KillExecutable","executable":"avenue.exe","exe":"avenue.exe","click":0,"loglevel":"info"}
{"uptime":"0.850922","msg":"KillExecutable","executable":"palette_gui.exe","exe":"palette_gui.exe","click":0,"loglevel":"info"}
{"uptime":"0.998004","msg":"KillExecutable","executable":"palette_engine.exe","exe":"palette_engine.exe","click":0,"loglevel":"info"}
{"uptime":"1.154374","msg":"KillExecutable","executable":"obs64.exe","exe":"obs64.exe","click":0,"loglevel":"info"}
{"uptime":"1.313646","msg":"KillExecutable","executable":"palette_chat.exe","exe":"palette_chat.exe","click":0,"loglevel":"info"}
{"uptime":"1.454678","msg":"checkEngine: restarting engine","click":0,"loglevel":"info"}
{"uptime":"75.015304","msg":"err in StartExecutable","click":0,"loglevel":"info"}
{"uptime":"75.015304","msg":"IsRunningExecutable of tasklist.exe","err":"exit status 0xc0000142","click":0,"loglevel":"warn"}
{"uptime":"90.016976","msg":"err in StartExecutable","click":0,"loglevel":"info"}
{"uptime":"90.016976","msg":"IsRunningExecutable of tasklist.exe","err":"exit status 0xc0000142","click":0,"loglevel":"warn"}
{"uptime":"105.018776","msg":"err in StartExecutable","click":0,"loglevel":"info"}
{"uptime":"105.018776","msg":"IsRunningExecutable of tasklist.exe","err":"exit status 0xc0000142","click":0,"loglevel":"warn"}
{"uptime":"0.000000","msg":"InitLog ==============================","date":"2024-12-25-21-36-46","logname":"monitor","click":0,"loglevel":"info"}
{"uptime":"0.000000","msg":"monitor is checking the engine.","click":0,"loglevel":"info"}
{"uptime":"0.022681","msg":"LogError","err":"joystickMonitor: disabled, unable to find joystick with 8 buttons","click":0,"loglevel":"error"}
{"uptime":"0.044959","msg":"LogError","port":"Logidy UMI3","err":"can't find MIDI input port Logidy UMI3","click":0,"loglevel":"error"}
{"uptime":"0.373329","msg":"checkEngine: engine is not running, killing everything, monitor should restart engine.","click":0,"loglevel":"info"}
{"uptime":"0.373329","msg":"KillAll","click":0,"loglevel":"info"}
{"uptime":"0.373329","msg":"KillExecutable","executable":"mmtt_kinect.exe","exe":"mmtt_kinect.exe","click":0,"loglevel":"info"}
{"uptime":"0.519383","msg":"KillExecutable","executable":"bidule.exe","exe":"bidule.exe","click":0,"loglevel":"info"}
{"uptime":"0.694237","msg":"KillExecutable","executable":"avenue.exe","exe":"avenue.exe","click":0,"loglevel":"info"}
{"uptime":"0.858947","msg":"KillExecutable","executable":"palette_gui.exe","exe":"palette_gui.exe","click":0,"loglevel":"info"}
{"uptime":"1.022120","msg":"KillExecutable","executable":"palette_engine.exe","exe":"palette_engine.exe","click":0,"loglevel":"info"}
{"uptime":"1.183535","msg":"KillExecutable","executable":"obs64.exe","exe":"obs64.exe","click":0,"loglevel":"info"}
{"uptime":"1.329353","msg":"KillExecutable","executable":"palette_chat.exe","exe":"palette_chat.exe","click":0,"loglevel":"info"}
{"uptime":"1.488796","msg":"checkEngine: restarting engine","click":0,"loglevel":"info"}
