[0.000,0] NosuchDebugInit: Level=0 Cursor=0 Param=0 API=0
[0.000,0] NosuchDebugInit: Level=0 Cursor=0 Param=0 API=0
[0.000,0] Using configfile=C:\Users\space\Github\palette\data_omnisphere\config\ffgl.json
[0.000,0] Loading config=C:\Users\space\Github\palette\data_omnisphere\config\ffgl.json
[0.000,0] LoadPaletteConfig start
[0.000,0] NosuchDebugLevel = 0
[0.000,0] NosuchDebugInit: Level=0 Cursor=0 Param=0 API=0
[0.000,0] NosuchDebugInit: Level=0 Cursor=0 Param=0 API=0
[0.001,0] Using configfile=C:\Users\space\Github\palette\data_omnisphere\config\ffgl.json
[0.001,0] Loading config=C:\Users\space\Github\palette\data_omnisphere\config\ffgl.json
[0.001,0] LoadPaletteConfig start
[0.001,0] NosuchDebugLevel = 0
[1.081,0] NosuchDebugInit: Level=0 Cursor=1 Param=1 API=1
[1.081,0] Using configfile=C:\Users\space\Github\palette\data_omnisphere\config\ffgl.json
[1.081,0] Loading config=C:\Users\space\Github\palette\data_omnisphere\config\ffgl.json
[1.081,0] LoadPaletteConfig start
[1.081,0] NosuchDebugLevel = 0
[1.081,0] Palette.InitGL: x,y=0,0 w,h=1920,1080
[1.082,0] PaletteHost::SetOscPort: PaletteDaemon is listening on port=3334
[1.084,0] NosuchDebugInit: Level=0 Cursor=1 Param=1 API=1
[1.084,0] Using configfile=C:\Users\space\Github\palette\data_omnisphere\config\ffgl.json
[1.084,0] Loading config=C:\Users\space\Github\palette\data_omnisphere\config\ffgl.json
[1.084,0] LoadPaletteConfig start
[1.084,0] NosuchDebugLevel = 0
[1.084,0] Palette.InitGL: x,y=0,0 w,h=1920,1080
[1.084,0] PaletteHost::SetOscPort: PaletteDaemon is listening on port=3335
[1.085,0] NosuchDebugInit: Level=0 Cursor=1 Param=1 API=1
[1.085,0] Using configfile=C:\Users\space\Github\palette\data_omnisphere\config\ffgl.json
[1.085,0] Loading config=C:\Users\space\Github\palette\data_omnisphere\config\ffgl.json
[1.085,0] LoadPaletteConfig start
[1.085,0] NosuchDebugLevel = 0
[1.085,0] Palette.InitGL: x,y=0,0 w,h=1920,1080
[1.085,0] PaletteHost::SetOscPort: PaletteDaemon is listening on port=3336
[1.086,0] NosuchDebugInit: Level=0 Cursor=1 Param=1 API=1
[1.086,0] Using configfile=C:\Users\space\Github\palette\data_omnisphere\config\ffgl.json
[1.086,0] Loading config=C:\Users\space\Github\palette\data_omnisphere\config\ffgl.json
[1.087,0] LoadPaletteConfig start
[1.087,0] NosuchDebugLevel = 0
[1.087,0] Palette.InitGL: x,y=0,0 w,h=1920,1080
[1.087,0] PaletteHost::SetOscPort: PaletteDaemon is listening on port=3337
[81.067,0] Layer.clearCursor: deleting cid=97
[0.000,0] NosuchDebugInit: Level=0 Cursor=0 Param=0 API=0
[0.001,0] NosuchDebugInit: Level=0 Cursor=0 Param=0 API=0
[0.001,0] Using configfile=C:\Users\space\Github\palette\data_omnisphere\config\ffgl.json
[0.001,0] Loading config=C:\Users\space\Github\palette\data_omnisphere\config\ffgl.json
[0.001,0] LoadPaletteConfig start
[0.001,0] NosuchDebugLevel = 0
[0.000,0] NosuchDebugInit: Level=0 Cursor=0 Param=0 API=0
[0.000,0] NosuchDebugInit: Level=0 Cursor=0 Param=0 API=0
[0.000,0] Using configfile=C:\Users\space\Github\palette\data_omnisphere\config\ffgl.json
[0.001,0] Loading config=C:\Users\space\Github\palette\data_omnisphere\config\ffgl.json
[0.001,0] LoadPaletteConfig start
[0.001,0] NosuchDebugLevel = 0
[0.130,0] NosuchDebugInit: Level=0 Cursor=1 Param=1 API=1
[0.131,0] Using configfile=C:\Users\space\Github\palette\data_omnisphere\config\ffgl.json
[0.131,0] Loading config=C:\Users\space\Github\palette\data_omnisphere\config\ffgl.json
[0.131,0] LoadPaletteConfig start
[0.131,0] NosuchDebugLevel = 0
[0.133,0] Palette.InitGL: x,y=0,0 w,h=1920,1080
[0.133,0] PaletteHost::SetOscPort: PaletteDaemon is listening on port=3334
[1.916,0] NosuchDebugInit: Level=0 Cursor=1 Param=1 API=1
[1.916,0] Using configfile=C:\Users\space\Github\palette\data_omnisphere\config\ffgl.json
[1.916,0] Loading config=C:\Users\space\Github\palette\data_omnisphere\config\ffgl.json
[1.916,0] LoadPaletteConfig start
[1.916,0] NosuchDebugLevel = 0
[1.916,0] Palette.InitGL: x,y=0,0 w,h=1920,1080
[1.916,0] PaletteHost::SetOscPort: PaletteDaemon is listening on port=3335
[1.918,0] NosuchDebugInit: Level=0 Cursor=1 Param=1 API=1
[1.918,0] Using configfile=C:\Users\space\Github\palette\data_omnisphere\config\ffgl.json
[1.918,0] Loading config=C:\Users\space\Github\palette\data_omnisphere\config\ffgl.json
[1.918,0] LoadPaletteConfig start
[1.918,0] NosuchDebugLevel = 0
[1.918,0] Palette.InitGL: x,y=0,0 w,h=1920,1080
[1.918,0] PaletteHost::SetOscPort: PaletteDaemon is listening on port=3336
[1.919,0] NosuchDebugInit: Level=0 Cursor=1 Param=1 API=1
[1.919,0] Using configfile=C:\Users\space\Github\palette\data_omnisphere\config\ffgl.json
[1.919,0] Loading config=C:\Users\space\Github\palette\data_omnisphere\config\ffgl.json
[1.919,0] LoadPaletteConfig start
[1.919,0] NosuchDebugLevel = 0
[1.919,0] Palette.InitGL: x,y=0,0 w,h=1920,1080
[1.919,0] PaletteHost::SetOscPort: PaletteDaemon is listening on port=3337
[113.586,0] Layer.deleteOldCursors: deleting cid=31
[0.000,0] NosuchDebugInit: Level=0 Cursor=0 Param=0 API=0
[0.001,0] NosuchDebugInit: Level=0 Cursor=0 Param=0 API=0
[0.001,0] Using configfile=C:\Users\space\Github\palette\data_omnisphere\config\ffgl.json
[0.001,0] Loading config=C:\Users\space\Github\palette\data_omnisphere\config\ffgl.json
[0.001,0] LoadPaletteConfig start
[0.001,0] NosuchDebugLevel = 0
[0.000,0] NosuchDebugInit: Level=0 Cursor=0 Param=0 API=0
[0.000,0] NosuchDebugInit: Level=0 Cursor=0 Param=0 API=0
[0.000,0] Using configfile=C:\Users\space\Github\palette\data_omnisphere\config\ffgl.json
[0.000,0] Loading config=C:\Users\space\Github\palette\data_omnisphere\config\ffgl.json
[0.000,0] LoadPaletteConfig start
[0.000,0] NosuchDebugLevel = 0
[0.140,0] NosuchDebugInit: Level=0 Cursor=1 Param=1 API=1
[0.140,0] Using configfile=C:\Users\space\Github\palette\data_omnisphere\config\ffgl.json
[0.141,0] Loading config=C:\Users\space\Github\palette\data_omnisphere\config\ffgl.json
[0.141,0] LoadPaletteConfig start
[0.141,0] NosuchDebugLevel = 0
[0.143,0] Palette.InitGL: x,y=0,0 w,h=1920,1080
[0.143,0] PaletteHost::SetOscPort: PaletteDaemon is listening on port=3334
[0.145,0] NosuchDebugInit: Level=0 Cursor=1 Param=1 API=1
[0.145,0] Using configfile=C:\Users\space\Github\palette\data_omnisphere\config\ffgl.json
[0.145,0] Loading config=C:\Users\space\Github\palette\data_omnisphere\config\ffgl.json
[0.145,0] LoadPaletteConfig start
[0.145,0] NosuchDebugLevel = 0
[0.145,0] Palette.InitGL: x,y=0,0 w,h=1920,1080
[0.146,0] PaletteHost::SetOscPort: PaletteDaemon is listening on port=3335
[2.125,0] NosuchDebugInit: Level=0 Cursor=1 Param=1 API=1
[2.126,0] Using configfile=C:\Users\space\Github\palette\data_omnisphere\config\ffgl.json
[2.126,0] Loading config=C:\Users\space\Github\palette\data_omnisphere\config\ffgl.json
[2.126,0] LoadPaletteConfig start
[2.126,0] NosuchDebugLevel = 0
[2.126,0] Palette.InitGL: x,y=0,0 w,h=1920,1080
[2.126,0] PaletteHost::SetOscPort: PaletteDaemon is listening on port=3336
[2.127,0] NosuchDebugInit: Level=0 Cursor=1 Param=1 API=1
[2.127,0] Using configfile=C:\Users\space\Github\palette\data_omnisphere\config\ffgl.json
[2.127,0] Loading config=C:\Users\space\Github\palette\data_omnisphere\config\ffgl.json
[2.127,0] LoadPaletteConfig start
[2.127,0] NosuchDebugLevel = 0
[2.127,0] Palette.InitGL: x,y=0,0 w,h=1920,1080
[2.127,0] PaletteHost::SetOscPort: PaletteDaemon is listening on port=3337
[0.000,0] NosuchDebugInit: Level=0 Cursor=0 Param=0 API=0
[0.000,0] NosuchDebugInit: Level=0 Cursor=0 Param=0 API=0
[0.000,0] Using configfile=C:\Users\space\Github\palette\data_omnisphere\config\ffgl.json
[0.003,0] Loading config=C:\Users\space\Github\palette\data_omnisphere\config\ffgl.json
[0.003,0] LoadPaletteConfig start
[0.003,0] NosuchDebugLevel = 0
[0.001,0] NosuchDebugInit: Level=0 Cursor=0 Param=0 API=0
[0.002,0] NosuchDebugInit: Level=0 Cursor=0 Param=0 API=0
[0.002,0] Using configfile=C:\Users\space\Github\palette\data_omnisphere\config\ffgl.json
[0.002,0] Loading config=C:\Users\space\Github\palette\data_omnisphere\config\ffgl.json
[0.002,0] LoadPaletteConfig start
[0.002,0] NosuchDebugLevel = 0
[0.884,0] NosuchDebugInit: Level=0 Cursor=1 Param=1 API=1
[0.884,0] Using configfile=C:\Users\space\Github\palette\data_omnisphere\config\ffgl.json
[0.884,0] Loading config=C:\Users\space\Github\palette\data_omnisphere\config\ffgl.json
[0.884,0] LoadPaletteConfig start
[0.884,0] NosuchDebugLevel = 0
[0.886,0] Palette.InitGL: x,y=0,0 w,h=1920,1080
[0.886,0] PaletteHost::SetOscPort: PaletteDaemon is listening on port=3334
[0.889,0] NosuchDebugInit: Level=0 Cursor=1 Param=1 API=1
[0.889,0] Using configfile=C:\Users\space\Github\palette\data_omnisphere\config\ffgl.json
[0.889,0] Loading config=C:\Users\space\Github\palette\data_omnisphere\config\ffgl.json
[0.889,0] LoadPaletteConfig start
[0.889,0] NosuchDebugLevel = 0
[0.889,0] Palette.InitGL: x,y=0,0 w,h=1920,1080
[0.889,0] PaletteHost::SetOscPort: PaletteDaemon is listening on port=3335
[0.890,0] NosuchDebugInit: Level=0 Cursor=1 Param=1 API=1
[0.890,0] Using configfile=C:\Users\space\Github\palette\data_omnisphere\config\ffgl.json
[0.890,0] Loading config=C:\Users\space\Github\palette\data_omnisphere\config\ffgl.json
[0.890,0] LoadPaletteConfig start
[0.890,0] NosuchDebugLevel = 0
[0.890,0] Palette.InitGL: x,y=0,0 w,h=1920,1080
[0.890,0] PaletteHost::SetOscPort: PaletteDaemon is listening on port=3336
[0.891,0] NosuchDebugInit: Level=0 Cursor=1 Param=1 API=1
[0.891,0] Using configfile=C:\Users\space\Github\palette\data_omnisphere\config\ffgl.json
[0.891,0] Loading config=C:\Users\space\Github\palette\data_omnisphere\config\ffgl.json
[0.891,0] LoadPaletteConfig start
[0.891,0] NosuchDebugLevel = 0
[0.891,0] Palette.InitGL: x,y=0,0 w,h=1920,1080
[0.891,0] PaletteHost::SetOscPort: PaletteDaemon is listening on port=3337
[799.089,0] Layer.clearCursor: deleting cid=495
[0.000,0] NosuchDebugInit: Level=0 Cursor=0 Param=0 API=0
[0.000,0] NosuchDebugInit: Level=0 Cursor=0 Param=0 API=0
[0.000,0] Using configfile=C:\Users\space\Github\palette\data_omnisphere\config\ffgl.json
[0.003,0] Loading config=C:\Users\space\Github\palette\data_omnisphere\config\ffgl.json
[0.003,0] LoadPaletteConfig start
[0.003,0] NosuchDebugLevel = 0
[0.000,0] NosuchDebugInit: Level=0 Cursor=0 Param=0 API=0
[0.000,0] NosuchDebugInit: Level=0 Cursor=0 Param=0 API=0
[0.000,0] Using configfile=C:\Users\space\Github\palette\data_omnisphere\config\ffgl.json
[0.000,0] Loading config=C:\Users\space\Github\palette\data_omnisphere\config\ffgl.json
[0.000,0] LoadPaletteConfig start
[0.000,0] NosuchDebugLevel = 0
[1.119,0] NosuchDebugInit: Level=0 Cursor=1 Param=1 API=1
[1.119,0] Using configfile=C:\Users\space\Github\palette\data_omnisphere\config\ffgl.json
[1.119,0] Loading config=C:\Users\space\Github\palette\data_omnisphere\config\ffgl.json
[1.120,0] LoadPaletteConfig start
[1.120,0] NosuchDebugLevel = 0
[1.121,0] Palette.InitGL: x,y=0,0 w,h=1920,1080
[1.121,0] PaletteHost::SetOscPort: PaletteDaemon is listening on port=3334
[1.124,0] NosuchDebugInit: Level=0 Cursor=1 Param=1 API=1
[1.124,0] Using configfile=C:\Users\space\Github\palette\data_omnisphere\config\ffgl.json
[1.124,0] Loading config=C:\Users\space\Github\palette\data_omnisphere\config\ffgl.json
[1.124,0] LoadPaletteConfig start
[1.124,0] NosuchDebugLevel = 0
[1.124,0] Palette.InitGL: x,y=0,0 w,h=1920,1080
[1.125,0] PaletteHost::SetOscPort: PaletteDaemon is listening on port=3335
[1.125,0] NosuchDebugInit: Level=0 Cursor=1 Param=1 API=1
[1.125,0] Using configfile=C:\Users\space\Github\palette\data_omnisphere\config\ffgl.json
[1.125,0] Loading config=C:\Users\space\Github\palette\data_omnisphere\config\ffgl.json
[1.125,0] LoadPaletteConfig start
[1.125,0] NosuchDebugLevel = 0
[1.125,0] Palette.InitGL: x,y=0,0 w,h=1920,1080
[1.125,0] PaletteHost::SetOscPort: PaletteDaemon is listening on port=3336
[1.126,0] NosuchDebugInit: Level=0 Cursor=1 Param=1 API=1
[1.126,0] Using configfile=C:\Users\space\Github\palette\data_omnisphere\config\ffgl.json
[1.126,0] Loading config=C:\Users\space\Github\palette\data_omnisphere\config\ffgl.json
[1.126,0] LoadPaletteConfig start
[1.126,0] NosuchDebugLevel = 0
[1.127,0] Palette.InitGL: x,y=0,0 w,h=1920,1080
[1.127,0] PaletteHost::SetOscPort: PaletteDaemon is listening on port=3337
[60.631,0] Layer.clearCursor: deleting cid=3
[466.292,0] Layer.clearCursor: deleting cid=309
[6187.886,0] Layer.clearCursor: deleting cid=4189
[11108.474,0] Layer.clearCursor: deleting cid=7846
[0.000,0] NosuchDebugInit: Level=0 Cursor=0 Param=0 API=0
[0.000,0] NosuchDebugInit: Level=0 Cursor=0 Param=0 API=0
[0.000,0] Using configfile=C:\Users\space\Github\palette\data_omnisphere\config\ffgl.json
[0.003,0] Loading config=C:\Users\space\Github\palette\data_omnisphere\config\ffgl.json
[0.003,0] LoadPaletteConfig start
[0.003,0] NosuchDebugLevel = 0
[0.000,0] NosuchDebugInit: Level=0 Cursor=0 Param=0 API=0
[0.000,0] NosuchDebugInit: Level=0 Cursor=0 Param=0 API=0
[0.000,0] Using configfile=C:\Users\space\Github\palette\data_omnisphere\config\ffgl.json
[0.000,0] Loading config=C:\Users\space\Github\palette\data_omnisphere\config\ffgl.json
[0.000,0] LoadPaletteConfig start
[0.000,0] NosuchDebugLevel = 0
[0.867,0] NosuchDebugInit: Level=0 Cursor=1 Param=1 API=1
[0.867,0] Using configfile=C:\Users\space\Github\palette\data_omnisphere\config\ffgl.json
[0.867,0] Loading config=C:\Users\space\Github\palette\data_omnisphere\config\ffgl.json
[0.867,0] LoadPaletteConfig start
[0.867,0] NosuchDebugLevel = 0
[0.868,0] Palette.InitGL: x,y=0,0 w,h=1920,1080
[0.869,0] PaletteHost::SetOscPort: PaletteDaemon is listening on port=3334
[0.871,0] NosuchDebugInit: Level=0 Cursor=1 Param=1 API=1
[0.871,0] Using configfile=C:\Users\space\Github\palette\data_omnisphere\config\ffgl.json
[0.871,0] Loading config=C:\Users\space\Github\palette\data_omnisphere\config\ffgl.json
[0.871,0] LoadPaletteConfig start
[0.871,0] NosuchDebugLevel = 0
[0.871,0] Palette.InitGL: x,y=0,0 w,h=1920,1080
[0.871,0] PaletteHost::SetOscPort: PaletteDaemon is listening on port=3335
[0.872,0] NosuchDebugInit: Level=0 Cursor=1 Param=1 API=1
[0.872,0] Using configfile=C:\Users\space\Github\palette\data_omnisphere\config\ffgl.json
[0.873,0] Loading config=C:\Users\space\Github\palette\data_omnisphere\config\ffgl.json
[0.873,0] LoadPaletteConfig start
[0.873,0] NosuchDebugLevel = 0
[0.873,0] Palette.InitGL: x,y=0,0 w,h=1920,1080
[0.873,0] PaletteHost::SetOscPort: PaletteDaemon is listening on port=3336
[0.873,0] NosuchDebugInit: Level=0 Cursor=1 Param=1 API=1
[0.874,0] Using configfile=C:\Users\space\Github\palette\data_omnisphere\config\ffgl.json
[0.874,0] Loading config=C:\Users\space\Github\palette\data_omnisphere\config\ffgl.json
[0.874,0] LoadPaletteConfig start
[0.874,0] NosuchDebugLevel = 0
[0.874,0] Palette.InitGL: x,y=0,0 w,h=1920,1080
[0.874,0] PaletteHost::SetOscPort: PaletteDaemon is listening on port=3337
[0.000,0] NosuchDebugInit: Level=0 Cursor=0 Param=0 API=0
[0.000,0] NosuchDebugInit: Level=0 Cursor=0 Param=0 API=0
[0.000,0] Using configfile=C:\Users\space\Github\palette\data_omnisphere\config\ffgl.json
[0.002,0] Loading config=C:\Users\space\Github\palette\data_omnisphere\config\ffgl.json
[0.003,0] LoadPaletteConfig start
[0.003,0] NosuchDebugLevel = 0
[0.000,0] NosuchDebugInit: Level=0 Cursor=0 Param=0 API=0
[0.000,0] NosuchDebugInit: Level=0 Cursor=0 Param=0 API=0
[0.000,0] Using configfile=C:\Users\space\Github\palette\data_omnisphere\config\ffgl.json
[0.000,0] Loading config=C:\Users\space\Github\palette\data_omnisphere\config\ffgl.json
[0.000,0] LoadPaletteConfig start
[0.001,0] NosuchDebugLevel = 0
[1.415,0] NosuchDebugInit: Level=0 Cursor=1 Param=1 API=1
[1.416,0] Using configfile=C:\Users\space\Github\palette\data_omnisphere\config\ffgl.json
[1.416,0] Loading config=C:\Users\space\Github\palette\data_omnisphere\config\ffgl.json
[1.416,0] LoadPaletteConfig start
[1.416,0] NosuchDebugLevel = 0
[1.417,0] Palette.InitGL: x,y=0,0 w,h=1920,1080
[1.417,0] PaletteHost::SetOscPort: PaletteDaemon is listening on port=3334
[1.419,0] NosuchDebugInit: Level=0 Cursor=1 Param=1 API=1
[1.419,0] Using configfile=C:\Users\space\Github\palette\data_omnisphere\config\ffgl.json
[1.419,0] Loading config=C:\Users\space\Github\palette\data_omnisphere\config\ffgl.json
[1.419,0] LoadPaletteConfig start
[1.419,0] NosuchDebugLevel = 0
[1.419,0] Palette.InitGL: x,y=0,0 w,h=1920,1080
[1.420,0] PaletteHost::SetOscPort: PaletteDaemon is listening on port=3335
[1.420,0] NosuchDebugInit: Level=0 Cursor=1 Param=1 API=1
[1.421,0] Using configfile=C:\Users\space\Github\palette\data_omnisphere\config\ffgl.json
[1.421,0] Loading config=C:\Users\space\Github\palette\data_omnisphere\config\ffgl.json
[1.421,0] LoadPaletteConfig start
[1.421,0] NosuchDebugLevel = 0
[1.421,0] Palette.InitGL: x,y=0,0 w,h=1920,1080
[1.421,0] PaletteHost::SetOscPort: PaletteDaemon is listening on port=3336
[1.421,0] NosuchDebugInit: Level=0 Cursor=1 Param=1 API=1
[1.421,0] Using configfile=C:\Users\space\Github\palette\data_omnisphere\config\ffgl.json
[1.421,0] Loading config=C:\Users\space\Github\palette\data_omnisphere\config\ffgl.json
[1.421,0] LoadPaletteConfig start
[1.421,0] NosuchDebugLevel = 0
[1.421,0] Palette.InitGL: x,y=0,0 w,h=1920,1080
[1.423,0] PaletteHost::SetOscPort: PaletteDaemon is listening on port=3337
[0.001,0] NosuchDebugInit: Level=0 Cursor=0 Param=0 API=0
[0.001,0] NosuchDebugInit: Level=0 Cursor=0 Param=0 API=0
[0.002,0] Using configfile=C:\Users\space\Github\palette\data_omnisphere\config\ffgl.json
[0.004,0] Loading config=C:\Users\space\Github\palette\data_omnisphere\config\ffgl.json
[0.004,0] LoadPaletteConfig start
[0.004,0] NosuchDebugLevel = 0
[0.000,0] NosuchDebugInit: Level=0 Cursor=0 Param=0 API=0
[0.000,0] NosuchDebugInit: Level=0 Cursor=0 Param=0 API=0
[0.000,0] Using configfile=C:\Users\space\Github\palette\data_omnisphere\config\ffgl.json
[0.000,0] Loading config=C:\Users\space\Github\palette\data_omnisphere\config\ffgl.json
[0.000,0] LoadPaletteConfig start
[0.000,0] NosuchDebugLevel = 0
[0.982,0] NosuchDebugInit: Level=0 Cursor=1 Param=1 API=1
[0.982,0] Using configfile=C:\Users\space\Github\palette\data_omnisphere\config\ffgl.json
[0.982,0] Loading config=C:\Users\space\Github\palette\data_omnisphere\config\ffgl.json
[0.982,0] LoadPaletteConfig start
[0.982,0] NosuchDebugLevel = 0
[0.983,0] Palette.InitGL: x,y=0,0 w,h=1920,1080
[0.984,0] PaletteHost::SetOscPort: PaletteDaemon is listening on port=3334
[0.986,0] NosuchDebugInit: Level=0 Cursor=1 Param=1 API=1
[0.986,0] Using configfile=C:\Users\space\Github\palette\data_omnisphere\config\ffgl.json
[0.986,0] Loading config=C:\Users\space\Github\palette\data_omnisphere\config\ffgl.json
[0.986,0] LoadPaletteConfig start
[0.986,0] NosuchDebugLevel = 0
[0.986,0] Palette.InitGL: x,y=0,0 w,h=1920,1080
[0.986,0] PaletteHost::SetOscPort: PaletteDaemon is listening on port=3335
[0.987,0] NosuchDebugInit: Level=0 Cursor=1 Param=1 API=1
[0.987,0] Using configfile=C:\Users\space\Github\palette\data_omnisphere\config\ffgl.json
[0.987,0] Loading config=C:\Users\space\Github\palette\data_omnisphere\config\ffgl.json
[0.987,0] LoadPaletteConfig start
[0.988,0] NosuchDebugLevel = 0
[0.988,0] Palette.InitGL: x,y=0,0 w,h=1920,1080
[0.988,0] PaletteHost::SetOscPort: PaletteDaemon is listening on port=3336
[0.988,0] NosuchDebugInit: Level=0 Cursor=1 Param=1 API=1
[0.988,0] Using configfile=C:\Users\space\Github\palette\data_omnisphere\config\ffgl.json
[0.988,0] Loading config=C:\Users\space\Github\palette\data_omnisphere\config\ffgl.json
[0.989,0] LoadPaletteConfig start
[0.989,0] NosuchDebugLevel = 0
[0.989,0] Palette.InitGL: x,y=0,0 w,h=1920,1080
[0.989,0] PaletteHost::SetOscPort: PaletteDaemon is listening on port=3337
