{"uptime":"0.000000","msg":"InitLog ==============================","date":"2024-07-17-21-09-00","logname":"monitor","click":0,"loglevel":"info"}
{"uptime":"0.000000","msg":"monitor is checking the engine.","click":0,"loglevel":"info"}
{"uptime":"0.022637","msg":"LogError","port":"Logidy UMI3","err":"can't find MIDI input port Logidy UMI3","click":0,"loglevel":"error"}
{"uptime":"0.094289","msg":"checkEngine: engine is not running, killing everything, monitor should restart engine.","click":0,"loglevel":"info"}
{"uptime":"0.094289","msg":"KillAll","click":0,"loglevel":"info"}
{"uptime":"0.094289","msg":"KillExecutable","executable":"mmtt_kinect.exe","exe":"mmtt_kinect.exe","click":0,"loglevel":"info"}
{"uptime":"0.101306","msg":"joystick check","j":0,"name":"Microsoft PC-joystick driver","buttoncount":16,"click":0,"loglevel":"info"}
{"uptime":"0.116564","msg":"joystick check","j":1,"name":"Microsoft PC-joystick driver","buttoncount":16,"click":0,"loglevel":"info"}
{"uptime":"0.130237","msg":"joystick check","j":2,"name":"Microsoft PC-joystick driver","buttoncount":16,"click":0,"loglevel":"info"}
{"uptime":"0.135335","msg":"KillExecutable","executable":"bidule.exe","exe":"bidule.exe","click":0,"loglevel":"info"}
{"uptime":"0.143504","msg":"joystick check","j":3,"name":"Microsoft PC-joystick driver","buttoncount":16,"click":0,"loglevel":"info"}
{"uptime":"0.161622","msg":"LogError","err":"joystickMonitor: disabled, unable to find joystick with 8 buttons","click":0,"loglevel":"error"}
{"uptime":"0.178007","msg":"KillExecutable","executable":"avenue.exe","exe":"avenue.exe","click":0,"loglevel":"info"}
{"uptime":"0.213123","msg":"KillExecutable","executable":"palette_gui.exe","exe":"palette_gui.exe","click":0,"loglevel":"info"}
{"uptime":"0.250116","msg":"KillExecutable","executable":"palette_engine.exe","exe":"palette_engine.exe","click":0,"loglevel":"info"}
{"uptime":"0.285265","msg":"KillExecutable","executable":"obs64.exe","exe":"obs64.exe","click":0,"loglevel":"info"}
{"uptime":"0.321051","msg":"KillExecutable","executable":"palette_chat.exe","exe":"palette_chat.exe","click":0,"loglevel":"info"}
{"uptime":"0.354982","msg":"checkEngine: restarting engine","click":0,"loglevel":"info"}
{"uptime":"0.000000","msg":"InitLog ==============================","date":"2024-07-17-21-12-38","logname":"monitor","click":0,"loglevel":"info"}
{"uptime":"0.000000","msg":"monitor is checking the engine.","click":0,"loglevel":"info"}
{"uptime":"0.023381","msg":"LogError","port":"Logidy UMI3","err":"can't find MIDI input port Logidy UMI3","click":0,"loglevel":"error"}
{"uptime":"0.083635","msg":"checkEngine: engine is not running, killing everything, monitor should restart engine.","click":0,"loglevel":"info"}
{"uptime":"0.083635","msg":"KillAll","click":0,"loglevel":"info"}
{"uptime":"0.083635","msg":"KillExecutable","executable":"mmtt_kinect.exe","exe":"mmtt_kinect.exe","click":0,"loglevel":"info"}
{"uptime":"0.107001","msg":"joystick check","j":0,"name":"Microsoft PC-joystick driver","buttoncount":16,"click":0,"loglevel":"info"}
{"uptime":"0.119059","msg":"joystick check","j":1,"name":"Microsoft PC-joystick driver","buttoncount":16,"click":0,"loglevel":"info"}
{"uptime":"0.121092","msg":"KillExecutable","executable":"bidule.exe","exe":"bidule.exe","click":0,"loglevel":"info"}
{"uptime":"0.132033","msg":"joystick check","j":2,"name":"Microsoft PC-joystick driver","buttoncount":16,"click":0,"loglevel":"info"}
{"uptime":"0.144337","msg":"joystick check","j":3,"name":"Microsoft PC-joystick driver","buttoncount":16,"click":0,"loglevel":"info"}
{"uptime":"0.152089","msg":"KillExecutable","executable":"avenue.exe","exe":"avenue.exe","click":0,"loglevel":"info"}
{"uptime":"0.156240","msg":"LogError","err":"joystickMonitor: disabled, unable to find joystick with 8 buttons","click":0,"loglevel":"error"}
{"uptime":"0.182425","msg":"KillExecutable","executable":"palette_gui.exe","exe":"palette_gui.exe","click":0,"loglevel":"info"}
{"uptime":"0.212632","msg":"KillExecutable","executable":"palette_engine.exe","exe":"palette_engine.exe","click":0,"loglevel":"info"}
{"uptime":"0.242488","msg":"KillExecutable","executable":"obs64.exe","exe":"obs64.exe","click":0,"loglevel":"info"}
{"uptime":"0.272259","msg":"KillExecutable","executable":"palette_chat.exe","exe":"palette_chat.exe","click":0,"loglevel":"info"}
{"uptime":"0.302345","msg":"checkEngine: restarting engine","click":0,"loglevel":"info"}
{"uptime":"0.000000","msg":"InitLog ==============================","date":"2024-07-17-21-16-42","logname":"monitor","click":0,"loglevel":"info"}
{"uptime":"0.000000","msg":"monitor is checking the engine.","click":0,"loglevel":"info"}
{"uptime":"0.022599","msg":"LogError","port":"Logidy UMI3","err":"can't find MIDI input port Logidy UMI3","click":0,"loglevel":"error"}
{"uptime":"0.075425","msg":"joystick check","j":0,"name":"Microsoft PC-joystick driver","buttoncount":16,"click":0,"loglevel":"info"}
{"uptime":"0.075425","msg":"joystick check","j":1,"name":"Microsoft PC-joystick driver","buttoncount":16,"click":0,"loglevel":"info"}
{"uptime":"0.076938","msg":"joystick check","j":2,"name":"Microsoft PC-joystick driver","buttoncount":16,"click":0,"loglevel":"info"}
{"uptime":"0.076938","msg":"joystick check","j":3,"name":"Microsoft PC-joystick driver","buttoncount":16,"click":0,"loglevel":"info"}
{"uptime":"0.076938","msg":"LogError","err":"joystickMonitor: disabled, unable to find joystick with 8 buttons","click":0,"loglevel":"error"}
{"uptime":"0.085461","msg":"checkEngine: engine is not running, killing everything, monitor should restart engine.","click":0,"loglevel":"info"}
{"uptime":"0.085461","msg":"KillAll","click":0,"loglevel":"info"}
{"uptime":"0.085461","msg":"KillExecutable","executable":"mmtt_kinect.exe","exe":"mmtt_kinect.exe","click":0,"loglevel":"info"}
{"uptime":"0.118872","msg":"KillExecutable","executable":"bidule.exe","exe":"bidule.exe","click":0,"loglevel":"info"}
{"uptime":"0.177558","msg":"KillExecutable","executable":"avenue.exe","exe":"avenue.exe","click":0,"loglevel":"info"}
{"uptime":"0.209103","msg":"KillExecutable","executable":"palette_gui.exe","exe":"palette_gui.exe","click":0,"loglevel":"info"}
{"uptime":"0.232777","msg":"KillExecutable","executable":"palette_engine.exe","exe":"palette_engine.exe","click":0,"loglevel":"info"}
{"uptime":"0.259251","msg":"KillExecutable","executable":"obs64.exe","exe":"obs64.exe","click":0,"loglevel":"info"}
{"uptime":"0.295425","msg":"KillExecutable","executable":"palette_chat.exe","exe":"palette_chat.exe","click":0,"loglevel":"info"}
{"uptime":"0.327157","msg":"checkEngine: restarting engine","click":0,"loglevel":"info"}
{"uptime":"0.000000","msg":"InitLog ==============================","date":"2024-07-17-21-20-07","logname":"monitor","click":0,"loglevel":"info"}
{"uptime":"0.000510","msg":"monitor is checking the engine.","click":0,"loglevel":"info"}
{"uptime":"0.021104","msg":"LogError","port":"Logidy UMI3","err":"can't find MIDI input port Logidy UMI3","click":0,"loglevel":"error"}
{"uptime":"0.087711","msg":"checkEngine: engine is not running, killing everything, monitor should restart engine.","click":0,"loglevel":"info"}
{"uptime":"0.087711","msg":"KillAll","click":0,"loglevel":"info"}
{"uptime":"0.087711","msg":"KillExecutable","executable":"mmtt_kinect.exe","exe":"mmtt_kinect.exe","click":0,"loglevel":"info"}
{"uptime":"0.105233","msg":"joystick check","j":0,"name":"Microsoft PC-joystick driver","buttoncount":16,"click":0,"loglevel":"info"}
{"uptime":"0.118266","msg":"joystick check","j":1,"name":"Microsoft PC-joystick driver","buttoncount":16,"click":0,"loglevel":"info"}
{"uptime":"0.121897","msg":"KillExecutable","executable":"bidule.exe","exe":"bidule.exe","click":0,"loglevel":"info"}
{"uptime":"0.131121","msg":"joystick check","j":2,"name":"Microsoft PC-joystick driver","buttoncount":16,"click":0,"loglevel":"info"}
{"uptime":"0.134716","msg":"joystick check","j":3,"name":"Microsoft PC-joystick driver","buttoncount":16,"click":0,"loglevel":"info"}
{"uptime":"0.153570","msg":"KillExecutable","executable":"avenue.exe","exe":"avenue.exe","click":0,"loglevel":"info"}
{"uptime":"0.157169","msg":"LogError","err":"joystickMonitor: disabled, unable to find joystick with 8 buttons","click":0,"loglevel":"error"}
{"uptime":"0.184102","msg":"KillExecutable","executable":"palette_gui.exe","exe":"palette_gui.exe","click":0,"loglevel":"info"}
{"uptime":"0.215050","msg":"KillExecutable","executable":"palette_engine.exe","exe":"palette_engine.exe","click":0,"loglevel":"info"}
{"uptime":"0.245463","msg":"KillExecutable","executable":"obs64.exe","exe":"obs64.exe","click":0,"loglevel":"info"}
{"uptime":"0.275564","msg":"KillExecutable","executable":"palette_chat.exe","exe":"palette_chat.exe","click":0,"loglevel":"info"}
{"uptime":"0.305529","msg":"checkEngine: restarting engine","click":0,"loglevel":"info"}
{"uptime":"0.000000","msg":"InitLog ==============================","date":"2024-07-17-22-11-56","logname":"monitor","click":0,"loglevel":"info"}
{"uptime":"0.000000","msg":"monitor is checking the engine.","click":0,"loglevel":"info"}
{"uptime":"0.022940","msg":"LogError","port":"Logidy UMI3","err":"can't find MIDI input port Logidy UMI3","click":0,"loglevel":"error"}
{"uptime":"0.082465","msg":"checkEngine: engine is not running, killing everything, monitor should restart engine.","click":0,"loglevel":"info"}
{"uptime":"0.082465","msg":"KillAll","click":0,"loglevel":"info"}
{"uptime":"0.082465","msg":"KillExecutable","executable":"mmtt_kinect.exe","exe":"mmtt_kinect.exe","click":0,"loglevel":"info"}
{"uptime":"0.105906","msg":"joystick check","j":0,"name":"Microsoft PC-joystick driver","buttoncount":16,"click":0,"loglevel":"info"}
{"uptime":"0.118031","msg":"KillExecutable","executable":"bidule.exe","exe":"bidule.exe","click":0,"loglevel":"info"}
{"uptime":"0.118534","msg":"joystick check","j":1,"name":"Microsoft PC-joystick driver","buttoncount":16,"click":0,"loglevel":"info"}
{"uptime":"0.131911","msg":"joystick check","j":2,"name":"Microsoft PC-joystick driver","buttoncount":16,"click":0,"loglevel":"info"}
{"uptime":"0.144741","msg":"joystick check","j":3,"name":"Microsoft PC-joystick driver","buttoncount":16,"click":0,"loglevel":"info"}
{"uptime":"0.149329","msg":"KillExecutable","executable":"avenue.exe","exe":"avenue.exe","click":0,"loglevel":"info"}
{"uptime":"0.157534","msg":"LogError","err":"joystickMonitor: disabled, unable to find joystick with 8 buttons","click":0,"loglevel":"error"}
{"uptime":"0.180368","msg":"KillExecutable","executable":"palette_gui.exe","exe":"palette_gui.exe","click":0,"loglevel":"info"}
{"uptime":"0.210796","msg":"KillExecutable","executable":"palette_engine.exe","exe":"palette_engine.exe","click":0,"loglevel":"info"}
{"uptime":"0.241056","msg":"KillExecutable","executable":"obs64.exe","exe":"obs64.exe","click":0,"loglevel":"info"}
{"uptime":"0.271391","msg":"KillExecutable","executable":"palette_chat.exe","exe":"palette_chat.exe","click":0,"loglevel":"info"}
{"uptime":"0.301742","msg":"checkEngine: restarting engine","click":0,"loglevel":"info"}
{"uptime":"0.000000","msg":"InitLog ==============================","date":"2024-07-18-15-44-46","logname":"monitor","click":0,"loglevel":"info"}
{"uptime":"0.000000","msg":"monitor is checking the engine.","click":0,"loglevel":"info"}
{"uptime":"0.022605","msg":"LogError","port":"Logidy UMI3","err":"can't find MIDI input port Logidy UMI3","click":0,"loglevel":"error"}
{"uptime":"0.081448","msg":"checkEngine: engine is not running, killing everything, monitor should restart engine.","click":0,"loglevel":"info"}
{"uptime":"0.081448","msg":"KillAll","click":0,"loglevel":"info"}
{"uptime":"0.081448","msg":"KillExecutable","executable":"mmtt_kinect.exe","exe":"mmtt_kinect.exe","click":0,"loglevel":"info"}
{"uptime":"0.097379","msg":"joystick check","j":0,"name":"Microsoft PC-joystick driver","buttoncount":16,"click":0,"loglevel":"info"}
{"uptime":"0.108608","msg":"joystick check","j":1,"name":"Microsoft PC-joystick driver","buttoncount":16,"click":0,"loglevel":"info"}
{"uptime":"0.111546","msg":"KillExecutable","executable":"bidule.exe","exe":"bidule.exe","click":0,"loglevel":"info"}
{"uptime":"0.123536","msg":"joystick check","j":2,"name":"Microsoft PC-joystick driver","buttoncount":16,"click":0,"loglevel":"info"}
{"uptime":"0.134685","msg":"joystick check","j":3,"name":"Microsoft PC-joystick driver","buttoncount":16,"click":0,"loglevel":"info"}
{"uptime":"0.148008","msg":"LogError","err":"joystickMonitor: disabled, unable to find joystick with 8 buttons","click":0,"loglevel":"error"}
{"uptime":"0.150264","msg":"KillExecutable","executable":"avenue.exe","exe":"avenue.exe","click":0,"loglevel":"info"}
{"uptime":"0.173457","msg":"KillExecutable","executable":"palette_gui.exe","exe":"palette_gui.exe","click":0,"loglevel":"info"}
{"uptime":"0.208068","msg":"KillExecutable","executable":"palette_engine.exe","exe":"palette_engine.exe","click":0,"loglevel":"info"}
{"uptime":"0.235281","msg":"KillExecutable","executable":"obs64.exe","exe":"obs64.exe","click":0,"loglevel":"info"}
{"uptime":"0.275409","msg":"KillExecutable","executable":"palette_chat.exe","exe":"palette_chat.exe","click":0,"loglevel":"info"}
{"uptime":"0.298779","msg":"checkEngine: restarting engine","click":0,"loglevel":"info"}
{"uptime":"0.000000","msg":"InitLog ==============================","date":"2024-07-18-15-49-18","logname":"monitor","click":0,"loglevel":"info"}
{"uptime":"0.000000","msg":"monitor is checking the engine.","click":0,"loglevel":"info"}
{"uptime":"0.021576","msg":"LogError","port":"Logidy UMI3","err":"can't find MIDI input port Logidy UMI3","click":0,"loglevel":"error"}
{"uptime":"0.073810","msg":"joystick check","j":0,"name":"Microsoft PC-joystick driver","buttoncount":16,"click":0,"loglevel":"info"}
{"uptime":"0.073810","msg":"joystick check","j":1,"name":"Microsoft PC-joystick driver","buttoncount":16,"click":0,"loglevel":"info"}
{"uptime":"0.073810","msg":"joystick check","j":2,"name":"Microsoft PC-joystick driver","buttoncount":16,"click":0,"loglevel":"info"}
{"uptime":"0.073810","msg":"joystick check","j":3,"name":"Microsoft PC-joystick driver","buttoncount":16,"click":0,"loglevel":"info"}
{"uptime":"0.073810","msg":"LogError","err":"joystickMonitor: disabled, unable to find joystick with 8 buttons","click":0,"loglevel":"error"}
{"uptime":"0.079834","msg":"checkEngine: engine is not running, killing everything, monitor should restart engine.","click":0,"loglevel":"info"}
{"uptime":"0.079834","msg":"KillAll","click":0,"loglevel":"info"}
{"uptime":"0.079834","msg":"KillExecutable","executable":"mmtt_kinect.exe","exe":"mmtt_kinect.exe","click":0,"loglevel":"info"}
{"uptime":"0.113239","msg":"KillExecutable","executable":"bidule.exe","exe":"bidule.exe","click":0,"loglevel":"info"}
{"uptime":"0.162832","msg":"KillExecutable","executable":"avenue.exe","exe":"avenue.exe","click":0,"loglevel":"info"}
{"uptime":"0.217103","msg":"KillExecutable","executable":"palette_gui.exe","exe":"palette_gui.exe","click":0,"loglevel":"info"}
{"uptime":"0.254485","msg":"KillExecutable","executable":"palette_engine.exe","exe":"palette_engine.exe","click":0,"loglevel":"info"}
{"uptime":"0.296837","msg":"KillExecutable","executable":"obs64.exe","exe":"obs64.exe","click":0,"loglevel":"info"}
{"uptime":"0.335956","msg":"KillExecutable","executable":"palette_chat.exe","exe":"palette_chat.exe","click":0,"loglevel":"info"}
{"uptime":"0.366449","msg":"checkEngine: restarting engine","click":0,"loglevel":"info"}
{"uptime":"0.000000","msg":"InitLog ==============================","date":"2024-07-18-15-52-40","logname":"monitor","click":0,"loglevel":"info"}
{"uptime":"0.000546","msg":"monitor is checking the engine.","click":0,"loglevel":"info"}
{"uptime":"0.023170","msg":"LogError","port":"Logidy UMI3","err":"can't find MIDI input port Logidy UMI3","click":0,"loglevel":"error"}
{"uptime":"0.075339","msg":"joystick check","j":0,"name":"Microsoft PC-joystick driver","buttoncount":16,"click":0,"loglevel":"info"}
{"uptime":"0.075339","msg":"joystick check","j":1,"name":"Microsoft PC-joystick driver","buttoncount":16,"click":0,"loglevel":"info"}
{"uptime":"0.075339","msg":"joystick check","j":2,"name":"Microsoft PC-joystick driver","buttoncount":16,"click":0,"loglevel":"info"}
{"uptime":"0.075339","msg":"joystick check","j":3,"name":"Microsoft PC-joystick driver","buttoncount":16,"click":0,"loglevel":"info"}
{"uptime":"0.075339","msg":"LogError","err":"joystickMonitor: disabled, unable to find joystick with 8 buttons","click":0,"loglevel":"error"}
{"uptime":"0.075339","msg":"checkEngine: engine is not running, killing everything, monitor should restart engine.","click":0,"loglevel":"info"}
{"uptime":"0.075339","msg":"KillAll","click":0,"loglevel":"info"}
{"uptime":"0.075339","msg":"KillExecutable","executable":"mmtt_kinect.exe","exe":"mmtt_kinect.exe","click":0,"loglevel":"info"}
{"uptime":"0.103671","msg":"KillExecutable","executable":"bidule.exe","exe":"bidule.exe","click":0,"loglevel":"info"}
{"uptime":"0.126156","msg":"KillExecutable","executable":"avenue.exe","exe":"avenue.exe","click":0,"loglevel":"info"}
{"uptime":"0.149495","msg":"KillExecutable","executable":"palette_gui.exe","exe":"palette_gui.exe","click":0,"loglevel":"info"}
{"uptime":"0.173244","msg":"KillExecutable","executable":"palette_engine.exe","exe":"palette_engine.exe","click":0,"loglevel":"info"}
{"uptime":"0.195993","msg":"KillExecutable","executable":"obs64.exe","exe":"obs64.exe","click":0,"loglevel":"info"}
{"uptime":"0.218683","msg":"KillExecutable","executable":"palette_chat.exe","exe":"palette_chat.exe","click":0,"loglevel":"info"}
{"uptime":"0.242472","msg":"checkEngine: restarting engine","click":0,"loglevel":"info"}
{"uptime":"0.000000","msg":"InitLog ==============================","date":"2024-07-19-08-26-42","logname":"monitor","click":0,"loglevel":"info"}
{"uptime":"0.000000","msg":"monitor is checking the engine.","click":0,"loglevel":"info"}
{"uptime":"0.022983","msg":"LogError","port":"Logidy UMI3","err":"can't find MIDI input port Logidy UMI3","click":0,"loglevel":"error"}
{"uptime":"0.080962","msg":"checkEngine: engine is not running, killing everything, monitor should restart engine.","click":0,"loglevel":"info"}
{"uptime":"0.080962","msg":"KillAll","click":0,"loglevel":"info"}
{"uptime":"0.080962","msg":"KillExecutable","executable":"mmtt_kinect.exe","exe":"mmtt_kinect.exe","click":0,"loglevel":"info"}
{"uptime":"0.104903","msg":"joystick check","j":0,"name":"Microsoft PC-joystick driver","buttoncount":16,"click":0,"loglevel":"info"}
{"uptime":"0.115207","msg":"KillExecutable","executable":"bidule.exe","exe":"bidule.exe","click":0,"loglevel":"info"}
{"uptime":"0.117062","msg":"joystick check","j":1,"name":"Microsoft PC-joystick driver","buttoncount":16,"click":0,"loglevel":"info"}
{"uptime":"0.125088","msg":"joystick check","j":2,"name":"Microsoft PC-joystick driver","buttoncount":16,"click":0,"loglevel":"info"}
{"uptime":"0.142760","msg":"joystick check","j":3,"name":"Microsoft PC-joystick driver","buttoncount":16,"click":0,"loglevel":"info"}
{"uptime":"0.143263","msg":"KillExecutable","executable":"avenue.exe","exe":"avenue.exe","click":0,"loglevel":"info"}
{"uptime":"0.155421","msg":"LogError","err":"joystickMonitor: disabled, unable to find joystick with 8 buttons","click":0,"loglevel":"error"}
{"uptime":"0.171857","msg":"KillExecutable","executable":"palette_gui.exe","exe":"palette_gui.exe","click":0,"loglevel":"info"}
{"uptime":"0.200126","msg":"KillExecutable","executable":"palette_engine.exe","exe":"palette_engine.exe","click":0,"loglevel":"info"}
{"uptime":"0.228516","msg":"KillExecutable","executable":"obs64.exe","exe":"obs64.exe","click":0,"loglevel":"info"}
{"uptime":"0.256572","msg":"KillExecutable","executable":"palette_chat.exe","exe":"palette_chat.exe","click":0,"loglevel":"info"}
{"uptime":"0.284728","msg":"checkEngine: restarting engine","click":0,"loglevel":"info"}
{"uptime":"0.000000","msg":"InitLog ==============================","date":"2024-07-19-10-33-37","logname":"monitor","click":0,"loglevel":"info"}
{"uptime":"0.000000","msg":"monitor is checking the engine.","click":0,"loglevel":"info"}
{"uptime":"0.022770","msg":"LogError","port":"Logidy UMI3","err":"can't find MIDI input port Logidy UMI3","click":0,"loglevel":"error"}
{"uptime":"0.080853","msg":"checkEngine: engine is not running, killing everything, monitor should restart engine.","click":0,"loglevel":"info"}
{"uptime":"0.080853","msg":"KillAll","click":0,"loglevel":"info"}
{"uptime":"0.080853","msg":"KillExecutable","executable":"mmtt_kinect.exe","exe":"mmtt_kinect.exe","click":0,"loglevel":"info"}
{"uptime":"0.083370","msg":"joystick check","j":0,"name":"Microsoft PC-joystick driver","buttoncount":16,"click":0,"loglevel":"info"}
{"uptime":"0.083370","msg":"joystick check","j":1,"name":"Microsoft PC-joystick driver","buttoncount":16,"click":0,"loglevel":"info"}
{"uptime":"0.084873","msg":"joystick check","j":2,"name":"Microsoft PC-joystick driver","buttoncount":16,"click":0,"loglevel":"info"}
{"uptime":"0.084873","msg":"joystick check","j":3,"name":"Microsoft PC-joystick driver","buttoncount":16,"click":0,"loglevel":"info"}
{"uptime":"0.084873","msg":"LogError","err":"joystickMonitor: disabled, unable to find joystick with 8 buttons","click":0,"loglevel":"error"}
{"uptime":"0.109954","msg":"KillExecutable","executable":"bidule.exe","exe":"bidule.exe","click":0,"loglevel":"info"}
{"uptime":"0.142979","msg":"KillExecutable","executable":"avenue.exe","exe":"avenue.exe","click":0,"loglevel":"info"}
{"uptime":"0.167040","msg":"KillExecutable","executable":"palette_gui.exe","exe":"palette_gui.exe","click":0,"loglevel":"info"}
{"uptime":"0.211119","msg":"KillExecutable","executable":"palette_engine.exe","exe":"palette_engine.exe","click":0,"loglevel":"info"}
{"uptime":"0.245722","msg":"KillExecutable","executable":"obs64.exe","exe":"obs64.exe","click":0,"loglevel":"info"}
{"uptime":"0.284811","msg":"KillExecutable","executable":"palette_chat.exe","exe":"palette_chat.exe","click":0,"loglevel":"info"}
{"uptime":"0.313000","msg":"checkEngine: restarting engine","click":0,"loglevel":"info"}
{"uptime":"0.000000","msg":"InitLog ==============================","date":"2024-07-19-12-19-33","logname":"monitor","click":0,"loglevel":"info"}
{"uptime":"0.000000","msg":"monitor is checking the engine.","click":0,"loglevel":"info"}
{"uptime":"0.020913","msg":"LogError","port":"Logidy UMI3","err":"can't find MIDI input port Logidy UMI3","click":0,"loglevel":"error"}
{"uptime":"0.074206","msg":"checkEngine: engine is not running, killing everything, monitor should restart engine.","click":0,"loglevel":"info"}
{"uptime":"0.074206","msg":"KillAll","click":0,"loglevel":"info"}
{"uptime":"0.074206","msg":"KillExecutable","executable":"mmtt_kinect.exe","exe":"mmtt_kinect.exe","click":0,"loglevel":"info"}
{"uptime":"0.074206","msg":"joystick check","j":0,"name":"Microsoft PC-joystick driver","buttoncount":16,"click":0,"loglevel":"info"}
{"uptime":"0.074206","msg":"joystick check","j":1,"name":"Microsoft PC-joystick driver","buttoncount":16,"click":0,"loglevel":"info"}
{"uptime":"0.074206","msg":"joystick check","j":2,"name":"Microsoft PC-joystick driver","buttoncount":16,"click":0,"loglevel":"info"}
{"uptime":"0.074206","msg":"joystick check","j":3,"name":"Microsoft PC-joystick driver","buttoncount":16,"click":0,"loglevel":"info"}
{"uptime":"0.074206","msg":"LogError","err":"joystickMonitor: disabled, unable to find joystick with 8 buttons","click":0,"loglevel":"error"}
{"uptime":"0.104206","msg":"KillExecutable","executable":"bidule.exe","exe":"bidule.exe","click":0,"loglevel":"info"}
{"uptime":"0.144961","msg":"KillExecutable","executable":"avenue.exe","exe":"avenue.exe","click":0,"loglevel":"info"}
{"uptime":"0.183424","msg":"KillExecutable","executable":"palette_gui.exe","exe":"palette_gui.exe","click":0,"loglevel":"info"}
{"uptime":"0.236615","msg":"KillExecutable","executable":"palette_engine.exe","exe":"palette_engine.exe","click":0,"loglevel":"info"}
{"uptime":"0.268964","msg":"KillExecutable","executable":"obs64.exe","exe":"obs64.exe","click":0,"loglevel":"info"}
{"uptime":"0.306463","msg":"KillExecutable","executable":"palette_chat.exe","exe":"palette_chat.exe","click":0,"loglevel":"info"}
{"uptime":"0.339718","msg":"checkEngine: restarting engine","click":0,"loglevel":"info"}
{"uptime":"0.000000","msg":"InitLog ==============================","date":"2024-08-23-19-34-45","logname":"monitor","click":0,"loglevel":"info"}
{"uptime":"0.000000","msg":"monitor is checking the engine.","click":0,"loglevel":"info"}
{"uptime":"0.022138","msg":"LogError","port":"Logidy UMI3","err":"can't find MIDI input port Logidy UMI3","click":0,"loglevel":"error"}
{"uptime":"0.082886","msg":"checkEngine: engine is not running, killing everything, monitor should restart engine.","click":0,"loglevel":"info"}
{"uptime":"0.082886","msg":"KillAll","click":0,"loglevel":"info"}
{"uptime":"0.082886","msg":"KillExecutable","executable":"mmtt_kinect.exe","exe":"mmtt_kinect.exe","click":0,"loglevel":"info"}
{"uptime":"0.107338","msg":"joystick check","j":0,"name":"Microsoft PC-joystick driver","buttoncount":16,"click":0,"loglevel":"info"}
{"uptime":"0.118143","msg":"KillExecutable","executable":"bidule.exe","exe":"bidule.exe","click":0,"loglevel":"info"}
{"uptime":"0.119704","msg":"joystick check","j":1,"name":"Microsoft PC-joystick driver","buttoncount":16,"click":0,"loglevel":"info"}
{"uptime":"0.132754","msg":"joystick check","j":2,"name":"Microsoft PC-joystick driver","buttoncount":16,"click":0,"loglevel":"info"}
{"uptime":"0.145159","msg":"joystick check","j":3,"name":"Microsoft PC-joystick driver","buttoncount":16,"click":0,"loglevel":"info"}
{"uptime":"0.149495","msg":"KillExecutable","executable":"avenue.exe","exe":"avenue.exe","click":0,"loglevel":"info"}
{"uptime":"0.157759","msg":"LogError","err":"joystickMonitor: disabled, unable to find joystick with 8 buttons","click":0,"loglevel":"error"}
{"uptime":"0.166780","msg":"KillExecutable","executable":"palette_gui.exe","exe":"palette_gui.exe","click":0,"loglevel":"info"}
{"uptime":"0.212878","msg":"KillExecutable","executable":"palette_engine.exe","exe":"palette_engine.exe","click":0,"loglevel":"info"}
{"uptime":"0.230697","msg":"KillExecutable","executable":"obs64.exe","exe":"obs64.exe","click":0,"loglevel":"info"}
{"uptime":"0.262062","msg":"KillExecutable","executable":"palette_chat.exe","exe":"palette_chat.exe","click":0,"loglevel":"info"}
{"uptime":"0.293205","msg":"checkEngine: restarting engine","click":0,"loglevel":"info"}
{"uptime":"0.000000","msg":"InitLog ==============================","date":"2024-08-23-19-38-08","logname":"monitor","click":0,"loglevel":"info"}
{"uptime":"0.000000","msg":"monitor is checking the engine.","click":0,"loglevel":"info"}
{"uptime":"0.021475","msg":"LogError","port":"Logidy UMI3","err":"can't find MIDI input port Logidy UMI3","click":0,"loglevel":"error"}
{"uptime":"0.091798","msg":"checkEngine: engine is not running, killing everything, monitor should restart engine.","click":0,"loglevel":"info"}
{"uptime":"0.091798","msg":"KillAll","click":0,"loglevel":"info"}
{"uptime":"0.091798","msg":"KillExecutable","executable":"mmtt_kinect.exe","exe":"mmtt_kinect.exe","click":0,"loglevel":"info"}
{"uptime":"0.106299","msg":"joystick check","j":0,"name":"Microsoft PC-joystick driver","buttoncount":16,"click":0,"loglevel":"info"}
{"uptime":"0.118918","msg":"joystick check","j":1,"name":"Microsoft PC-joystick driver","buttoncount":16,"click":0,"loglevel":"info"}
{"uptime":"0.128166","msg":"KillExecutable","executable":"bidule.exe","exe":"bidule.exe","click":0,"loglevel":"info"}
{"uptime":"0.133283","msg":"joystick check","j":2,"name":"Microsoft PC-joystick driver","buttoncount":16,"click":0,"loglevel":"info"}
{"uptime":"0.146469","msg":"joystick check","j":3,"name":"Microsoft PC-joystick driver","buttoncount":16,"click":0,"loglevel":"info"}
{"uptime":"0.159069","msg":"LogError","err":"joystickMonitor: disabled, unable to find joystick with 8 buttons","click":0,"loglevel":"error"}
{"uptime":"0.162241","msg":"KillExecutable","executable":"avenue.exe","exe":"avenue.exe","click":0,"loglevel":"info"}
{"uptime":"0.196398","msg":"KillExecutable","executable":"palette_gui.exe","exe":"palette_gui.exe","click":0,"loglevel":"info"}
{"uptime":"0.234063","msg":"KillExecutable","executable":"palette_engine.exe","exe":"palette_engine.exe","click":0,"loglevel":"info"}
{"uptime":"0.271122","msg":"KillExecutable","executable":"obs64.exe","exe":"obs64.exe","click":0,"loglevel":"info"}
{"uptime":"0.308006","msg":"KillExecutable","executable":"palette_chat.exe","exe":"palette_chat.exe","click":0,"loglevel":"info"}
{"uptime":"0.340090","msg":"checkEngine: restarting engine","click":0,"loglevel":"info"}
{"uptime":"0.000000","msg":"InitLog ==============================","date":"2024-08-23-19-40-42","logname":"monitor","click":0,"loglevel":"info"}
{"uptime":"0.000000","msg":"monitor is checking the engine.","click":0,"loglevel":"info"}
{"uptime":"0.021467","msg":"LogError","port":"Logidy UMI3","err":"can't find MIDI input port Logidy UMI3","click":0,"loglevel":"error"}
{"uptime":"0.084262","msg":"checkEngine: engine is not running, killing everything, monitor should restart engine.","click":0,"loglevel":"info"}
{"uptime":"0.084262","msg":"KillAll","click":0,"loglevel":"info"}
{"uptime":"0.084262","msg":"KillExecutable","executable":"mmtt_kinect.exe","exe":"mmtt_kinect.exe","click":0,"loglevel":"info"}
{"uptime":"0.104801","msg":"joystick check","j":0,"name":"Microsoft PC-joystick driver","buttoncount":16,"click":0,"loglevel":"info"}
{"uptime":"0.117418","msg":"joystick check","j":1,"name":"Microsoft PC-joystick driver","buttoncount":16,"click":0,"loglevel":"info"}
{"uptime":"0.123518","msg":"KillExecutable","executable":"bidule.exe","exe":"bidule.exe","click":0,"loglevel":"info"}
{"uptime":"0.130204","msg":"joystick check","j":2,"name":"Microsoft PC-joystick driver","buttoncount":16,"click":0,"loglevel":"info"}
{"uptime":"0.141404","msg":"joystick check","j":3,"name":"Microsoft PC-joystick driver","buttoncount":16,"click":0,"loglevel":"info"}
{"uptime":"0.154885","msg":"LogError","err":"joystickMonitor: disabled, unable to find joystick with 8 buttons","click":0,"loglevel":"error"}
{"uptime":"0.156555","msg":"KillExecutable","executable":"avenue.exe","exe":"avenue.exe","click":0,"loglevel":"info"}
{"uptime":"0.188433","msg":"KillExecutable","executable":"palette_gui.exe","exe":"palette_gui.exe","click":0,"loglevel":"info"}
{"uptime":"0.219877","msg":"KillExecutable","executable":"palette_engine.exe","exe":"palette_engine.exe","click":0,"loglevel":"info"}
{"uptime":"0.252200","msg":"KillExecutable","executable":"obs64.exe","exe":"obs64.exe","click":0,"loglevel":"info"}
{"uptime":"0.285061","msg":"KillExecutable","executable":"palette_chat.exe","exe":"palette_chat.exe","click":0,"loglevel":"info"}
{"uptime":"0.316460","msg":"checkEngine: restarting engine","click":0,"loglevel":"info"}
{"uptime":"0.000000","msg":"InitLog ==============================","date":"2024-08-23-20-12-58","logname":"monitor","click":0,"loglevel":"info"}
{"uptime":"0.000000","msg":"monitor is checking the engine.","click":0,"loglevel":"info"}
{"uptime":"0.033035","msg":"LogError","port":"Logidy UMI3","err":"can't find MIDI input port Logidy UMI3","click":0,"loglevel":"error"}
{"uptime":"0.097155","msg":"joystick check","j":0,"name":"Microsoft PC-joystick driver","buttoncount":16,"click":0,"loglevel":"info"}
{"uptime":"0.097155","msg":"joystick check","j":1,"name":"Microsoft PC-joystick driver","buttoncount":16,"click":0,"loglevel":"info"}
{"uptime":"0.097658","msg":"checkEngine: engine is not running, killing everything, monitor should restart engine.","click":0,"loglevel":"info"}
{"uptime":"0.097658","msg":"KillAll","click":0,"loglevel":"info"}
{"uptime":"0.097658","msg":"KillExecutable","executable":"mmtt_kinect.exe","exe":"mmtt_kinect.exe","click":0,"loglevel":"info"}
{"uptime":"0.097658","msg":"joystick check","j":2,"name":"Microsoft PC-joystick driver","buttoncount":16,"click":0,"loglevel":"info"}
{"uptime":"0.098170","msg":"joystick check","j":3,"name":"Microsoft PC-joystick driver","buttoncount":16,"click":0,"loglevel":"info"}
{"uptime":"0.098170","msg":"LogError","err":"joystickMonitor: disabled, unable to find joystick with 8 buttons","click":0,"loglevel":"error"}
{"uptime":"0.143119","msg":"KillExecutable","executable":"bidule.exe","exe":"bidule.exe","click":0,"loglevel":"info"}
{"uptime":"0.188985","msg":"KillExecutable","executable":"avenue.exe","exe":"avenue.exe","click":0,"loglevel":"info"}
{"uptime":"0.219071","msg":"KillExecutable","executable":"palette_gui.exe","exe":"palette_gui.exe","click":0,"loglevel":"info"}
{"uptime":"0.260080","msg":"KillExecutable","executable":"palette_engine.exe","exe":"palette_engine.exe","click":0,"loglevel":"info"}
{"uptime":"0.296530","msg":"KillExecutable","executable":"obs64.exe","exe":"obs64.exe","click":0,"loglevel":"info"}
{"uptime":"0.326521","msg":"KillExecutable","executable":"palette_chat.exe","exe":"palette_chat.exe","click":0,"loglevel":"info"}
{"uptime":"0.385914","msg":"checkEngine: restarting engine","click":0,"loglevel":"info"}
{"uptime":"0.000000","msg":"InitLog ==============================","date":"2024-08-23-20-40-19","logname":"monitor","click":0,"loglevel":"info"}
{"uptime":"0.000505","msg":"monitor is checking the engine.","click":0,"loglevel":"info"}
{"uptime":"0.023656","msg":"LogError","port":"Logidy UMI3","err":"can't find MIDI input port Logidy UMI3","click":0,"loglevel":"error"}
{"uptime":"0.077652","msg":"joystick check","j":0,"name":"Microsoft PC-joystick driver","buttoncount":16,"click":0,"loglevel":"info"}
{"uptime":"0.077652","msg":"joystick check","j":1,"name":"Microsoft PC-joystick driver","buttoncount":16,"click":0,"loglevel":"info"}
{"uptime":"0.077652","msg":"joystick check","j":2,"name":"Microsoft PC-joystick driver","buttoncount":16,"click":0,"loglevel":"info"}
{"uptime":"0.077652","msg":"joystick check","j":3,"name":"Microsoft PC-joystick driver","buttoncount":16,"click":0,"loglevel":"info"}
{"uptime":"0.077652","msg":"LogError","err":"joystickMonitor: disabled, unable to find joystick with 8 buttons","click":0,"loglevel":"error"}
{"uptime":"0.085166","msg":"checkEngine: engine is not running, killing everything, monitor should restart engine.","click":0,"loglevel":"info"}
{"uptime":"0.085166","msg":"KillAll","click":0,"loglevel":"info"}
{"uptime":"0.085166","msg":"KillExecutable","executable":"mmtt_kinect.exe","exe":"mmtt_kinect.exe","click":0,"loglevel":"info"}
{"uptime":"0.129133","msg":"KillExecutable","executable":"bidule.exe","exe":"bidule.exe","click":0,"loglevel":"info"}
{"uptime":"0.157536","msg":"KillExecutable","executable":"avenue.exe","exe":"avenue.exe","click":0,"loglevel":"info"}
{"uptime":"0.205350","msg":"KillExecutable","executable":"palette_gui.exe","exe":"palette_gui.exe","click":0,"loglevel":"info"}
{"uptime":"0.277159","msg":"KillExecutable","executable":"palette_engine.exe","exe":"palette_engine.exe","click":0,"loglevel":"info"}
{"uptime":"0.306681","msg":"KillExecutable","executable":"obs64.exe","exe":"obs64.exe","click":0,"loglevel":"info"}
{"uptime":"0.345330","msg":"KillExecutable","executable":"palette_chat.exe","exe":"palette_chat.exe","click":0,"loglevel":"info"}
{"uptime":"0.409872","msg":"checkEngine: restarting engine","click":0,"loglevel":"info"}
{"uptime":"0.000000","msg":"InitLog ==============================","date":"2024-08-23-20-47-09","logname":"monitor","click":0,"loglevel":"info"}
{"uptime":"0.000513","msg":"monitor is checking the engine.","click":0,"loglevel":"info"}
{"uptime":"0.022422","msg":"LogError","port":"Logidy UMI3","err":"can't find MIDI input port Logidy UMI3","click":0,"loglevel":"error"}
{"uptime":"0.090470","msg":"checkEngine: engine is not running, killing everything, monitor should restart engine.","click":0,"loglevel":"info"}
{"uptime":"0.090470","msg":"KillAll","click":0,"loglevel":"info"}
{"uptime":"0.090470","msg":"KillExecutable","executable":"mmtt_kinect.exe","exe":"mmtt_kinect.exe","click":0,"loglevel":"info"}
{"uptime":"0.109910","msg":"joystick check","j":0,"name":"Microsoft PC-joystick driver","buttoncount":16,"click":0,"loglevel":"info"}
{"uptime":"0.123416","msg":"joystick check","j":1,"name":"Microsoft PC-joystick driver","buttoncount":16,"click":0,"loglevel":"info"}
{"uptime":"0.123416","msg":"KillExecutable","executable":"bidule.exe","exe":"bidule.exe","click":0,"loglevel":"info"}
{"uptime":"0.134485","msg":"joystick check","j":2,"name":"Microsoft PC-joystick driver","buttoncount":16,"click":0,"loglevel":"info"}
{"uptime":"0.149429","msg":"KillExecutable","executable":"avenue.exe","exe":"avenue.exe","click":0,"loglevel":"info"}
{"uptime":"0.149429","msg":"joystick check","j":3,"name":"Microsoft PC-joystick driver","buttoncount":16,"click":0,"loglevel":"info"}
{"uptime":"0.162293","msg":"LogError","err":"joystickMonitor: disabled, unable to find joystick with 8 buttons","click":0,"loglevel":"error"}
{"uptime":"0.184580","msg":"KillExecutable","executable":"palette_gui.exe","exe":"palette_gui.exe","click":0,"loglevel":"info"}
{"uptime":"0.212085","msg":"KillExecutable","executable":"palette_engine.exe","exe":"palette_engine.exe","click":0,"loglevel":"info"}
{"uptime":"0.250368","msg":"KillExecutable","executable":"obs64.exe","exe":"obs64.exe","click":0,"loglevel":"info"}
{"uptime":"0.277489","msg":"KillExecutable","executable":"palette_chat.exe","exe":"palette_chat.exe","click":0,"loglevel":"info"}
{"uptime":"0.323215","msg":"checkEngine: restarting engine","click":0,"loglevel":"info"}
{"uptime":"0.000000","msg":"InitLog ==============================","date":"2024-08-23-21-14-29","logname":"monitor","click":0,"loglevel":"info"}
{"uptime":"0.000534","msg":"monitor is checking the engine.","click":0,"loglevel":"info"}
{"uptime":"0.022420","msg":"LogError","port":"Logidy UMI3","err":"can't find MIDI input port Logidy UMI3","click":0,"loglevel":"error"}
{"uptime":"0.075411","msg":"checkEngine: engine is not running, killing everything, monitor should restart engine.","click":0,"loglevel":"info"}
{"uptime":"0.075411","msg":"KillAll","click":0,"loglevel":"info"}
{"uptime":"0.075411","msg":"KillExecutable","executable":"mmtt_kinect.exe","exe":"mmtt_kinect.exe","click":0,"loglevel":"info"}
{"uptime":"0.106088","msg":"joystick check","j":0,"name":"Microsoft PC-joystick driver","buttoncount":16,"click":0,"loglevel":"info"}
{"uptime":"0.115887","msg":"KillExecutable","executable":"bidule.exe","exe":"bidule.exe","click":0,"loglevel":"info"}
{"uptime":"0.118442","msg":"joystick check","j":1,"name":"Microsoft PC-joystick driver","buttoncount":16,"click":0,"loglevel":"info"}
{"uptime":"0.131300","msg":"joystick check","j":2,"name":"Microsoft PC-joystick driver","buttoncount":16,"click":0,"loglevel":"info"}
{"uptime":"0.142524","msg":"joystick check","j":3,"name":"Microsoft PC-joystick driver","buttoncount":16,"click":0,"loglevel":"info"}
{"uptime":"0.145100","msg":"KillExecutable","executable":"avenue.exe","exe":"avenue.exe","click":0,"loglevel":"info"}
{"uptime":"0.156702","msg":"LogError","err":"joystickMonitor: disabled, unable to find joystick with 8 buttons","click":0,"loglevel":"error"}
{"uptime":"0.174091","msg":"KillExecutable","executable":"palette_gui.exe","exe":"palette_gui.exe","click":0,"loglevel":"info"}
{"uptime":"0.202411","msg":"KillExecutable","executable":"palette_engine.exe","exe":"palette_engine.exe","click":0,"loglevel":"info"}
{"uptime":"0.233645","msg":"KillExecutable","executable":"obs64.exe","exe":"obs64.exe","click":0,"loglevel":"info"}
{"uptime":"0.264054","msg":"KillExecutable","executable":"palette_chat.exe","exe":"palette_chat.exe","click":0,"loglevel":"info"}
{"uptime":"0.293368","msg":"checkEngine: restarting engine","click":0,"loglevel":"info"}
{"uptime":"0.000000","msg":"InitLog ==============================","date":"2024-08-26-18-38-23","logname":"monitor","click":0,"loglevel":"info"}
{"uptime":"0.000513","msg":"monitor is checking the engine.","click":0,"loglevel":"info"}
{"uptime":"0.031113","msg":"LogError","port":"Logidy UMI3","err":"can't find MIDI input port Logidy UMI3","click":0,"loglevel":"error"}
{"uptime":"0.087556","msg":"checkEngine: engine is not running, killing everything, monitor should restart engine.","click":0,"loglevel":"info"}
{"uptime":"0.087556","msg":"KillAll","click":0,"loglevel":"info"}
{"uptime":"0.087556","msg":"KillExecutable","executable":"mmtt_kinect.exe","exe":"mmtt_kinect.exe","click":0,"loglevel":"info"}
{"uptime":"0.114895","msg":"joystick check","j":0,"name":"Microsoft PC-joystick driver","buttoncount":16,"click":0,"loglevel":"info"}
{"uptime":"0.127915","msg":"joystick check","j":1,"name":"Microsoft PC-joystick driver","buttoncount":16,"click":0,"loglevel":"info"}
{"uptime":"0.136628","msg":"KillExecutable","executable":"bidule.exe","exe":"bidule.exe","click":0,"loglevel":"info"}
{"uptime":"0.141120","msg":"joystick check","j":2,"name":"Microsoft PC-joystick driver","buttoncount":16,"click":0,"loglevel":"info"}
{"uptime":"0.154559","msg":"joystick check","j":3,"name":"Microsoft PC-joystick driver","buttoncount":16,"click":0,"loglevel":"info"}
{"uptime":"0.167184","msg":"LogError","err":"joystickMonitor: disabled, unable to find joystick with 8 buttons","click":0,"loglevel":"error"}
{"uptime":"0.170323","msg":"KillExecutable","executable":"avenue.exe","exe":"avenue.exe","click":0,"loglevel":"info"}
{"uptime":"0.202672","msg":"KillExecutable","executable":"palette_gui.exe","exe":"palette_gui.exe","click":0,"loglevel":"info"}
{"uptime":"0.234848","msg":"KillExecutable","executable":"palette_engine.exe","exe":"palette_engine.exe","click":0,"loglevel":"info"}
{"uptime":"0.266904","msg":"KillExecutable","executable":"obs64.exe","exe":"obs64.exe","click":0,"loglevel":"info"}
{"uptime":"0.299178","msg":"KillExecutable","executable":"palette_chat.exe","exe":"palette_chat.exe","click":0,"loglevel":"info"}
{"uptime":"0.331533","msg":"checkEngine: restarting engine","click":0,"loglevel":"info"}
{"uptime":"0.000000","msg":"InitLog ==============================","date":"2024-08-31-19-55-41","logname":"monitor","click":0,"loglevel":"info"}
{"uptime":"0.000000","msg":"monitor is checking the engine.","click":0,"loglevel":"info"}
{"uptime":"0.021505","msg":"LogError","port":"Logidy UMI3","err":"can't find MIDI input port Logidy UMI3","click":0,"loglevel":"error"}
{"uptime":"0.089343","msg":"checkEngine: engine is not running, killing everything, monitor should restart engine.","click":0,"loglevel":"info"}
{"uptime":"0.089343","msg":"KillAll","click":0,"loglevel":"info"}
{"uptime":"0.089343","msg":"KillExecutable","executable":"mmtt_kinect.exe","exe":"mmtt_kinect.exe","click":0,"loglevel":"info"}
{"uptime":"0.105111","msg":"joystick check","j":0,"name":"Microsoft PC-joystick driver","buttoncount":16,"click":0,"loglevel":"info"}
{"uptime":"0.118067","msg":"joystick check","j":1,"name":"Microsoft PC-joystick driver","buttoncount":16,"click":0,"loglevel":"info"}
{"uptime":"0.119087","msg":"KillExecutable","executable":"bidule.exe","exe":"bidule.exe","click":0,"loglevel":"info"}
{"uptime":"0.129120","msg":"joystick check","j":2,"name":"Microsoft PC-joystick driver","buttoncount":16,"click":0,"loglevel":"info"}
{"uptime":"0.143886","msg":"joystick check","j":3,"name":"Microsoft PC-joystick driver","buttoncount":16,"click":0,"loglevel":"info"}
{"uptime":"0.143886","msg":"KillExecutable","executable":"avenue.exe","exe":"avenue.exe","click":0,"loglevel":"info"}
{"uptime":"0.156533","msg":"LogError","err":"joystickMonitor: disabled, unable to find joystick with 8 buttons","click":0,"loglevel":"error"}
{"uptime":"0.183206","msg":"KillExecutable","executable":"palette_gui.exe","exe":"palette_gui.exe","click":0,"loglevel":"info"}
{"uptime":"0.222036","msg":"KillExecutable","executable":"palette_engine.exe","exe":"palette_engine.exe","click":0,"loglevel":"info"}
{"uptime":"0.249453","msg":"KillExecutable","executable":"obs64.exe","exe":"obs64.exe","click":0,"loglevel":"info"}
{"uptime":"0.289936","msg":"KillExecutable","executable":"palette_chat.exe","exe":"palette_chat.exe","click":0,"loglevel":"info"}
{"uptime":"0.316750","msg":"checkEngine: restarting engine","click":0,"loglevel":"info"}
