{"uptime":"0.000000","msg":"InitLog ==============================","date":"2024-12-25-19-32-19","logname":"palette","click":0,"loglevel":"info"}
{"uptime":"0.005399","msg":"mmtt executable not found, looking for","fullpath":"C:\\Program Files\\Palette\\bin\\mmtt_none\\mmtt_none.exe","click":0,"loglevel":"warn"}
{"uptime":"0.005950","msg":"Palette InitLog","args":["stop"],"click":0,"loglevel":"info"}
{"uptime":"0.005950","msg":"Palette kill is killing everything including monitor.","click":0,"loglevel":"info"}
{"uptime":"0.005950","msg":"KillExecutable","executable":"palette_monitor.exe","exe":"palette_monitor.exe","click":0,"loglevel":"info"}
{"uptime":"0.163856","msg":"KillAll","click":0,"loglevel":"info"}
{"uptime":"0.163856","msg":"KillExecutable","executable":"mmtt_kinect.exe","exe":"mmtt_kinect.exe","click":0,"loglevel":"info"}
{"uptime":"0.306931","msg":"KillExecutable","executable":"bidule.exe","exe":"bidule.exe","click":0,"loglevel":"info"}
{"uptime":"0.446543","msg":"KillExecutable","executable":"avenue.exe","exe":"avenue.exe","click":0,"loglevel":"info"}
{"uptime":"0.587138","msg":"KillExecutable","executable":"palette_gui.exe","exe":"palette_gui.exe","click":0,"loglevel":"info"}
{"uptime":"0.728475","msg":"KillExecutable","executable":"palette_engine.exe","exe":"palette_engine.exe","click":0,"loglevel":"info"}
{"uptime":"0.877696","msg":"KillExecutable","executable":"obs64.exe","exe":"obs64.exe","click":0,"loglevel":"info"}
{"uptime":"1.023139","msg":"KillExecutable","executable":"palette_chat.exe","exe":"palette_chat.exe","click":0,"loglevel":"info"}
{"uptime":"0.000000","msg":"InitLog ==============================","date":"2024-12-25-19-33-54","logname":"palette","click":0,"loglevel":"info"}
{"uptime":"0.002263","msg":"mmtt executable not found, looking for","fullpath":"C:\\Program Files\\Palette\\bin\\mmtt_none\\mmtt_none.exe","click":0,"loglevel":"warn"}
{"uptime":"0.002263","msg":"Palette InitLog","args":["global.save","filename","foo2"],"click":0,"loglevel":"info"}
{"uptime":"0.004500","msg":"LogError","err":"Engine isn't running or responding","click":0,"loglevel":"error"}
{"uptime":"0.000000","msg":"InitLog ==============================","date":"2024-12-25-19-35-07","logname":"palette","click":0,"loglevel":"info"}
{"uptime":"0.002301","msg":"mmtt executable not found, looking for","fullpath":"C:\\Program Files\\Palette\\bin\\mmtt_none\\mmtt_none.exe","click":0,"loglevel":"warn"}
{"uptime":"0.002301","msg":"Palette InitLog","args":["global.save","filename","foo2"],"click":0,"loglevel":"info"}
{"uptime":"0.000000","msg":"InitLog ==============================","date":"2024-12-25-19-47-27","logname":"palette","click":0,"loglevel":"info"}
{"uptime":"0.002108","msg":"mmtt executable not found, looking for","fullpath":"C:\\Program Files\\Palette\\bin\\mmtt_none\\mmtt_none.exe","click":0,"loglevel":"warn"}
{"uptime":"0.002629","msg":"Palette InitLog","args":["stop"],"click":0,"loglevel":"info"}
{"uptime":"0.002629","msg":"Palette kill is killing everything including monitor.","click":0,"loglevel":"info"}
{"uptime":"0.002629","msg":"KillExecutable","executable":"palette_monitor.exe","exe":"palette_monitor.exe","click":0,"loglevel":"info"}
{"uptime":"0.165386","msg":"KillAll","click":0,"loglevel":"info"}
{"uptime":"0.165386","msg":"KillExecutable","executable":"mmtt_kinect.exe","exe":"mmtt_kinect.exe","click":0,"loglevel":"info"}
{"uptime":"0.332406","msg":"KillExecutable","executable":"bidule.exe","exe":"bidule.exe","click":0,"loglevel":"info"}
{"uptime":"0.486189","msg":"KillExecutable","executable":"avenue.exe","exe":"avenue.exe","click":0,"loglevel":"info"}
{"uptime":"0.635281","msg":"KillExecutable","executable":"palette_gui.exe","exe":"palette_gui.exe","click":0,"loglevel":"info"}
{"uptime":"0.968482","msg":"KillExecutable","executable":"palette_engine.exe","exe":"palette_engine.exe","click":0,"loglevel":"info"}
{"uptime":"1.237928","msg":"KillExecutable","executable":"obs64.exe","exe":"obs64.exe","click":0,"loglevel":"info"}
{"uptime":"1.465808","msg":"KillExecutable","executable":"palette_chat.exe","exe":"palette_chat.exe","click":0,"loglevel":"info"}
