{"uptime":"0.000000","msg":"InitLog ==============================","date":"2023-07-12 11:38:08","logname":"palette","click":0,"loglevel":"info"}
{"uptime":"0.041490","msg":"Palette InitLog","args":["start"],"click":0,"loglevel":"info"}
{"uptime":"0.277780","msg":"palette: starting monitor","MonitorExe":"palette_monitor.exe","click":0,"loglevel":"info"}
{"uptime":"0.277780","msg":"StartExecutableLogOutput","executable":"C:\\Program Files\\Palette\\bin\\palette_monitor.exe","click":0,"loglevel":"info"}
{"uptime":"0.000000","msg":"InitLog ==============================","date":"2023-07-12 11:42:17","logname":"palette","click":0,"loglevel":"info"}
{"uptime":"0.044003","msg":"Palette InitLog","args":["stop"],"click":0,"loglevel":"info"}
{"uptime":"0.044003","msg":"Palette kill is killing everything including monitor.","click":0,"loglevel":"info"}
{"uptime":"0.044003","msg":"KillExecutable","executable":"palette_monitor.exe","exe":"palette_monitor.exe","click":0,"loglevel":"info"}
{"uptime":"0.115033","msg":"KillAll","click":0,"loglevel":"info"}
{"uptime":"0.115033","msg":"KillExecutable","executable":"key.exe","exe":"key.exe","click":0,"loglevel":"info"}
{"uptime":"0.250326","msg":"KillExecutable","executable":"mmtt_kinect.exe","exe":"mmtt_kinect.exe","click":0,"loglevel":"info"}
{"uptime":"0.358873","msg":"KillExecutable","executable":"bidule.exe","exe":"bidule.exe","click":0,"loglevel":"info"}
{"uptime":"0.462078","msg":"KillExecutable","executable":"avenue.exe","exe":"avenue.exe","click":0,"loglevel":"info"}
{"uptime":"0.535960","msg":"KillExecutable","executable":"palette_gui.exe","exe":"palette_gui.exe","click":0,"loglevel":"info"}
{"uptime":"0.672505","msg":"KillExecutable","executable":"palette_engine.exe","exe":"palette_engine.exe","click":0,"loglevel":"info"}
{"uptime":"0.000000","msg":"InitLog ==============================","date":"2023-07-12 11:45:53","logname":"palette","click":0,"loglevel":"info"}
{"uptime":"0.041031","msg":"Palette InitLog","args":["start"],"click":0,"loglevel":"info"}
{"uptime":"0.241944","msg":"palette: starting monitor","MonitorExe":"palette_monitor.exe","click":0,"loglevel":"info"}
{"uptime":"0.241944","msg":"StartExecutableLogOutput","executable":"C:\\Program Files\\Palette\\bin\\palette_monitor.exe","click":0,"loglevel":"info"}
{"uptime":"0.000000","msg":"InitLog ==============================","date":"2023-08-07 23:14:25","logname":"palette","click":0,"loglevel":"info"}
{"uptime":"0.054036","msg":"LogIfError","err":"paramDefOf: no parameter named engine.keykitoutput","click":0,"loglevel":"warn"}
{"uptime":"0.054036","msg":"LogIfError","err":"paramDefOf: no parameter named engine.keykitallow","click":0,"loglevel":"warn"}
{"uptime":"0.054036","msg":"LogIfError","err":"paramDefOf: no parameter named engine.keykitpath","click":0,"loglevel":"warn"}
{"uptime":"0.054036","msg":"LogIfError","err":"paramDefOf: no parameter named engine.keykitroot","click":0,"loglevel":"warn"}
{"uptime":"0.054036","msg":"LogIfError","err":"paramDefOf: no parameter named engine.keykitrun","click":0,"loglevel":"warn"}
{"uptime":"0.054036","msg":"LogIfError","err":"no parameter named engine.keykitrun","click":0,"loglevel":"warn"}
{"uptime":"0.058536","msg":"Palette InitLog","args":["stop"],"click":0,"loglevel":"info"}
{"uptime":"0.058536","msg":"Palette kill is killing everything including monitor.","click":0,"loglevel":"info"}
{"uptime":"0.058536","msg":"KillExecutable","executable":"palette_monitor.exe","exe":"palette_monitor.exe","click":0,"loglevel":"info"}
{"uptime":"0.149627","msg":"KillAll","click":0,"loglevel":"info"}
{"uptime":"0.149627","msg":"KillExecutable","executable":"key.exe","exe":"key.exe","click":0,"loglevel":"info"}
{"uptime":"0.259814","msg":"KillExecutable","executable":"mmtt_kinect.exe","exe":"mmtt_kinect.exe","click":0,"loglevel":"info"}
{"uptime":"0.344024","msg":"KillExecutable","executable":"bidule.exe","exe":"bidule.exe","click":0,"loglevel":"info"}
{"uptime":"0.431674","msg":"KillExecutable","executable":"avenue.exe","exe":"avenue.exe","click":0,"loglevel":"info"}
{"uptime":"0.538875","msg":"KillExecutable","executable":"palette_gui.exe","exe":"palette_gui.exe","click":0,"loglevel":"info"}
{"uptime":"0.703604","msg":"KillExecutable","executable":"palette_engine.exe","exe":"palette_engine.exe","click":0,"loglevel":"info"}
{"uptime":"0.000000","msg":"InitLog ==============================","date":"2023-08-08 00:15:28","logname":"palette","click":0,"loglevel":"info"}
{"uptime":"0.041018","msg":"LogIfError","err":"paramDefOf: no parameter named engine.keykitrun","click":0,"loglevel":"warn"}
{"uptime":"0.041018","msg":"LogIfError","err":"paramDefOf: no parameter named engine.keykitallow","click":0,"loglevel":"warn"}
{"uptime":"0.041018","msg":"LogIfError","err":"paramDefOf: no parameter named engine.keykitroot","click":0,"loglevel":"warn"}
{"uptime":"0.041018","msg":"LogIfError","err":"paramDefOf: no parameter named engine.keykitoutput","click":0,"loglevel":"warn"}
{"uptime":"0.041018","msg":"LogIfError","err":"paramDefOf: no parameter named engine.keykitpath","click":0,"loglevel":"warn"}
{"uptime":"0.041018","msg":"LogIfError","err":"no parameter named engine.keykitrun","click":0,"loglevel":"warn"}
{"uptime":"0.041018","msg":"Palette InitLog","args":["start"],"click":0,"loglevel":"info"}
{"uptime":"0.355685","msg":"palette: starting monitor","MonitorExe":"palette_monitor.exe","click":0,"loglevel":"info"}
{"uptime":"0.355685","msg":"StartExecutableLogOutput","executable":"C:\\Program Files\\Palette\\bin\\palette_monitor.exe","click":0,"loglevel":"info"}
{"uptime":"0.000000","msg":"InitLog ==============================","date":"2023-08-08 00:15:58","logname":"palette","click":0,"loglevel":"info"}
{"uptime":"0.042535","msg":"LogIfError","err":"paramDefOf: no parameter named engine.keykitrun","click":0,"loglevel":"warn"}
{"uptime":"0.042535","msg":"LogIfError","err":"paramDefOf: no parameter named engine.keykitallow","click":0,"loglevel":"warn"}
{"uptime":"0.042535","msg":"LogIfError","err":"paramDefOf: no parameter named engine.keykitpath","click":0,"loglevel":"warn"}
{"uptime":"0.042535","msg":"LogIfError","err":"paramDefOf: no parameter named engine.keykitoutput","click":0,"loglevel":"warn"}
{"uptime":"0.042535","msg":"LogIfError","err":"paramDefOf: no parameter named engine.keykitroot","click":0,"loglevel":"warn"}
{"uptime":"0.042535","msg":"LogIfError","err":"no parameter named engine.keykitrun","click":0,"loglevel":"warn"}
{"uptime":"0.043035","msg":"Palette InitLog","args":["test"],"click":0,"loglevel":"info"}
{"uptime":"0.000000","msg":"InitLog ==============================","date":"2023-08-09 11:45:41","logname":"palette","click":0,"loglevel":"info"}
{"uptime":"0.055036","msg":"LogIfError","err":"paramDefOf: no parameter named engine.keykitoutput","click":0,"loglevel":"warn"}
{"uptime":"0.055036","msg":"LogIfError","err":"paramDefOf: no parameter named engine.keykitallow","click":0,"loglevel":"warn"}
{"uptime":"0.055036","msg":"LogIfError","err":"paramDefOf: no parameter named engine.keykitroot","click":0,"loglevel":"warn"}
{"uptime":"0.055036","msg":"LogIfError","err":"paramDefOf: no parameter named engine.keykitrun","click":0,"loglevel":"warn"}
{"uptime":"0.055036","msg":"LogIfError","err":"paramDefOf: no parameter named engine.keykitpath","click":0,"loglevel":"warn"}
{"uptime":"0.055036","msg":"LogIfError","err":"no parameter named engine.keykitrun","click":0,"loglevel":"warn"}
{"uptime":"0.058036","msg":"Palette InitLog","args":["stop"],"click":0,"loglevel":"info"}
{"uptime":"0.058036","msg":"Palette kill is killing everything including monitor.","click":0,"loglevel":"info"}
{"uptime":"0.058036","msg":"KillExecutable","executable":"palette_monitor.exe","exe":"palette_monitor.exe","click":0,"loglevel":"info"}
{"uptime":"0.137811","msg":"KillAll","click":0,"loglevel":"info"}
{"uptime":"0.137811","msg":"KillExecutable","executable":"key.exe","exe":"key.exe","click":0,"loglevel":"info"}
{"uptime":"0.214207","msg":"KillExecutable","executable":"mmtt_kinect.exe","exe":"mmtt_kinect.exe","click":0,"loglevel":"info"}
{"uptime":"0.314781","msg":"KillExecutable","executable":"bidule.exe","exe":"bidule.exe","click":0,"loglevel":"info"}
{"uptime":"0.421097","msg":"KillExecutable","executable":"avenue.exe","exe":"avenue.exe","click":0,"loglevel":"info"}
{"uptime":"0.514670","msg":"KillExecutable","executable":"palette_gui.exe","exe":"palette_gui.exe","click":0,"loglevel":"info"}
{"uptime":"0.678037","msg":"KillExecutable","executable":"palette_engine.exe","exe":"palette_engine.exe","click":0,"loglevel":"info"}
{"uptime":"0.000000","msg":"InitLog ==============================","date":"2023-08-14 18:17:59","logname":"palette","click":0,"loglevel":"info"}
{"uptime":"0.039004","msg":"Initialized MIDI","numoutports":21,"click":0,"loglevel":"info"}
{"uptime":"0.039503","msg":"LogIfError","err":"paramDefOf: no parameter named engine.keykitpath","click":0,"loglevel":"warn"}
{"uptime":"0.039503","msg":"LogIfError","err":"paramDefOf: no parameter named engine.keykitroot","click":0,"loglevel":"warn"}
{"uptime":"0.039503","msg":"LogIfError","err":"paramDefOf: no parameter named engine.keykitoutput","click":0,"loglevel":"warn"}
{"uptime":"0.039503","msg":"LogIfError","err":"paramDefOf: no parameter named engine.keykitrun","click":0,"loglevel":"warn"}
{"uptime":"0.039503","msg":"LogIfError","err":"paramDefOf: no parameter named engine.keykitallow","click":0,"loglevel":"warn"}
{"uptime":"0.040003","msg":"Synths loaded","len":193,"click":0,"loglevel":"info"}
{"uptime":"0.040003","msg":"Palette","args":["start"],"click":0,"loglevel":"info"}
{"uptime":"0.273508","msg":"palette: starting monitor","MonitorExe":"palette_monitor.exe","click":0,"loglevel":"info"}
{"uptime":"0.273508","msg":"StartExecutableLogOutput","executable":"C:\\Program Files\\Palette\\bin\\palette_monitor.exe","click":0,"loglevel":"info"}
{"uptime":"0.000000","msg":"InitLog ==============================","date":"2023-08-14 18:18:29","logname":"palette","click":0,"loglevel":"info"}
{"uptime":"0.040525","msg":"Initialized MIDI","numoutports":21,"click":0,"loglevel":"info"}
{"uptime":"0.040525","msg":"LogIfError","err":"paramDefOf: no parameter named engine.keykitroot","click":0,"loglevel":"warn"}
{"uptime":"0.040525","msg":"LogIfError","err":"paramDefOf: no parameter named engine.keykitpath","click":0,"loglevel":"warn"}
{"uptime":"0.040525","msg":"LogIfError","err":"paramDefOf: no parameter named engine.keykitrun","click":0,"loglevel":"warn"}
{"uptime":"0.040525","msg":"LogIfError","err":"paramDefOf: no parameter named engine.keykitallow","click":0,"loglevel":"warn"}
{"uptime":"0.040525","msg":"LogIfError","err":"paramDefOf: no parameter named engine.keykitoutput","click":0,"loglevel":"warn"}
{"uptime":"0.041024","msg":"Synths loaded","len":193,"click":0,"loglevel":"info"}
{"uptime":"0.041024","msg":"Palette","args":["test"],"click":0,"loglevel":"info"}
{"uptime":"0.000000","msg":"InitLog ==============================","date":"2023-08-14 18:19:03","logname":"palette","click":0,"loglevel":"info"}
{"uptime":"0.043042","msg":"Initialized MIDI","numoutports":21,"click":0,"loglevel":"info"}
{"uptime":"0.043042","msg":"LogIfError","err":"paramDefOf: no parameter named engine.keykitrun","click":0,"loglevel":"warn"}
{"uptime":"0.043042","msg":"LogIfError","err":"paramDefOf: no parameter named engine.keykitoutput","click":0,"loglevel":"warn"}
{"uptime":"0.043042","msg":"LogIfError","err":"paramDefOf: no parameter named engine.keykitpath","click":0,"loglevel":"warn"}
{"uptime":"0.043042","msg":"LogIfError","err":"paramDefOf: no parameter named engine.keykitallow","click":0,"loglevel":"warn"}
{"uptime":"0.043042","msg":"LogIfError","err":"paramDefOf: no parameter named engine.keykitroot","click":0,"loglevel":"warn"}
{"uptime":"0.043542","msg":"Synths loaded","len":193,"click":0,"loglevel":"info"}
{"uptime":"0.043542","msg":"Palette","args":["status"],"click":0,"loglevel":"info"}
{"uptime":"0.000000","msg":"InitLog ==============================","date":"2023-08-14 18:34:18","logname":"palette","click":0,"loglevel":"info"}
{"uptime":"0.045086","msg":"Initialized MIDI","numoutports":25,"click":0,"loglevel":"info"}
{"uptime":"0.045086","msg":"LogIfError","err":"paramDefOf: no parameter named engine.keykitroot","click":0,"loglevel":"warn"}
{"uptime":"0.045086","msg":"LogIfError","err":"paramDefOf: no parameter named engine.keykitrun","click":0,"loglevel":"warn"}
{"uptime":"0.045086","msg":"LogIfError","err":"paramDefOf: no parameter named engine.keykitallow","click":0,"loglevel":"warn"}
{"uptime":"0.045086","msg":"LogIfError","err":"paramDefOf: no parameter named engine.keykitpath","click":0,"loglevel":"warn"}
{"uptime":"0.045586","msg":"LogIfError","err":"paramDefOf: no parameter named engine.keykitoutput","click":0,"loglevel":"warn"}
{"uptime":"0.046086","msg":"Synths loaded","len":193,"click":0,"loglevel":"info"}
{"uptime":"0.046086","msg":"Palette","args":["stop","engine"],"click":0,"loglevel":"info"}
{"uptime":"0.046086","msg":"KillExecutable","executable":"palette_engine.exe","exe":"palette_engine.exe","click":0,"loglevel":"info"}
{"uptime":"0.000000","msg":"InitLog ==============================","date":"2023-08-14 18:34:20","logname":"palette","click":0,"loglevel":"info"}
{"uptime":"0.044517","msg":"Initialized MIDI","numoutports":25,"click":0,"loglevel":"info"}
{"uptime":"0.044517","msg":"LogIfError","err":"paramDefOf: no parameter named engine.keykitoutput","click":0,"loglevel":"warn"}
{"uptime":"0.044517","msg":"LogIfError","err":"paramDefOf: no parameter named engine.keykitroot","click":0,"loglevel":"warn"}
{"uptime":"0.044517","msg":"LogIfError","err":"paramDefOf: no parameter named engine.keykitrun","click":0,"loglevel":"warn"}
{"uptime":"0.044517","msg":"LogIfError","err":"paramDefOf: no parameter named engine.keykitallow","click":0,"loglevel":"warn"}
{"uptime":"0.044517","msg":"LogIfError","err":"paramDefOf: no parameter named engine.keykitpath","click":0,"loglevel":"warn"}
{"uptime":"0.045017","msg":"Synths loaded","len":193,"click":0,"loglevel":"info"}
{"uptime":"0.045017","msg":"Palette","args":["status"],"click":0,"loglevel":"info"}
{"uptime":"0.000000","msg":"InitLog ==============================","date":"2023-08-14 18:34:24","logname":"palette","click":0,"loglevel":"info"}
{"uptime":"0.043527","msg":"Initialized MIDI","numoutports":25,"click":0,"loglevel":"info"}
{"uptime":"0.044028","msg":"LogIfError","err":"paramDefOf: no parameter named engine.keykitpath","click":0,"loglevel":"warn"}
{"uptime":"0.044028","msg":"LogIfError","err":"paramDefOf: no parameter named engine.keykitallow","click":0,"loglevel":"warn"}
{"uptime":"0.044028","msg":"LogIfError","err":"paramDefOf: no parameter named engine.keykitrun","click":0,"loglevel":"warn"}
{"uptime":"0.044028","msg":"LogIfError","err":"paramDefOf: no parameter named engine.keykitoutput","click":0,"loglevel":"warn"}
{"uptime":"0.044028","msg":"LogIfError","err":"paramDefOf: no parameter named engine.keykitroot","click":0,"loglevel":"warn"}
{"uptime":"0.044528","msg":"Synths loaded","len":193,"click":0,"loglevel":"info"}
{"uptime":"0.044528","msg":"Palette","args":["start","engine"],"click":0,"loglevel":"info"}
{"uptime":"0.223462","msg":"StartExecutableLogOutput","executable":"C:\\Program Files\\Palette\\bin\\palette_engine.exe","click":0,"loglevel":"info"}
{"uptime":"0.000000","msg":"InitLog ==============================","date":"2023-08-14 18:35:22","logname":"palette","click":0,"loglevel":"info"}
{"uptime":"0.047853","msg":"Initialized MIDI","numoutports":25,"click":0,"loglevel":"info"}
{"uptime":"0.047853","msg":"LogIfError","err":"paramDefOf: no parameter named engine.keykitroot","click":0,"loglevel":"warn"}
{"uptime":"0.047853","msg":"LogIfError","err":"paramDefOf: no parameter named engine.keykitrun","click":0,"loglevel":"warn"}
{"uptime":"0.047853","msg":"LogIfError","err":"paramDefOf: no parameter named engine.keykitoutput","click":0,"loglevel":"warn"}
{"uptime":"0.047853","msg":"LogIfError","err":"paramDefOf: no parameter named engine.keykitpath","click":0,"loglevel":"warn"}
{"uptime":"0.047853","msg":"LogIfError","err":"paramDefOf: no parameter named engine.keykitallow","click":0,"loglevel":"warn"}
{"uptime":"0.048853","msg":"Synths loaded","len":193,"click":0,"loglevel":"info"}
{"uptime":"0.048853","msg":"Palette","args":["stop","gui"],"click":0,"loglevel":"info"}
{"uptime":"0.048853","msg":"KillExecutable","executable":"palette_gui.exe","exe":"palette_gui.exe","click":0,"loglevel":"info"}
{"uptime":"0.000000","msg":"InitLog ==============================","date":"2023-08-14 18:35:26","logname":"palette","click":0,"loglevel":"info"}
{"uptime":"0.043000","msg":"Initialized MIDI","numoutports":25,"click":0,"loglevel":"info"}
{"uptime":"0.043000","msg":"LogIfError","err":"paramDefOf: no parameter named engine.keykitpath","click":0,"loglevel":"warn"}
{"uptime":"0.043000","msg":"LogIfError","err":"paramDefOf: no parameter named engine.keykitrun","click":0,"loglevel":"warn"}
{"uptime":"0.043000","msg":"LogIfError","err":"paramDefOf: no parameter named engine.keykitallow","click":0,"loglevel":"warn"}
{"uptime":"0.043000","msg":"LogIfError","err":"paramDefOf: no parameter named engine.keykitoutput","click":0,"loglevel":"warn"}
{"uptime":"0.043000","msg":"LogIfError","err":"paramDefOf: no parameter named engine.keykitroot","click":0,"loglevel":"warn"}
{"uptime":"0.043501","msg":"Synths loaded","len":193,"click":0,"loglevel":"info"}
{"uptime":"0.043501","msg":"Palette","args":["start","gui"],"click":0,"loglevel":"info"}
{"uptime":"0.000000","msg":"InitLog ==============================","date":"2023-08-14 18:43:18","logname":"palette","click":0,"loglevel":"info"}
{"uptime":"0.047009","msg":"Initialized MIDI","numoutports":25,"click":0,"loglevel":"info"}
{"uptime":"0.047509","msg":"LogIfError","err":"paramDefOf: no parameter named engine.keykitroot","click":0,"loglevel":"warn"}
{"uptime":"0.047509","msg":"LogIfError","err":"paramDefOf: no parameter named engine.keykitoutput","click":0,"loglevel":"warn"}
{"uptime":"0.047509","msg":"LogIfError","err":"paramDefOf: no parameter named engine.keykitallow","click":0,"loglevel":"warn"}
{"uptime":"0.047509","msg":"LogIfError","err":"paramDefOf: no parameter named engine.keykitpath","click":0,"loglevel":"warn"}
{"uptime":"0.047509","msg":"LogIfError","err":"paramDefOf: no parameter named engine.keykitrun","click":0,"loglevel":"warn"}
{"uptime":"0.047509","msg":"Synths loaded","len":25,"click":0,"loglevel":"info"}
{"uptime":"0.047509","msg":"Palette","args":["stop","engine"],"click":0,"loglevel":"info"}
{"uptime":"0.047509","msg":"KillExecutable","executable":"palette_engine.exe","exe":"palette_engine.exe","click":0,"loglevel":"info"}
{"uptime":"0.000000","msg":"InitLog ==============================","date":"2023-08-14 19:01:18","logname":"palette","click":0,"loglevel":"info"}
{"uptime":"0.043590","msg":"Initialized MIDI","numoutports":25,"click":0,"loglevel":"info"}
{"uptime":"0.044091","msg":"LogIfError","err":"paramDefOf: no parameter named engine.keykitallow","click":0,"loglevel":"warn"}
{"uptime":"0.044091","msg":"LogIfError","err":"paramDefOf: no parameter named engine.keykitpath","click":0,"loglevel":"warn"}
{"uptime":"0.044091","msg":"LogIfError","err":"paramDefOf: no parameter named engine.keykitroot","click":0,"loglevel":"warn"}
{"uptime":"0.044091","msg":"LogIfError","err":"paramDefOf: no parameter named engine.keykitrun","click":0,"loglevel":"warn"}
{"uptime":"0.044091","msg":"LogIfError","err":"paramDefOf: no parameter named engine.keykitoutput","click":0,"loglevel":"warn"}
{"uptime":"0.044091","msg":"Synths loaded","len":25,"click":0,"loglevel":"info"}
{"uptime":"0.044091","msg":"Palette","args":["stop"],"click":0,"loglevel":"info"}
{"uptime":"0.044091","msg":"Palette kill is killing everything including monitor.","click":0,"loglevel":"info"}
{"uptime":"0.044091","msg":"KillExecutable","executable":"palette_monitor.exe","exe":"palette_monitor.exe","click":0,"loglevel":"info"}
{"uptime":"0.116594","msg":"KillAll","click":0,"loglevel":"info"}
{"uptime":"0.116594","msg":"KillExecutable","executable":"key.exe","exe":"key.exe","click":0,"loglevel":"info"}
{"uptime":"0.194522","msg":"KillExecutable","executable":"mmtt_kinect.exe","exe":"mmtt_kinect.exe","click":0,"loglevel":"info"}
{"uptime":"0.272542","msg":"KillExecutable","executable":"bidule.exe","exe":"bidule.exe","click":0,"loglevel":"info"}
{"uptime":"0.357670","msg":"KillExecutable","executable":"avenue.exe","exe":"avenue.exe","click":0,"loglevel":"info"}
{"uptime":"0.457682","msg":"KillExecutable","executable":"palette_gui.exe","exe":"palette_gui.exe","click":0,"loglevel":"info"}
{"uptime":"0.612842","msg":"KillExecutable","executable":"palette_engine.exe","exe":"palette_engine.exe","click":0,"loglevel":"info"}
{"uptime":"0.000000","msg":"InitLog ==============================","date":"2023-08-14 19:21:58","logname":"palette","click":0,"loglevel":"info"}
{"uptime":"0.044000","msg":"Initialized MIDI","numoutports":25,"click":0,"loglevel":"info"}
{"uptime":"0.044000","msg":"LogIfError","err":"paramDefOf: no parameter named engine.keykitpath","click":0,"loglevel":"warn"}
{"uptime":"0.044000","msg":"LogIfError","err":"paramDefOf: no parameter named engine.keykitoutput","click":0,"loglevel":"warn"}
{"uptime":"0.044000","msg":"LogIfError","err":"paramDefOf: no parameter named engine.keykitrun","click":0,"loglevel":"warn"}
{"uptime":"0.044000","msg":"LogIfError","err":"paramDefOf: no parameter named engine.keykitallow","click":0,"loglevel":"warn"}
{"uptime":"0.044000","msg":"LogIfError","err":"paramDefOf: no parameter named engine.keykitroot","click":0,"loglevel":"warn"}
{"uptime":"0.044499","msg":"Synths loaded","len":25,"click":0,"loglevel":"info"}
{"uptime":"0.044499","msg":"Palette","args":["stop"],"click":0,"loglevel":"info"}
{"uptime":"0.044499","msg":"Palette kill is killing everything including monitor.","click":0,"loglevel":"info"}
{"uptime":"0.044499","msg":"KillExecutable","executable":"palette_monitor.exe","exe":"palette_monitor.exe","click":0,"loglevel":"info"}
{"uptime":"0.124613","msg":"KillAll","click":0,"loglevel":"info"}
{"uptime":"0.124613","msg":"KillExecutable","executable":"key.exe","exe":"key.exe","click":0,"loglevel":"info"}
{"uptime":"0.199664","msg":"KillExecutable","executable":"mmtt_kinect.exe","exe":"mmtt_kinect.exe","click":0,"loglevel":"info"}
{"uptime":"0.287174","msg":"KillExecutable","executable":"bidule.exe","exe":"bidule.exe","click":0,"loglevel":"info"}
{"uptime":"0.376761","msg":"KillExecutable","executable":"avenue.exe","exe":"avenue.exe","click":0,"loglevel":"info"}
{"uptime":"0.488715","msg":"KillExecutable","executable":"palette_gui.exe","exe":"palette_gui.exe","click":0,"loglevel":"info"}
{"uptime":"0.657308","msg":"KillExecutable","executable":"palette_engine.exe","exe":"palette_engine.exe","click":0,"loglevel":"info"}
{"uptime":"0.000000","msg":"InitLog ==============================","date":"2023-08-14 19:39:32","logname":"palette","click":0,"loglevel":"info"}
{"uptime":"0.046018","msg":"Initialized MIDI","numoutports":25,"click":0,"loglevel":"info"}
{"uptime":"0.046519","msg":"Synths loaded","len":25,"click":0,"loglevel":"info"}
{"uptime":"0.046519","msg":"Palette","args":["stop"],"click":0,"loglevel":"info"}
{"uptime":"0.046519","msg":"Palette kill is killing everything including monitor.","click":0,"loglevel":"info"}
{"uptime":"0.046519","msg":"KillExecutable","executable":"palette_monitor.exe","exe":"palette_monitor.exe","click":0,"loglevel":"info"}
{"uptime":"0.149326","msg":"KillAll","click":0,"loglevel":"info"}
{"uptime":"0.149326","msg":"KillExecutable","executable":"key.exe","exe":"key.exe","click":0,"loglevel":"info"}
{"uptime":"0.227267","msg":"KillExecutable","executable":"mmtt_kinect.exe","exe":"mmtt_kinect.exe","click":0,"loglevel":"info"}
{"uptime":"0.304364","msg":"KillExecutable","executable":"bidule.exe","exe":"bidule.exe","click":0,"loglevel":"info"}
{"uptime":"0.388412","msg":"KillExecutable","executable":"avenue.exe","exe":"avenue.exe","click":0,"loglevel":"info"}
{"uptime":"0.480506","msg":"KillExecutable","executable":"palette_gui.exe","exe":"palette_gui.exe","click":0,"loglevel":"info"}
{"uptime":"0.624035","msg":"KillExecutable","executable":"palette_engine.exe","exe":"palette_engine.exe","click":0,"loglevel":"info"}
{"uptime":"0.000000","msg":"InitLog ==============================","date":"2023-08-14 19:41:57","logname":"palette","click":0,"loglevel":"info"}
{"uptime":"0.048498","msg":"Initialized MIDI","numoutports":25,"click":0,"loglevel":"info"}
{"uptime":"0.049000","msg":"Synths loaded","len":25,"click":0,"loglevel":"info"}
{"uptime":"0.049000","msg":"Palette","args":["stop"],"click":0,"loglevel":"info"}
{"uptime":"0.049000","msg":"Palette kill is killing everything including monitor.","click":0,"loglevel":"info"}
{"uptime":"0.049000","msg":"KillExecutable","executable":"palette_monitor.exe","exe":"palette_monitor.exe","click":0,"loglevel":"info"}
{"uptime":"0.172161","msg":"KillAll","click":0,"loglevel":"info"}
{"uptime":"0.172161","msg":"KillExecutable","executable":"key.exe","exe":"key.exe","click":0,"loglevel":"info"}
{"uptime":"0.291220","msg":"KillExecutable","executable":"mmtt_kinect.exe","exe":"mmtt_kinect.exe","click":0,"loglevel":"info"}
{"uptime":"0.415264","msg":"KillExecutable","executable":"bidule.exe","exe":"bidule.exe","click":0,"loglevel":"info"}
{"uptime":"0.507480","msg":"KillExecutable","executable":"avenue.exe","exe":"avenue.exe","click":0,"loglevel":"info"}
{"uptime":"0.601997","msg":"KillExecutable","executable":"palette_gui.exe","exe":"palette_gui.exe","click":0,"loglevel":"info"}
{"uptime":"0.813217","msg":"KillExecutable","executable":"palette_engine.exe","exe":"palette_engine.exe","click":0,"loglevel":"info"}
{"uptime":"0.000000","msg":"InitLog ==============================","date":"2023-08-15 09:51:50","logname":"palette","click":0,"loglevel":"info"}
{"uptime":"0.046507","msg":"Initialized MIDI","numoutports":25,"click":0,"loglevel":"info"}
{"uptime":"0.046507","msg":"Should kit be loading Current?","click":0,"loglevel":"info"}
{"uptime":"0.050006","msg":"Synths loaded","len":25,"click":0,"loglevel":"info"}
{"uptime":"0.050507","msg":"Palette","args":["start"],"click":0,"loglevel":"info"}
{"uptime":"0.250184","msg":"palette: starting monitor","MonitorExe":"palette_monitor.exe","click":0,"loglevel":"info"}
{"uptime":"0.250306","msg":"StartExecutableLogOutput","executable":"C:\\Program Files\\Palette\\bin\\palette_monitor.exe","click":0,"loglevel":"info"}
{"uptime":"0.000000","msg":"InitLog ==============================","date":"2023-08-15 12:19:38","logname":"palette","click":0,"loglevel":"info"}
{"uptime":"0.049510","msg":"Initialized MIDI","numoutports":25,"click":0,"loglevel":"info"}
{"uptime":"0.049510","msg":"Should kit be loading Current?","click":0,"loglevel":"info"}
{"uptime":"0.050510","msg":"Synths loaded","len":25,"click":0,"loglevel":"info"}
{"uptime":"0.050510","msg":"Palette","args":["engine.status"],"click":0,"loglevel":"info"}
{"uptime":"0.000000","msg":"InitLog ==============================","date":"2023-08-15 12:21:30","logname":"palette","click":0,"loglevel":"info"}
{"uptime":"0.045519","msg":"Initialized MIDI","numoutports":25,"click":0,"loglevel":"info"}
{"uptime":"0.045519","msg":"Should kit be loading Current?","click":0,"loglevel":"info"}
{"uptime":"0.046019","msg":"Synths loaded","len":25,"click":0,"loglevel":"info"}
{"uptime":"0.046019","msg":"Palette","args":["stop"],"click":0,"loglevel":"info"}
{"uptime":"0.046019","msg":"Palette kill is killing everything including monitor.","click":0,"loglevel":"info"}
{"uptime":"0.046019","msg":"KillExecutable","executable":"palette_monitor.exe","exe":"palette_monitor.exe","click":0,"loglevel":"info"}
{"uptime":"0.138219","msg":"KillAll","click":0,"loglevel":"info"}
{"uptime":"0.138219","msg":"KillExecutable","executable":"mmtt_kinect.exe","exe":"mmtt_kinect.exe","click":0,"loglevel":"info"}
{"uptime":"0.225027","msg":"KillExecutable","executable":"bidule.exe","exe":"bidule.exe","click":0,"loglevel":"info"}
{"uptime":"0.331103","msg":"KillExecutable","executable":"avenue.exe","exe":"avenue.exe","click":0,"loglevel":"info"}
{"uptime":"0.455184","msg":"KillExecutable","executable":"palette_gui.exe","exe":"palette_gui.exe","click":0,"loglevel":"info"}
{"uptime":"0.639357","msg":"KillExecutable","executable":"palette_engine.exe","exe":"palette_engine.exe","click":0,"loglevel":"info"}
{"uptime":"0.000000","msg":"InitLog ==============================","date":"2023-08-15 12:41:12","logname":"palette","click":0,"loglevel":"info"}
{"uptime":"0.047515","msg":"Initialized MIDI","numoutports":25,"click":0,"loglevel":"info"}
{"uptime":"0.047515","msg":"Should kit be loading Current?","click":0,"loglevel":"info"}
{"uptime":"0.048016","msg":"Synths loaded","len":25,"click":0,"loglevel":"info"}
{"uptime":"0.048016","msg":"Palette","args":["stop"],"click":0,"loglevel":"info"}
{"uptime":"0.048016","msg":"Palette kill is killing everything including monitor.","click":0,"loglevel":"info"}
{"uptime":"0.048016","msg":"KillExecutable","executable":"palette_monitor.exe","exe":"palette_monitor.exe","click":0,"loglevel":"info"}
{"uptime":"0.178050","msg":"KillAll","click":0,"loglevel":"info"}
{"uptime":"0.178050","msg":"KillExecutable","executable":"mmtt_kinect.exe","exe":"mmtt_kinect.exe","click":0,"loglevel":"info"}
{"uptime":"0.312708","msg":"KillExecutable","executable":"bidule.exe","exe":"bidule.exe","click":0,"loglevel":"info"}
{"uptime":"0.434717","msg":"KillExecutable","executable":"avenue.exe","exe":"avenue.exe","click":0,"loglevel":"info"}
{"uptime":"0.576789","msg":"KillExecutable","executable":"palette_gui.exe","exe":"palette_gui.exe","click":0,"loglevel":"info"}
{"uptime":"0.809994","msg":"KillExecutable","executable":"palette_engine.exe","exe":"palette_engine.exe","click":0,"loglevel":"info"}
{"uptime":"0.000000","msg":"InitLog ==============================","date":"2023-08-15 12:42:12","logname":"palette","click":0,"loglevel":"info"}
{"uptime":"0.044505","msg":"Initialized MIDI","numoutports":25,"click":0,"loglevel":"info"}
{"uptime":"0.044505","msg":"Should kit be loading Current?","click":0,"loglevel":"info"}
{"uptime":"0.045005","msg":"Synths loaded","len":25,"click":0,"loglevel":"info"}
{"uptime":"0.045005","msg":"Palette","args":["stop"],"click":0,"loglevel":"info"}
{"uptime":"0.045005","msg":"Palette kill is killing everything including monitor.","click":0,"loglevel":"info"}
{"uptime":"0.045005","msg":"KillExecutable","executable":"palette_monitor.exe","exe":"palette_monitor.exe","click":0,"loglevel":"info"}
{"uptime":"0.765176","msg":"KillAll","click":0,"loglevel":"info"}
{"uptime":"0.765176","msg":"KillExecutable","executable":"mmtt_kinect.exe","exe":"mmtt_kinect.exe","click":0,"loglevel":"info"}
{"uptime":"1.485054","msg":"KillExecutable","executable":"bidule.exe","exe":"bidule.exe","click":0,"loglevel":"info"}
{"uptime":"2.197889","msg":"KillExecutable","executable":"avenue.exe","exe":"avenue.exe","click":0,"loglevel":"info"}
{"uptime":"2.357887","msg":"KillExecutable","executable":"palette_gui.exe","exe":"palette_gui.exe","click":0,"loglevel":"info"}
{"uptime":"2.539377","msg":"KillExecutable","executable":"palette_engine.exe","exe":"palette_engine.exe","click":0,"loglevel":"info"}
{"uptime":"0.000000","msg":"InitLog ==============================","date":"2023-08-15 12:42:17","logname":"palette","click":0,"loglevel":"info"}
{"uptime":"0.041000","msg":"Initialized MIDI","numoutports":25,"click":0,"loglevel":"info"}
{"uptime":"0.041000","msg":"Should kit be loading Current?","click":0,"loglevel":"info"}
{"uptime":"0.041500","msg":"Synths loaded","len":25,"click":0,"loglevel":"info"}
{"uptime":"0.041500","msg":"Palette","args":["status"],"click":0,"loglevel":"info"}
{"uptime":"0.000000","msg":"InitLog ==============================","date":"2023-08-15 12:42:22","logname":"palette","click":0,"loglevel":"info"}
{"uptime":"0.042542","msg":"Initialized MIDI","numoutports":25,"click":0,"loglevel":"info"}
{"uptime":"0.042542","msg":"Should kit be loading Current?","click":0,"loglevel":"info"}
{"uptime":"0.043042","msg":"Synths loaded","len":25,"click":0,"loglevel":"info"}
{"uptime":"0.043042","msg":"Palette","args":["status"],"click":0,"loglevel":"info"}
