{"uptime":"0.000000","msg":"InitLog ==============================","date":"2023-07-12 11:38:08","logname":"monitor","click":0,"loglevel":"info"}
{"uptime":"0.000501","msg":"monitor is checking the engine.","click":0,"loglevel":"info"}
{"uptime":"0.063533","msg":"LogIfError","port":"Logidy UMI3","err":"can't find MIDI input port Logidy UMI3","click":0,"loglevel":"warn"}
{"uptime":"0.108534","msg":"joystick check","j":0,"name":"Microsoft PC-joystick driver","buttoncount":0,"click":0,"loglevel":"info"}
{"uptime":"0.125056","msg":"joystick check","j":1,"name":"Microsoft PC-joystick driver","buttoncount":16,"click":0,"loglevel":"info"}
{"uptime":"0.140607","msg":"joystick check","j":2,"name":"Microsoft PC-joystick driver","buttoncount":16,"click":0,"loglevel":"info"}
{"uptime":"0.156605","msg":"joystick check","j":3,"name":"Microsoft PC-joystick driver","buttoncount":16,"click":0,"loglevel":"info"}
{"uptime":"0.171643","msg":"joystick check","j":4,"name":"Microsoft PC-joystick driver","buttoncount":4,"click":0,"loglevel":"info"}
{"uptime":"0.186666","msg":"LogIfError","err":"joystickMonitor: disabled, unable to find joystick with 8 buttons","click":0,"loglevel":"warn"}
{"uptime":"0.224777","msg":"checkEngine: engine is not running, killing everything, monitor should restart engine.","click":0,"loglevel":"info"}
{"uptime":"0.224777","msg":"KillAll","click":0,"loglevel":"info"}
{"uptime":"0.224777","msg":"KillExecutable","executable":"key.exe","exe":"key.exe","click":0,"loglevel":"info"}
{"uptime":"0.287348","msg":"KillExecutable","executable":"mmtt_kinect.exe","exe":"mmtt_kinect.exe","click":0,"loglevel":"info"}
{"uptime":"0.347431","msg":"KillExecutable","executable":"bidule.exe","exe":"bidule.exe","click":0,"loglevel":"info"}
{"uptime":"0.407527","msg":"KillExecutable","executable":"avenue.exe","exe":"avenue.exe","click":0,"loglevel":"info"}
{"uptime":"0.469092","msg":"KillExecutable","executable":"palette_gui.exe","exe":"palette_gui.exe","click":0,"loglevel":"info"}
{"uptime":"0.531229","msg":"KillExecutable","executable":"palette_engine.exe","exe":"palette_engine.exe","click":0,"loglevel":"info"}
{"uptime":"0.594340","msg":"checkEngine: restarting engine","click":0,"loglevel":"info"}
{"uptime":"0.594340","msg":"StartExecutableLogOutput","executable":"C:\\Program Files\\Palette\\bin\\palette_engine.exe","click":0,"loglevel":"info"}
{"uptime":"0.000000","msg":"InitLog ==============================","date":"2023-07-12 11:45:54","logname":"monitor","click":0,"loglevel":"info"}
{"uptime":"0.000000","msg":"monitor is checking the engine.","click":0,"loglevel":"info"}
{"uptime":"0.042157","msg":"LogIfError","port":"Logidy UMI3","err":"can't find MIDI input port Logidy UMI3","click":0,"loglevel":"warn"}
{"uptime":"0.051658","msg":"joystick check","j":0,"name":"Microsoft PC-joystick driver","buttoncount":0,"click":0,"loglevel":"info"}
{"uptime":"0.052157","msg":"joystick check","j":1,"name":"Microsoft PC-joystick driver","buttoncount":16,"click":0,"loglevel":"info"}
{"uptime":"0.052658","msg":"joystick check","j":2,"name":"Microsoft PC-joystick driver","buttoncount":16,"click":0,"loglevel":"info"}
{"uptime":"0.053157","msg":"joystick check","j":3,"name":"Microsoft PC-joystick driver","buttoncount":16,"click":0,"loglevel":"info"}
{"uptime":"0.053157","msg":"joystick check","j":4,"name":"Microsoft PC-joystick driver","buttoncount":4,"click":0,"loglevel":"info"}
{"uptime":"0.053157","msg":"LogIfError","err":"joystickMonitor: disabled, unable to find joystick with 8 buttons","click":0,"loglevel":"warn"}
{"uptime":"0.195284","msg":"checkEngine: engine is not running, killing everything, monitor should restart engine.","click":0,"loglevel":"info"}
{"uptime":"0.195284","msg":"KillAll","click":0,"loglevel":"info"}
{"uptime":"0.195284","msg":"KillExecutable","executable":"key.exe","exe":"key.exe","click":0,"loglevel":"info"}
{"uptime":"0.254834","msg":"KillExecutable","executable":"mmtt_kinect.exe","exe":"mmtt_kinect.exe","click":0,"loglevel":"info"}
{"uptime":"0.311869","msg":"KillExecutable","executable":"bidule.exe","exe":"bidule.exe","click":0,"loglevel":"info"}
{"uptime":"0.384902","msg":"KillExecutable","executable":"avenue.exe","exe":"avenue.exe","click":0,"loglevel":"info"}
{"uptime":"0.477955","msg":"KillExecutable","executable":"palette_gui.exe","exe":"palette_gui.exe","click":0,"loglevel":"info"}
{"uptime":"0.560636","msg":"KillExecutable","executable":"palette_engine.exe","exe":"palette_engine.exe","click":0,"loglevel":"info"}
{"uptime":"0.641414","msg":"checkEngine: restarting engine","click":0,"loglevel":"info"}
{"uptime":"0.641414","msg":"StartExecutableLogOutput","executable":"C:\\Program Files\\Palette\\bin\\palette_engine.exe","click":0,"loglevel":"info"}
