[0.000,0] Palette: log=C:\Users\tjt\go\src\github.com\vizicist\palette\default\logs\ffgl.log
[0.001,0] Palette: config=C:\Users\tjt\AppData\Local\Palette\config\ffgl.json
[0.002,0] No config file (C:\Users\tjt\AppData\Local\Palette\config\ffgl.json), assuming defaults
[0.050,0] Palette: config=C:\Users\tjt\AppData\Local\Palette\config\ffgl.json
[0.051,0] No config file (C:\Users\tjt\AppData\Local\Palette\config\ffgl.json), assuming defaults
[0.000,0] Palette: log=C:\Users\tjt\go\src\github.com\vizicist\palette\default\logs\ffgl.log
[0.001,0] Palette: config=C:\Users\tjt\AppData\Local\Palette\config\ffgl.json
[0.001,0] No config file (C:\Users\tjt\AppData\Local\Palette\config\ffgl.json), assuming defaults
[0.048,0] Palette: config=C:\Users\tjt\AppData\Local\Palette\config\ffgl.json
[0.050,0] No config file (C:\Users\tjt\AppData\Local\Palette\config\ffgl.json), assuming defaults
[4.010,0] Palette: config=C:\Users\tjt\AppData\Local\Palette\config\ffgl.json
[4.010,0] No config file (C:\Users\tjt\AppData\Local\Palette\config\ffgl.json), assuming defaults
[4.015,0] Palette: config=C:\Users\tjt\AppData\Local\Palette\config\ffgl.json
[4.016,0] No config file (C:\Users\tjt\AppData\Local\Palette\config\ffgl.json), assuming defaults
[4.022,0] Palette.InitGL: x,y=0,0 w,h=1920,1080
[4.023,0] PaletteHost::SetOscPort: PaletteDaemon is listening on port=3337
[0.000,0] Palette: log=C:\Users\tjt\go\src\github.com\vizicist\palette\default\logs\ffgl.log
[0.001,0] Palette: config=C:\Users\tjt\AppData\Local\Palette\config\ffgl.json
[0.001,0] No config file (C:\Users\tjt\AppData\Local\Palette\config\ffgl.json), assuming defaults
[0.049,0] Palette: config=C:\Users\tjt\AppData\Local\Palette\config\ffgl.json
[0.049,0] No config file (C:\Users\tjt\AppData\Local\Palette\config\ffgl.json), assuming defaults
[3.814,0] Palette: config=C:\Users\tjt\AppData\Local\Palette\config\ffgl.json
[3.814,0] No config file (C:\Users\tjt\AppData\Local\Palette\config\ffgl.json), assuming defaults
[3.820,0] Palette: config=C:\Users\tjt\AppData\Local\Palette\config\ffgl.json
[3.821,0] No config file (C:\Users\tjt\AppData\Local\Palette\config\ffgl.json), assuming defaults
[3.827,0] Palette.InitGL: x,y=0,0 w,h=1920,1080
[3.827,0] PaletteHost::SetOscPort: PaletteDaemon is listening on port=3337
[0.000,0] Palette: log=C:\Users\tjt\go\src\github.com\vizicist\palette\default\logs\ffgl.log
[0.001,0] Palette: config=C:\Users\tjt\AppData\Local\Palette\config\ffgl.json
[0.001,0] No config file (C:\Users\tjt\AppData\Local\Palette\config\ffgl.json), assuming defaults
[0.052,0] Palette: config=C:\Users\tjt\AppData\Local\Palette\config\ffgl.json
[0.053,0] No config file (C:\Users\tjt\AppData\Local\Palette\config\ffgl.json), assuming defaults
[4.519,0] Palette: config=C:\Users\tjt\AppData\Local\Palette\config\ffgl.json
[4.520,0] No config file (C:\Users\tjt\AppData\Local\Palette\config\ffgl.json), assuming defaults
[4.525,0] Palette: config=C:\Users\tjt\AppData\Local\Palette\config\ffgl.json
[4.526,0] No config file (C:\Users\tjt\AppData\Local\Palette\config\ffgl.json), assuming defaults
[4.532,0] Palette.InitGL: x,y=0,0 w,h=1920,1080
[4.533,0] PaletteHost::SetOscPort: PaletteDaemon is listening on port=3337
[0.000,0] Palette: log=C:\Users\tjt\go\src\github.com\vizicist\palette\default\logs\ffgl.log
[0.000,0] Palette: config=C:\Users\tjt\AppData\Local\Palette\config\ffgl.json
[0.001,0] No config file (C:\Users\tjt\AppData\Local\Palette\config\ffgl.json), assuming defaults
[0.051,0] Palette: config=C:\Users\tjt\AppData\Local\Palette\config\ffgl.json
[0.051,0] No config file (C:\Users\tjt\AppData\Local\Palette\config\ffgl.json), assuming defaults
[6.148,0] Palette: config=C:\Users\tjt\AppData\Local\Palette\config\ffgl.json
[6.148,0] No config file (C:\Users\tjt\AppData\Local\Palette\config\ffgl.json), assuming defaults
[6.153,0] Palette: config=C:\Users\tjt\AppData\Local\Palette\config\ffgl.json
[6.154,0] No config file (C:\Users\tjt\AppData\Local\Palette\config\ffgl.json), assuming defaults
[6.160,0] Palette.InitGL: x,y=0,0 w,h=1920,1080
[6.161,0] PaletteHost::SetOscPort: PaletteDaemon is listening on port=3337
[0.000,0] Palette: log=C:\Users\tjt\go\src\github.com\vizicist\palette\default\logs\ffgl.log
[0.001,0] Palette: config=C:\Users\tjt\AppData\Local\Palette\config\ffgl.json
[0.001,0] No config file (C:\Users\tjt\AppData\Local\Palette\config\ffgl.json), assuming defaults
[0.057,0] Palette: config=C:\Users\tjt\AppData\Local\Palette\config\ffgl.json
[0.058,0] No config file (C:\Users\tjt\AppData\Local\Palette\config\ffgl.json), assuming defaults
[23.158,0] Palette: config=C:\Users\tjt\AppData\Local\Palette\config\ffgl.json
[23.159,0] No config file (C:\Users\tjt\AppData\Local\Palette\config\ffgl.json), assuming defaults
[23.164,0] Palette: config=C:\Users\tjt\AppData\Local\Palette\config\ffgl.json
[23.165,0] No config file (C:\Users\tjt\AppData\Local\Palette\config\ffgl.json), assuming defaults
[23.172,0] Palette.InitGL: x,y=0,0 w,h=1920,1080
[23.172,0] PaletteHost::SetOscPort: PaletteDaemon is listening on port=3337
[0.000,0] Palette: log=C:\Users\tjt\go\src\github.com\vizicist\palette\default\logs\ffgl.log
[0.001,0] Palette: config=C:\Users\tjt\AppData\Local\Palette\config\ffgl.json
[0.001,0] No config file (C:\Users\tjt\AppData\Local\Palette\config\ffgl.json), assuming defaults
[0.054,0] Palette: config=C:\Users\tjt\AppData\Local\Palette\config\ffgl.json
[0.055,0] No config file (C:\Users\tjt\AppData\Local\Palette\config\ffgl.json), assuming defaults
[2.128,0] Palette: config=C:\Users\tjt\AppData\Local\Palette\config\ffgl.json
[2.129,0] No config file (C:\Users\tjt\AppData\Local\Palette\config\ffgl.json), assuming defaults
[2.138,0] Palette.InitGL: x,y=0,0 w,h=160,120
[2.292,0] Palette: config=C:\Users\tjt\AppData\Local\Palette\config\ffgl.json
[2.293,0] No config file (C:\Users\tjt\AppData\Local\Palette\config\ffgl.json), assuming defaults
[85.006,0] Palette: config=C:\Users\tjt\AppData\Local\Palette\config\ffgl.json
[85.007,0] No config file (C:\Users\tjt\AppData\Local\Palette\config\ffgl.json), assuming defaults
[85.013,0] Palette: config=C:\Users\tjt\AppData\Local\Palette\config\ffgl.json
[85.014,0] No config file (C:\Users\tjt\AppData\Local\Palette\config\ffgl.json), assuming defaults
[85.019,0] Palette.InitGL: x,y=0,0 w,h=1920,1080
[85.019,0] PaletteHost::SetOscPort: PaletteDaemon is listening on port=3337
[86.538,0] Palette: config=C:\Users\tjt\AppData\Local\Palette\config\ffgl.json
[86.539,0] No config file (C:\Users\tjt\AppData\Local\Palette\config\ffgl.json), assuming defaults
[86.544,0] Palette.InitGL: x,y=0,0 w,h=1920,1080
[86.545,0] PaletteHost::SetOscPort: PaletteDaemon is listening on port=3336
[88.642,0] Palette: config=C:\Users\tjt\AppData\Local\Palette\config\ffgl.json
[88.643,0] No config file (C:\Users\tjt\AppData\Local\Palette\config\ffgl.json), assuming defaults
[88.648,0] Palette.InitGL: x,y=0,0 w,h=1920,1080
[88.648,0] PaletteHost::SetOscPort: PaletteDaemon is listening on port=3335
[89.508,0] Palette: config=C:\Users\tjt\AppData\Local\Palette\config\ffgl.json
[89.509,0] No config file (C:\Users\tjt\AppData\Local\Palette\config\ffgl.json), assuming defaults
[89.514,0] Palette.InitGL: x,y=0,0 w,h=1920,1080
[89.515,0] PaletteHost::SetOscPort: PaletteDaemon is listening on port=3334
[0.000,0] Palette: log=C:\Users\tjt\go\src\github.com\vizicist\palette\default\logs\ffgl.log
[0.002,0] Palette: config=C:\Users\tjt\AppData\Local\Palette\config\ffgl.json
[0.002,0] No config file (C:\Users\tjt\AppData\Local\Palette\config\ffgl.json), assuming defaults
[0.053,0] Palette: config=C:\Users\tjt\AppData\Local\Palette\config\ffgl.json
[0.053,0] No config file (C:\Users\tjt\AppData\Local\Palette\config\ffgl.json), assuming defaults
[2.111,0] Palette: config=C:\Users\tjt\AppData\Local\Palette\config\ffgl.json
[2.112,0] No config file (C:\Users\tjt\AppData\Local\Palette\config\ffgl.json), assuming defaults
[2.122,0] Palette.InitGL: x,y=0,0 w,h=160,120
[2.269,0] Palette: config=C:\Users\tjt\AppData\Local\Palette\config\ffgl.json
[2.270,0] No config file (C:\Users\tjt\AppData\Local\Palette\config\ffgl.json), assuming defaults
[3.870,0] Palette: config=C:\Users\tjt\AppData\Local\Palette\config\ffgl.json
[3.871,0] No config file (C:\Users\tjt\AppData\Local\Palette\config\ffgl.json), assuming defaults
[3.876,0] Palette: config=C:\Users\tjt\AppData\Local\Palette\config\ffgl.json
[3.876,0] No config file (C:\Users\tjt\AppData\Local\Palette\config\ffgl.json), assuming defaults
[3.881,0] Palette.InitGL: x,y=0,0 w,h=1920,1080
[3.882,0] PaletteHost::SetOscPort: PaletteDaemon is listening on port=3337
[3.953,0] Palette: config=C:\Users\tjt\AppData\Local\Palette\config\ffgl.json
[3.954,0] No config file (C:\Users\tjt\AppData\Local\Palette\config\ffgl.json), assuming defaults
[3.958,0] Palette.InitGL: x,y=0,0 w,h=1920,1080
[3.959,0] PaletteHost::SetOscPort: PaletteDaemon is listening on port=3336
[4.037,0] Palette: config=C:\Users\tjt\AppData\Local\Palette\config\ffgl.json
[4.037,0] No config file (C:\Users\tjt\AppData\Local\Palette\config\ffgl.json), assuming defaults
[4.042,0] Palette.InitGL: x,y=0,0 w,h=1920,1080
[4.043,0] PaletteHost::SetOscPort: PaletteDaemon is listening on port=3335
[4.120,0] Palette: config=C:\Users\tjt\AppData\Local\Palette\config\ffgl.json
[4.121,0] No config file (C:\Users\tjt\AppData\Local\Palette\config\ffgl.json), assuming defaults
[4.126,0] Palette.InitGL: x,y=0,0 w,h=1920,1080
[4.127,0] PaletteHost::SetOscPort: PaletteDaemon is listening on port=3334
[0.000,0] Palette: log=C:\Users\tjt\go\src\github.com\vizicist\palette\default\logs\ffgl.log
[0.001,0] Palette: config=C:\Users\tjt\AppData\Local\Palette\config\ffgl.json
[0.001,0] No config file (C:\Users\tjt\AppData\Local\Palette\config\ffgl.json), assuming defaults
[0.054,0] Palette: config=C:\Users\tjt\AppData\Local\Palette\config\ffgl.json
[0.055,0] No config file (C:\Users\tjt\AppData\Local\Palette\config\ffgl.json), assuming defaults
[5.469,0] Palette: config=C:\Users\tjt\AppData\Local\Palette\config\ffgl.json
[5.470,0] No config file (C:\Users\tjt\AppData\Local\Palette\config\ffgl.json), assuming defaults
[5.475,0] Palette: config=C:\Users\tjt\AppData\Local\Palette\config\ffgl.json
[5.476,0] No config file (C:\Users\tjt\AppData\Local\Palette\config\ffgl.json), assuming defaults
[5.482,0] Palette.InitGL: x,y=0,0 w,h=1920,1080
[5.483,0] PaletteHost::SetOscPort: PaletteDaemon is listening on port=3337
[6.103,0] Palette: config=C:\Users\tjt\AppData\Local\Palette\config\ffgl.json
[6.104,0] No config file (C:\Users\tjt\AppData\Local\Palette\config\ffgl.json), assuming defaults
[6.109,0] Palette.InitGL: x,y=0,0 w,h=1920,1080
[6.109,0] PaletteHost::SetOscPort: PaletteDaemon is listening on port=3336
[6.670,0] Palette: config=C:\Users\tjt\AppData\Local\Palette\config\ffgl.json
[6.671,0] No config file (C:\Users\tjt\AppData\Local\Palette\config\ffgl.json), assuming defaults
[6.676,0] Palette.InitGL: x,y=0,0 w,h=1920,1080
[6.677,0] PaletteHost::SetOscPort: PaletteDaemon is listening on port=3335
[7.304,0] Palette: config=C:\Users\tjt\AppData\Local\Palette\config\ffgl.json
[7.307,0] No config file (C:\Users\tjt\AppData\Local\Palette\config\ffgl.json), assuming defaults
[7.312,0] Palette.InitGL: x,y=0,0 w,h=1920,1080
[7.313,0] PaletteHost::SetOscPort: PaletteDaemon is listening on port=3334
[46.985,0] OSC processing taking too long, Check returning early, cnt=1  tm0=144490445 now=144501359
[46.985,0] NosuchOscUdpInput.Check: quiting early, too many packets (20)
[73.076,0] PaletteHost::SetOscPort: deleting old _daemon
[73.079,0] PaletteHost::SetOscPort: PaletteDaemon is listening on port=3334
[73.079,0] Palette: host=127.0.0.1 port=3334 is already in use.
[0.000,0] Palette: log=C:\Users\tjt\go\src\github.com\vizicist\palette\default\logs\ffgl.log
[0.001,0] Palette: config=C:\Users\tjt\AppData\Local\Palette\config\ffgl.json
[0.002,0] No config file (C:\Users\tjt\AppData\Local\Palette\config\ffgl.json), assuming defaults
[0.055,0] Palette: config=C:\Users\tjt\AppData\Local\Palette\config\ffgl.json
[0.056,0] No config file (C:\Users\tjt\AppData\Local\Palette\config\ffgl.json), assuming defaults
[12.659,0] Palette: config=C:\Users\tjt\AppData\Local\Palette\config\ffgl.json
[12.659,0] No config file (C:\Users\tjt\AppData\Local\Palette\config\ffgl.json), assuming defaults
[12.665,0] Palette: config=C:\Users\tjt\AppData\Local\Palette\config\ffgl.json
[12.666,0] No config file (C:\Users\tjt\AppData\Local\Palette\config\ffgl.json), assuming defaults
[12.672,0] Palette.InitGL: x,y=0,0 w,h=1920,1080
[12.673,0] PaletteHost::SetOscPort: PaletteDaemon is listening on port=3336
[22.430,0] PaletteHost::SetOscPort: deleting old _daemon
[22.432,0] PaletteHost::SetOscPort: PaletteDaemon is listening on port=3335
[24.017,0] Palette: config=C:\Users\tjt\AppData\Local\Palette\config\ffgl.json
[24.018,0] No config file (C:\Users\tjt\AppData\Local\Palette\config\ffgl.json), assuming defaults
[24.023,0] Palette.InitGL: x,y=0,0 w,h=1920,1080
[24.024,0] PaletteHost::SetOscPort: PaletteDaemon is listening on port=3335
[24.024,0] Palette: host=127.0.0.1 port=3335 is already in use.
[28.580,0] PaletteHost::SetOscPort: PaletteDaemon is listening on port=3336
[0.000,0] Palette: log=C:\Users\tjt\go\src\github.com\vizicist\palette\default\logs\ffgl.log
[0.001,0] Palette: config=C:\Users\tjt\AppData\Local\Palette\config\ffgl.json
[0.001,0] No config file (C:\Users\tjt\AppData\Local\Palette\config\ffgl.json), assuming defaults
[0.052,0] Palette: config=C:\Users\tjt\AppData\Local\Palette\config\ffgl.json
[0.054,0] No config file (C:\Users\tjt\AppData\Local\Palette\config\ffgl.json), assuming defaults
[4.068,0] Palette: config=C:\Users\tjt\AppData\Local\Palette\config\ffgl.json
[4.069,0] No config file (C:\Users\tjt\AppData\Local\Palette\config\ffgl.json), assuming defaults
[4.074,0] Palette: config=C:\Users\tjt\AppData\Local\Palette\config\ffgl.json
[4.075,0] No config file (C:\Users\tjt\AppData\Local\Palette\config\ffgl.json), assuming defaults
[4.081,0] Palette.InitGL: x,y=0,0 w,h=1920,1080
[4.081,0] PaletteHost::SetOscPort: PaletteDaemon is listening on port=3334
[5.236,0] Palette: config=C:\Users\tjt\AppData\Local\Palette\config\ffgl.json
[5.237,0] No config file (C:\Users\tjt\AppData\Local\Palette\config\ffgl.json), assuming defaults
[5.242,0] Palette.InitGL: x,y=0,0 w,h=1920,1080
[5.243,0] PaletteHost::SetOscPort: PaletteDaemon is listening on port=3335
[6.021,0] Palette: config=C:\Users\tjt\AppData\Local\Palette\config\ffgl.json
[6.022,0] No config file (C:\Users\tjt\AppData\Local\Palette\config\ffgl.json), assuming defaults
[6.026,0] Palette.InitGL: x,y=0,0 w,h=1920,1080
[6.027,0] PaletteHost::SetOscPort: PaletteDaemon is listening on port=3336
[6.656,0] Palette: config=C:\Users\tjt\AppData\Local\Palette\config\ffgl.json
[6.656,0] No config file (C:\Users\tjt\AppData\Local\Palette\config\ffgl.json), assuming defaults
[6.661,0] Palette.InitGL: x,y=0,0 w,h=1920,1080
[6.662,0] PaletteHost::SetOscPort: PaletteDaemon is listening on port=3337
[0.000,0] Palette: log=C:\Users\tjt\go\src\github.com\vizicist\palette\default\logs\ffgl.log
[0.000,0] Palette: config=C:\Users\tjt\AppData\Local\Palette\config\ffgl.json
[0.000,0] No config file (C:\Users\tjt\AppData\Local\Palette\config\ffgl.json), assuming defaults
[0.054,0] Palette: config=C:\Users\tjt\AppData\Local\Palette\config\ffgl.json
[0.054,0] No config file (C:\Users\tjt\AppData\Local\Palette\config\ffgl.json), assuming defaults
[8.345,0] Palette: config=C:\Users\tjt\AppData\Local\Palette\config\ffgl.json
[8.346,0] No config file (C:\Users\tjt\AppData\Local\Palette\config\ffgl.json), assuming defaults
[8.352,0] Palette: config=C:\Users\tjt\AppData\Local\Palette\config\ffgl.json
[8.352,0] No config file (C:\Users\tjt\AppData\Local\Palette\config\ffgl.json), assuming defaults
[8.358,0] Palette.InitGL: x,y=0,0 w,h=1920,1080
[8.360,0] PaletteHost::SetOscPort: PaletteDaemon is listening on port=3334
[0.000,0] Palette: log=C:\Users\tjt\go\src\github.com\vizicist\palette\default\logs\ffgl.log
[0.001,0] Palette: config=C:\Users\tjt\AppData\Local\Palette\config\ffgl.json
[0.001,0] No config file (C:\Users\tjt\AppData\Local\Palette\config\ffgl.json), assuming defaults
[0.052,0] Palette: config=C:\Users\tjt\AppData\Local\Palette\config\ffgl.json
[0.052,0] No config file (C:\Users\tjt\AppData\Local\Palette\config\ffgl.json), assuming defaults
[4.131,0] Palette: config=C:\Users\tjt\AppData\Local\Palette\config\ffgl.json
[4.131,0] No config file (C:\Users\tjt\AppData\Local\Palette\config\ffgl.json), assuming defaults
[4.137,0] Palette: config=C:\Users\tjt\AppData\Local\Palette\config\ffgl.json
[4.137,0] No config file (C:\Users\tjt\AppData\Local\Palette\config\ffgl.json), assuming defaults
[4.144,0] Palette.InitGL: x,y=0,0 w,h=1920,1080
[4.145,0] PaletteHost::SetOscPort: PaletteDaemon is listening on port=3334
[16.141,0] Palette: config=C:\Users\tjt\AppData\Local\Palette\config\ffgl.json
[16.141,0] No config file (C:\Users\tjt\AppData\Local\Palette\config\ffgl.json), assuming defaults
[16.147,0] Palette: config=C:\Users\tjt\AppData\Local\Palette\config\ffgl.json
[16.147,0] No config file (C:\Users\tjt\AppData\Local\Palette\config\ffgl.json), assuming defaults
[16.153,0] Palette.InitGL: x,y=0,0 w,h=1920,1080
[16.153,0] PaletteHost::SetOscPort: PaletteDaemon is listening on port=3334
[16.224,0] Palette: config=C:\Users\tjt\AppData\Local\Palette\config\ffgl.json
[16.225,0] No config file (C:\Users\tjt\AppData\Local\Palette\config\ffgl.json), assuming defaults
[16.230,0] Palette.InitGL: x,y=0,0 w,h=1920,1080
[16.230,0] PaletteHost::SetOscPort: PaletteDaemon is listening on port=3335
[16.308,0] Palette: config=C:\Users\tjt\AppData\Local\Palette\config\ffgl.json
[16.309,0] No config file (C:\Users\tjt\AppData\Local\Palette\config\ffgl.json), assuming defaults
[16.313,0] Palette.InitGL: x,y=0,0 w,h=1920,1080
[16.314,0] PaletteHost::SetOscPort: PaletteDaemon is listening on port=3336
[16.391,0] Palette: config=C:\Users\tjt\AppData\Local\Palette\config\ffgl.json
[16.392,0] No config file (C:\Users\tjt\AppData\Local\Palette\config\ffgl.json), assuming defaults
[16.397,0] Palette.InitGL: x,y=0,0 w,h=1920,1080
[16.398,0] PaletteHost::SetOscPort: PaletteDaemon is listening on port=3337
